[2025-11-27 12:44:14] [DEBUG] [COLLECTIONS_LIST] Client-side filtering applied{"searchQuery":"","statusFilter":"all","beforeFilter":515,"afterFilter":515}
[2025-11-27 12:44:14] [DEBUG] [COLLECTIONS_LIST] Client-side filtering applied{"searchQuery":"","statusFilter":"all","beforeFilter":515,"afterFilter":515}
[2025-11-27 12:44:28] [DEBUG] [COLLECTIONS_LIST] Client-side filtering applied{"searchQuery":"","statusFilter":"all","beforeFilter":515,"afterFilter":515}
[2025-11-27 12:44:28] [DEBUG] [COLLECTIONS_LIST] Client-side filtering applied{"searchQuery":"","statusFilter":"all","beforeFilter":515,"afterFilter":515}
[2025-11-27 12:44:30] [DEBUG] [COLLECTIONS_LIST] Client-side filtering applied{"searchQuery":"","statusFilter":"all","beforeFilter":515,"afterFilter":515}
[2025-11-27 12:44:30] [DEBUG] [COLLECTIONS_LIST] Client-side filtering applied{"searchQuery":"","statusFilter":"all","beforeFilter":515,"afterFilter":515}
[2025-11-27 12:44:31] [DEBUG] [COLLECTIONS_LIST] Client-side filtering applied{"searchQuery":"","statusFilter":"all","beforeFilter":515,"afterFilter":515}
[2025-11-27 12:44:31] [DEBUG] [COLLECTIONS_LIST] Client-side filtering applied{"searchQuery":"","statusFilter":"all","beforeFilter":515,"afterFilter":515}
[2025-11-27 12:44:32] [DEBUG] [COLLECTIONS_LIST] Client-side filtering applied{"searchQuery":"","statusFilter":"all","beforeFilter":515,"afterFilter":515}
[2025-11-27 12:44:32] [DEBUG] [COLLECTIONS_LIST] Client-side filtering applied{"searchQuery":"","statusFilter":"all","beforeFilter":515,"afterFilter":515}
[2025-11-27 12:47:56] [DEBUG] [COLLECTIONS_LIST] Client-side filtering applied{"searchQuery":"","statusFilter":"all","beforeFilter":515,"afterFilter":515}
[2025-11-27 12:47:56] [DEBUG] [COLLECTIONS_LIST] Client-side filtering applied{"searchQuery":"","statusFilter":"all","beforeFilter":515,"afterFilter":515}
[2025-11-27 12:47:57] [DEBUG] [COLLECTIONS_LIST] Client-side filtering applied{"searchQuery":"","statusFilter":"all","beforeFilter":515,"afterFilter":515}
[2025-11-27 12:47:57] [DEBUG] [COLLECTIONS_LIST] Client-side filtering applied{"searchQuery":"","statusFilter":"all","beforeFilter":515,"afterFilter":515}
[2025-11-27 12:48:11] [DEBUG] [COLLECTIONS_LIST] Client-side filtering applied{"searchQuery":"","statusFilter":"all","beforeFilter":515,"afterFilter":515}
[2025-11-27 12:48:11] [DEBUG] [COLLECTIONS_LIST] Client-side filtering applied{"searchQuery":"","statusFilter":"all","beforeFilter":515,"afterFilter":515}
[2025-11-27 12:48:12] [DEBUG] [COLLECTIONS_LIST] Client-side filtering applied{"searchQuery":"","statusFilter":"all","beforeFilter":515,"afterFilter":515}
[2025-11-27 12:48:12] [DEBUG] [COLLECTIONS_LIST] Client-side filtering applied{"searchQuery":"","statusFilter":"all","beforeFilter":515,"afterFilter":515}
[2025-11-27 12:48:56] [DEBUG] TopNavbar item hover{"item":"Dashboard","currentPath":"/app","timestamp":"2025-11-27T07:18:56.683Z"}
[2025-11-27 12:49:01] [DEBUG] TopNavbar item hover{"item":"Dashboard","currentPath":"/app","timestamp":"2025-11-27T07:19:01.085Z"}
[2025-11-27 12:49:01] [DEBUG] [COLLECTIONS_LIST] Client-side filtering applied{"searchQuery":"","statusFilter":"all","beforeFilter":515,"afterFilter":515}
[2025-11-27 12:49:01] [DEBUG] [COLLECTIONS_LIST] Client-side filtering applied{"searchQuery":"","statusFilter":"all","beforeFilter":515,"afterFilter":515}
[2025-11-27 12:49:02] [DEBUG] [COLLECTIONS_LIST] Client-side filtering applied{"searchQuery":"","statusFilter":"all","beforeFilter":515,"afterFilter":515}
[2025-11-27 12:49:02] [DEBUG] [COLLECTIONS_LIST] Client-side filtering applied{"searchQuery":"","statusFilter":"all","beforeFilter":515,"afterFilter":515}
[2025-11-27 12:49:05] [DEBUG] [COLLECTIONS_LIST] Client-side filtering applied{"searchQuery":"","statusFilter":"all","beforeFilter":515,"afterFilter":515}
[2025-11-27 12:49:05] [DEBUG] [COLLECTIONS_LIST] Client-side filtering applied{"searchQuery":"","statusFilter":"all","beforeFilter":515,"afterFilter":515}
[2025-11-27 12:49:39] [DEBUG] TopNavbar item hover{"item":"Dashboard","currentPath":"/app","timestamp":"2025-11-27T07:19:39.136Z"}
[2025-11-27 12:49:47] [DEBUG] TopNavbar item hover{"item":"Dashboard","currentPath":"/app/collection-sorting/302621327419","timestamp":"2025-11-27T07:19:47.210Z"}
[2025-11-27 12:49:59] [DEBUG] [COLLECTIONS_LIST] Client-side filtering applied{"searchQuery":"","statusFilter":"all","beforeFilter":515,"afterFilter":515}
[2025-11-27 12:49:59] [DEBUG] [COLLECTIONS_LIST] Client-side filtering applied{"searchQuery":"","statusFilter":"all","beforeFilter":515,"afterFilter":515}
[2025-11-27 12:51:24] [DEBUG] TopNavbar item hover{"item":"Tags & Collection Manager","currentPath":"/app/manage-tags/302621327419","timestamp":"2025-11-27T07:21:24.000Z"}
[2025-11-27 14:51:33] [DEBUG] [COLLECTIONS_LIST] Client-side filtering applied {"searchQuery":"","statusFilter":"all","beforeFilter":515,"afterFilter":515}
[2025-11-27 14:51:33] [DEBUG] [COLLECTIONS_LIST] Client-side filtering applied {"searchQuery":"","statusFilter":"all","beforeFilter":515,"afterFilter":515}
[2025-11-27 14:52:24] [DEBUG] TopNavbar item hover {"item":"Dashboard","currentPath":"/app","timestamp":"2025-11-27T09:22:24.888Z"}
[2025-11-27 16:06:25] [DEBUG] [COLLECTIONS_LIST] Client-side filtering applied{"searchQuery":"","statusFilter":"all","beforeFilter":515,"afterFilter":515}
[2025-11-27 16:06:25] [DEBUG] [COLLECTIONS_LIST] Client-side filtering applied{"searchQuery":"","statusFilter":"all","beforeFilter":515,"afterFilter":515}
[2025-11-27 16:08:40] [DEBUG] TopNavbar item hover{"item":"Dashboard","currentPath":"/app","timestamp":"2025-11-27T10:38:40.471Z"}
[2025-11-27 16:09:27] [DEBUG] TopNavbar item hover{"item":"Dashboard","currentPath":"/app","timestamp":"2025-11-27T10:39:27.428Z"}
[2025-11-27 16:09:29] [DEBUG] [COLLECTIONS_LIST] Client-side filtering applied{"searchQuery":"","statusFilter":"all","beforeFilter":515,"afterFilter":515}
[2025-11-27 16:09:29] [DEBUG] [COLLECTIONS_LIST] Client-side filtering applied{"searchQuery":"","statusFilter":"all","beforeFilter":515,"afterFilter":515}
[2025-11-27 16:31:02] [DEBUG] [COLLECTIONS_LIST] Client-side filtering applied{"searchQuery":"","statusFilter":"all","beforeFilter":515,"afterFilter":515}
[2025-11-27 16:31:02] [DEBUG] [COLLECTIONS_LIST] Client-side filtering applied{"searchQuery":"","statusFilter":"all","beforeFilter":515,"afterFilter":515}
[2025-11-27 16:31:50] [DEBUG] [COLLECTIONS_LIST] Client-side filtering applied{"searchQuery":"","statusFilter":"all","beforeFilter":515,"afterFilter":515}
[2025-11-27 16:31:50] [DEBUG] [COLLECTIONS_LIST] Client-side filtering applied{"searchQuery":"","statusFilter":"all","beforeFilter":515,"afterFilter":515}
[2025-11-27 16:32:45] [DEBUG] TopNavbar item hover{"item":"Tags & Collection Manager","currentPath":"/app","timestamp":"2025-11-27T11:02:45.065Z"}
[2025-11-27 16:33:00] [DEBUG] [COLLECTIONS_LIST] Client-side filtering applied{"searchQuery":"ba","statusFilter":"all","beforeFilter":515,"afterFilter":32}
[2025-11-27 16:33:00] [DEBUG] [COLLECTIONS_LIST] Client-side filtering applied{"searchQuery":"ban","statusFilter":"all","beforeFilter":515,"afterFilter":3}
[2025-11-27 16:33:00] [DEBUG] [COLLECTIONS_LIST] Client-side filtering applied{"searchQuery":"b","statusFilter":"all","beforeFilter":515,"afterFilter":102}
[2025-11-27 16:33:00] [DEBUG] [COLLECTIONS_LIST] Client-side filtering applied{"searchQuery":"ba","statusFilter":"all","beforeFilter":515,"afterFilter":32}
[2025-11-27 16:33:00] [DEBUG] [COLLECTIONS_LIST] Client-side filtering applied{"searchQuery":"b","statusFilter":"all","beforeFilter":515,"afterFilter":102}
[2025-11-27 16:33:00] [DEBUG] [COLLECTIONS_LIST] Search suggestions generated{"query":"ban","suggestionsCount":3}
[2025-11-27 16:33:00] [DEBUG] [COLLECTIONS_LIST] Client-side filtering applied{"searchQuery":"ban","statusFilter":"all","beforeFilter":515,"afterFilter":3}
[2025-11-27 16:33:00] [DEBUG] [COLLECTIONS_LIST] Client-side filtering applied{"searchQuery":"bang","statusFilter":"all","beforeFilter":515,"afterFilter":1}
[2025-11-27 16:33:00] [DEBUG] [COLLECTIONS_LIST] Client-side filtering applied{"searchQuery":"bang","statusFilter":"all","beforeFilter":515,"afterFilter":1}
[2025-11-27 16:33:00] [DEBUG] [COLLECTIONS_LIST] Search suggestions generated{"query":"bang","suggestionsCount":1}
[2025-11-27 16:33:02] [DEBUG] [COLLECTIONS_LIST] Client-side filtering applied{"searchQuery":"Bangles","statusFilter":"all","beforeFilter":515,"afterFilter":1}
[2025-11-27 16:33:02] [DEBUG] [COLLECTIONS_LIST] Client-side filtering applied{"searchQuery":"Bangles","statusFilter":"all","beforeFilter":515,"afterFilter":1}
[2025-11-27 16:33:02] [DEBUG] [COLLECTIONS_LIST] Search suggestions generated{"query":"bangles","suggestionsCount":1}
[2025-11-27 16:33:03] [DEBUG] [COLLECTIONS_LIST] Client-side filtering applied{"searchQuery":"Bangles","statusFilter":"all","beforeFilter":1,"afterFilter":1}
[2025-11-27 16:33:03] [DEBUG] [COLLECTIONS_LIST] Client-side filtering applied{"searchQuery":"Bangles","statusFilter":"all","beforeFilter":1,"afterFilter":1}
[2025-11-27 16:33:03] [DEBUG] [COLLECTIONS_LIST] Search suggestions generated{"query":"bangles","suggestionsCount":1}
[2025-11-27 16:33:05] [DEBUG] [COLLECTIONS_LIST] Client-side filtering applied{"searchQuery":"Bangles","statusFilter":"all","beforeFilter":1,"afterFilter":1}
[2025-11-27 16:33:05] [DEBUG] [COLLECTIONS_LIST] Client-side filtering applied{"searchQuery":"Bangles","statusFilter":"all","beforeFilter":1,"afterFilter":1}
[2025-11-27 16:33:05] [DEBUG] [COLLECTIONS_LIST] Search suggestions generated{"query":"bangles","suggestionsCount":1}
[2025-11-27 16:33:10] [DEBUG] Toggling popover for collection{"collection":"Bangles","from":false,"to":true}
[2025-11-27 16:33:21] [DEBUG] TopNavbar item hover{"item":"Dashboard","currentPath":"/app/featured-products/303184085051","timestamp":"2025-11-27T11:03:21.217Z"}
[2025-11-27 16:33:26] [DEBUG] TopNavbar item hover{"item":"Dashboard","currentPath":"/app/featured-products/303184085051","timestamp":"2025-11-27T11:03:26.936Z"}
[2025-11-27 16:34:47] [DEBUG] TopNavbar item hover{"item":"Tags & Collection Manager","currentPath":"/app/featured-products/303184085051","timestamp":"2025-11-27T11:04:47.820Z"}
[2025-11-27 16:35:37] [DEBUG] TopNavbar item hover{"item":"Dashboard","currentPath":"/app/featured-products/303184085051","timestamp":"2025-11-27T11:05:37.777Z"}
[2025-11-27 16:36:01] [DEBUG] TopNavbar item hover{"item":"Dashboard","currentPath":"/app/featured-products/303184085051","timestamp":"2025-11-27T11:06:01.354Z"}
[2025-11-27 16:36:06] [DEBUG] [COLLECTIONS_LIST] Client-side filtering applied{"searchQuery":"","statusFilter":"all","beforeFilter":515,"afterFilter":515}
[2025-11-27 16:36:06] [DEBUG] [COLLECTIONS_LIST] Client-side filtering applied{"searchQuery":"","statusFilter":"all","beforeFilter":515,"afterFilter":515}
[2025-11-27 16:36:58] [DEBUG] TopNavbar item hover{"item":"Dashboard","currentPath":"/app","timestamp":"2025-11-27T11:06:58.802Z"}
[2025-11-27 16:36:59] [DEBUG] TopNavbar item hover{"item":"Dashboard","currentPath":"/app","timestamp":"2025-11-27T11:06:59.692Z"}
[2025-11-27 16:37:02] [DEBUG] TopNavbar item hover{"item":"Tags & Collection Manager","currentPath":"/app","timestamp":"2025-11-27T11:07:02.248Z"}
[2025-11-27 16:37:10] [DEBUG] [COLLECTIONS_LIST] Client-side filtering applied{"searchQuery":"b","statusFilter":"all","beforeFilter":515,"afterFilter":102}
[2025-11-27 16:37:10] [DEBUG] [COLLECTIONS_LIST] Client-side filtering applied{"searchQuery":"b","statusFilter":"all","beforeFilter":515,"afterFilter":102}
[2025-11-27 16:37:10] [DEBUG] [COLLECTIONS_LIST] Client-side filtering applied{"searchQuery":"ba","statusFilter":"all","beforeFilter":515,"afterFilter":32}
[2025-11-27 16:37:10] [DEBUG] [COLLECTIONS_LIST] Client-side filtering applied{"searchQuery":"ba","statusFilter":"all","beforeFilter":515,"afterFilter":32}
[2025-11-27 16:37:11] [DEBUG] [COLLECTIONS_LIST] Search suggestions generated{"query":"ba","suggestionsCount":8}
[2025-11-27 16:37:12] [DEBUG] [COLLECTIONS_LIST] Client-side filtering applied{"searchQuery":"ban","statusFilter":"all","beforeFilter":515,"afterFilter":3}
[2025-11-27 16:37:12] [DEBUG] [COLLECTIONS_LIST] Client-side filtering applied{"searchQuery":"ban","statusFilter":"all","beforeFilter":515,"afterFilter":3}
[2025-11-27 16:37:12] [DEBUG] [COLLECTIONS_LIST] Search suggestions generated{"query":"ban","suggestionsCount":3}
[2025-11-27 16:37:14] [DEBUG] [COLLECTIONS_LIST] Client-side filtering applied{"searchQuery":"Bangles","statusFilter":"all","beforeFilter":515,"afterFilter":1}
[2025-11-27 16:37:14] [DEBUG] [COLLECTIONS_LIST] Client-side filtering applied{"searchQuery":"Bangles","statusFilter":"all","beforeFilter":515,"afterFilter":1}
[2025-11-27 16:37:14] [DEBUG] [COLLECTIONS_LIST] Search suggestions generated{"query":"bangles","suggestionsCount":1}
[2025-11-27 16:37:15] [DEBUG] [COLLECTIONS_LIST] Search suggestions generated{"query":"bangles","suggestionsCount":1}
[2025-11-27 16:37:15] [DEBUG] [COLLECTIONS_LIST] Client-side filtering applied{"searchQuery":"Bangles","statusFilter":"all","beforeFilter":1,"afterFilter":1}
[2025-11-27 16:37:15] [DEBUG] [COLLECTIONS_LIST] Client-side filtering applied{"searchQuery":"Bangles","statusFilter":"all","beforeFilter":1,"afterFilter":1}
[2025-11-27 16:37:17] [DEBUG] [COLLECTIONS_LIST] Client-side filtering applied{"searchQuery":"Bangles","statusFilter":"all","beforeFilter":1,"afterFilter":1}
[2025-11-27 16:37:17] [DEBUG] [COLLECTIONS_LIST] Client-side filtering applied{"searchQuery":"Bangles","statusFilter":"all","beforeFilter":1,"afterFilter":1}
[2025-11-27 16:37:17] [DEBUG] [COLLECTIONS_LIST] Search suggestions generated{"query":"bangles","suggestionsCount":1}
[2025-11-27 16:37:31] [DEBUG] Toggling popover for collection{"collection":"Bangles","from":false,"to":true}
[2025-11-27 16:37:54] [DEBUG] TopNavbar item hover{"item":"Dashboard","currentPath":"/app/collection-sorting/303184085051","timestamp":"2025-11-27T11:07:54.654Z"}
[2025-11-27 16:38:15] [DEBUG] [COLLECTIONS_LIST] Client-side filtering applied{"searchQuery":"","statusFilter":"all","beforeFilter":1,"afterFilter":1}
[2025-11-27 16:38:15] [DEBUG] [COLLECTIONS_LIST] Client-side filtering applied{"searchQuery":"","statusFilter":"all","beforeFilter":1,"afterFilter":1}
[2025-11-27 16:38:15] [DEBUG] [COLLECTIONS_LIST] Client-side filtering applied{"searchQuery":"Bangles","statusFilter":"all","beforeFilter":1,"afterFilter":1}
[2025-11-27 16:38:15] [DEBUG] [COLLECTIONS_LIST] Client-side filtering applied{"searchQuery":"Bangles","statusFilter":"all","beforeFilter":1,"afterFilter":1}
[2025-11-27 16:38:15] [DEBUG] [COLLECTIONS_LIST] Search suggestions generated{"query":"bangles","suggestionsCount":1}
[2025-11-27 16:38:19] [DEBUG] [COLLECTIONS_LIST] Client-side filtering applied{"searchQuery":"Bangles","statusFilter":"all","beforeFilter":1,"afterFilter":1}
[2025-11-27 16:38:19] [DEBUG] [COLLECTIONS_LIST] Client-side filtering applied{"searchQuery":"Bangles","statusFilter":"all","beforeFilter":1,"afterFilter":1}
[2025-11-27 16:38:20] [DEBUG] [COLLECTIONS_LIST] Search suggestions generated{"query":"bangles","suggestionsCount":1}
[2025-11-27 16:38:20] [DEBUG] Toggling popover for collection{"collection":"Bangles","from":false,"to":true}
[2025-11-27 16:38:44] [DEBUG] TopNavbar item hover{"item":"Tags & Collection Manager","currentPath":"/app/manage-tags/303184085051","timestamp":"2025-11-27T11:08:44.740Z"}
[2025-11-27 16:38:44] [DEBUG] TopNavbar item hover{"item":"Tags & Collection Manager","currentPath":"/app/manage-tags/303184085051","timestamp":"2025-11-27T11:08:44.903Z"}
[2025-11-27 16:39:14] [DEBUG] TopNavbar item hover{"item":"Statistics","currentPath":"/app/manage-tags/303184085051","timestamp":"2025-11-27T11:09:14.140Z"}
[2025-11-27 16:39:23] [DEBUG] TopNavbar item hover{"item":"Dashboard","currentPath":"/app/manage-tags/303184085051","timestamp":"2025-11-27T11:09:23.692Z"}
[2025-11-27 16:43:03] [DEBUG] TopNavbar item hover{"item":"Statistics","currentPath":"/app/manage-tags/303184085051","timestamp":"2025-11-27T11:13:03.756Z"}
[2025-11-27 16:43:04] [DEBUG] TopNavbar item hover{"item":"Statistics","currentPath":"/app/manage-tags/303184085051","timestamp":"2025-11-27T11:13:04.039Z"}
[2025-11-27 16:43:09] [DEBUG] TopNavbar item hover{"item":"Tags & Collection Manager","currentPath":"/app/manage-tags/303184085051","timestamp":"2025-11-27T11:13:09.122Z"}
[2025-11-27 16:43:36] [DEBUG] TopNavbar item hover{"item":"Tags & Collection Manager","currentPath":"/app/manage-tags/303184085051","timestamp":"2025-11-27T11:13:36.467Z"}
[2025-11-27 16:44:15] [DEBUG] TopNavbar item hover{"item":"Dashboard","currentPath":"/app/manage-tags/303184085051","timestamp":"2025-11-27T11:14:15.425Z"}
[2025-11-27 16:44:15] [DEBUG] TopNavbar item hover{"item":"Dashboard","currentPath":"/app/manage-tags/303184085051","timestamp":"2025-11-27T11:14:15.722Z"}
[2025-11-27 16:45:13] [DEBUG] [COLLECTIONS_LIST] Client-side filtering applied{"searchQuery":"","statusFilter":"all","beforeFilter":515,"afterFilter":515}
[2025-11-27 16:45:13] [DEBUG] [COLLECTIONS_LIST] Client-side filtering applied{"searchQuery":"","statusFilter":"all","beforeFilter":515,"afterFilter":515}
[2025-11-27 16:48:22] [DEBUG] [COLLECTIONS_LIST] Client-side filtering applied{"searchQuery":"ba","statusFilter":"all","beforeFilter":515,"afterFilter":32}
[2025-11-27 16:48:22] [DEBUG] [COLLECTIONS_LIST] Client-side filtering applied{"searchQuery":"b","statusFilter":"all","beforeFilter":515,"afterFilter":102}
[2025-11-27 16:48:23] [DEBUG] [COLLECTIONS_LIST] Search suggestions generated{"query":"ba","suggestionsCount":8}
[2025-11-27 16:48:22] [DEBUG] [COLLECTIONS_LIST] Client-side filtering applied{"searchQuery":"ba","statusFilter":"all","beforeFilter":515,"afterFilter":32}
[2025-11-27 16:48:22] [DEBUG] [COLLECTIONS_LIST] Client-side filtering applied{"searchQuery":"b","statusFilter":"all","beforeFilter":515,"afterFilter":102}
[2025-11-27 16:48:24] [DEBUG] [COLLECTIONS_LIST] Client-side filtering applied{"searchQuery":"ban","statusFilter":"all","beforeFilter":515,"afterFilter":3}
[2025-11-27 16:48:24] [DEBUG] [COLLECTIONS_LIST] Client-side filtering applied{"searchQuery":"ban","statusFilter":"all","beforeFilter":515,"afterFilter":3}
[2025-11-27 16:48:24] [DEBUG] [COLLECTIONS_LIST] Search suggestions generated{"query":"ban","suggestionsCount":3}
[2025-11-27 16:48:25] [DEBUG] [COLLECTIONS_LIST] Client-side filtering applied{"searchQuery":"Bangles","statusFilter":"all","beforeFilter":515,"afterFilter":1}
[2025-11-27 16:48:25] [DEBUG] [COLLECTIONS_LIST] Client-side filtering applied{"searchQuery":"Bangles","statusFilter":"all","beforeFilter":515,"afterFilter":1}
[2025-11-27 16:48:25] [DEBUG] [COLLECTIONS_LIST] Search suggestions generated{"query":"bangles","suggestionsCount":1}
[2025-11-27 16:48:26] [DEBUG] [COLLECTIONS_LIST] Client-side filtering applied{"searchQuery":"Bangles","statusFilter":"all","beforeFilter":1,"afterFilter":1}
[2025-11-27 16:48:26] [DEBUG] [COLLECTIONS_LIST] Client-side filtering applied{"searchQuery":"Bangles","statusFilter":"all","beforeFilter":1,"afterFilter":1}
[2025-11-27 16:48:26] [DEBUG] [COLLECTIONS_LIST] Search suggestions generated{"query":"bangles","suggestionsCount":1}
[2025-11-27 16:48:27] [DEBUG] Toggling popover for collection{"collection":"Bangles","from":false,"to":true}
[2025-11-27 16:48:30] [DEBUG] TopNavbar item hover{"item":"Tags & Collection Manager","currentPath":"/app/collection-sorting/303184085051","timestamp":"2025-11-27T11:18:30.225Z"}
[2025-11-27 16:48:31] [DEBUG] TopNavbar item hover{"item":"Tags & Collection Manager","currentPath":"/app/collection-sorting/303184085051","timestamp":"2025-11-27T11:18:31.093Z"}
[2025-11-27 16:49:56] [DEBUG] TopNavbar item hover{"item":"Tags & Collection Manager","currentPath":"/app/collection-sorting/303184085051","timestamp":"2025-11-27T11:19:56.608Z"}
[2025-11-27 17:23:45] [DEBUG] TopNavbar item hover{"item":"Tags & Collection Manager","currentPath":"/app/collection-sorting/303184085051","timestamp":"2025-11-27T11:53:45.013Z"}
[2025-11-27 17:23:47] [DEBUG] TopNavbar item hover{"item":"Statistics","currentPath":"/app/collection-sorting/303184085051","timestamp":"2025-11-27T11:53:47.877Z"}
[2025-11-27 17:23:48] [DEBUG] TopNavbar menu toggled{"menu":"Statistics","action":"opened","currentPath":"/app/collection-sorting/303184085051","timestamp":"2025-11-27T11:53:48.297Z"}
[2025-11-27 17:23:49] [DEBUG] TopNavbar popover closed{"menu":"Statistics","timestamp":"2025-11-27T11:53:49.301Z"}
[2025-11-27 17:37:54] [DEBUG] [COLLECTIONS_LIST] Client-side filtering applied{"searchQuery":"","statusFilter":"all","beforeFilter":515,"afterFilter":515}
[2025-11-27 17:37:54] [DEBUG] [COLLECTIONS_LIST] Client-side filtering applied{"searchQuery":"","statusFilter":"all","beforeFilter":515,"afterFilter":515}
[2025-11-27 17:39:07] [DEBUG] TopNavbar item hover{"item":"Tags & Collection Manager","currentPath":"/app","timestamp":"2025-11-27T12:09:07.125Z"}
[2025-11-27 17:39:10] [DEBUG] [COLLECTIONS_LIST] Client-side filtering applied{"searchQuery":"b","statusFilter":"all","beforeFilter":515,"afterFilter":102}
[2025-11-27 17:39:10] [DEBUG] [COLLECTIONS_LIST] Client-side filtering applied{"searchQuery":"b","statusFilter":"all","beforeFilter":515,"afterFilter":102}
[2025-11-27 17:39:10] [DEBUG] [COLLECTIONS_LIST] Client-side filtering applied{"searchQuery":"ba","statusFilter":"all","beforeFilter":515,"afterFilter":32}
[2025-11-27 17:39:10] [DEBUG] [COLLECTIONS_LIST] Client-side filtering applied{"searchQuery":"ba","statusFilter":"all","beforeFilter":515,"afterFilter":32}
[2025-11-27 17:39:10] [DEBUG] [COLLECTIONS_LIST] Search suggestions generated{"query":"ba","suggestionsCount":8}
[2025-11-27 17:39:11] [DEBUG] [COLLECTIONS_LIST] Client-side filtering applied{"searchQuery":"ban","statusFilter":"all","beforeFilter":515,"afterFilter":3}
[2025-11-27 17:39:11] [DEBUG] [COLLECTIONS_LIST] Client-side filtering applied{"searchQuery":"ban","statusFilter":"all","beforeFilter":515,"afterFilter":3}
[2025-11-27 17:39:11] [DEBUG] [COLLECTIONS_LIST] Search suggestions generated{"query":"ban","suggestionsCount":3}
[2025-11-27 17:39:12] [DEBUG] [COLLECTIONS_LIST] Search suggestions generated{"query":"bangles","suggestionsCount":1}
[2025-11-27 17:39:12] [DEBUG] [COLLECTIONS_LIST] Client-side filtering applied{"searchQuery":"Bangles","statusFilter":"all","beforeFilter":515,"afterFilter":1}
[2025-11-27 17:39:12] [DEBUG] [COLLECTIONS_LIST] Client-side filtering applied{"searchQuery":"Bangles","statusFilter":"all","beforeFilter":515,"afterFilter":1}
[2025-11-27 17:39:13] [DEBUG] [COLLECTIONS_LIST] Search suggestions generated{"query":"bangles","suggestionsCount":1}
[2025-11-27 17:39:13] [DEBUG] [COLLECTIONS_LIST] Client-side filtering applied{"searchQuery":"Bangles","statusFilter":"all","beforeFilter":1,"afterFilter":1}
[2025-11-27 17:39:13] [DEBUG] [COLLECTIONS_LIST] Client-side filtering applied{"searchQuery":"Bangles","statusFilter":"all","beforeFilter":1,"afterFilter":1}
[2025-11-27 17:39:16] [DEBUG] [COLLECTIONS_LIST] Client-side filtering applied{"searchQuery":"Bangles","statusFilter":"all","beforeFilter":1,"afterFilter":1}
[2025-11-27 17:39:16] [DEBUG] [COLLECTIONS_LIST] Client-side filtering applied{"searchQuery":"Bangles","statusFilter":"all","beforeFilter":1,"afterFilter":1}
[2025-11-27 17:39:16] [DEBUG] [COLLECTIONS_LIST] Search suggestions generated{"query":"bangles","suggestionsCount":1}
[2025-11-27 17:39:17] [DEBUG] Toggling popover for collection{"collection":"Bangles","from":false,"to":true}
[2025-11-27 17:45:41] [DEBUG] [COLLECTIONS_LIST] Client-side filtering applied{"searchQuery":"","statusFilter":"all","beforeFilter":515,"afterFilter":515}
[2025-11-27 17:45:41] [DEBUG] [COLLECTIONS_LIST] Client-side filtering applied{"searchQuery":"","statusFilter":"all","beforeFilter":515,"afterFilter":515}
[2025-11-27 17:45:55] [DEBUG] Toggling popover for collection{"collection":"Accessories - Modern","from":false,"to":true}
[2025-11-27 17:56:57] [DEBUG] TopNavbar item hover{"item":"Dashboard","currentPath":"/app/collection-sorting/302621327419","timestamp":"2025-11-27T12:26:57.441Z"}
[2025-11-27 18:00:52] [DEBUG] [COLLECTIONS_LIST] Client-side filtering applied{"searchQuery":"","statusFilter":"all","beforeFilter":515,"afterFilter":515}
[2025-11-27 18:00:52] [DEBUG] [COLLECTIONS_LIST] Client-side filtering applied{"searchQuery":"","statusFilter":"all","beforeFilter":515,"afterFilter":515}
[2025-11-27 18:01:03] [DEBUG] Toggling popover for collection{"collection":"Accessories - Modern","from":false,"to":true}
