[2025-12-04 09:14:04] [INFO] App component rendered{"apiKey":"set"}
[2025-12-04 09:14:04] [INFO] App component rendered{"apiKey":"set"}
[2025-12-04 09:14:04] [INFO] [COLLECTIONS_LIST] CollectionsListPageContent component mounted{"initialCollectionsCount":3}
[2025-12-04 09:14:04] [INFO] [COLLECTIONS_LIST] CollectionsListPageContent component mounted{"initialCollectionsCount":3}
[2025-12-04 09:14:04] [INFO] App component rendered{"apiKey":"set"}
[2025-12-04 09:14:04] [INFO] App component rendered{"apiKey":"set"}
[2025-12-04 09:17:33] [INFO] App component rendered{"apiKey":"set"}
[2025-12-04 09:17:33] [INFO] App component rendered{"apiKey":"set"}
[2025-12-04 09:17:33] [INFO] [COLLECTIONS_LIST] CollectionsListPageContent component mounted{"initialCollectionsCount":3}
[2025-12-04 09:17:33] [INFO] [COLLECTIONS_LIST] CollectionsListPageContent component mounted{"initialCollectionsCount":3}
[2025-12-04 09:17:34] [INFO] App component rendered{"apiKey":"set"}
[2025-12-04 09:17:34] [INFO] App component rendered{"apiKey":"set"}
[2025-12-04 09:51:47] [INFO] App component rendered{"apiKey":"set"}
[2025-12-04 09:51:47] [INFO] App component rendered{"apiKey":"set"}
[2025-12-04 09:51:48] [INFO] [COLLECTIONS_LIST] CollectionsListPageContent component mounted{"initialCollectionsCount":3}
[2025-12-04 09:51:48] [INFO] [COLLECTIONS_LIST] CollectionsListPageContent component mounted{"initialCollectionsCount":3}
[2025-12-04 09:51:48] [INFO] App component rendered{"apiKey":"set"}
[2025-12-04 09:51:48] [INFO] App component rendered{"apiKey":"set"}
[2025-12-04 09:51:51] [INFO] App component rendered{"apiKey":"set"}
[2025-12-04 09:51:51] [INFO] App component rendered{"apiKey":"set"}
[2025-12-04 09:51:51] [INFO] [COLLECTIONS_LIST] Navigate to Featured Products{"collectionId":"gid://shopify/Collection/303184085051","title":"Bangles"}
[2025-12-04 09:51:51] [INFO] App component rendered{"apiKey":"set"}
[2025-12-04 09:51:51] [INFO] App component rendered{"apiKey":"set"}
[2025-12-04 09:51:54] [INFO] App component rendered{"apiKey":"set"}
[2025-12-04 09:51:54] [INFO] App component rendered{"apiKey":"set"}
[2025-12-04 09:51:54] [INFO] App component rendered{"apiKey":"set"}
[2025-12-04 09:51:54] [INFO] App component rendered{"apiKey":"set"}
[2025-12-04 09:51:56] [INFO] App component rendered{"apiKey":"set"}
[2025-12-04 09:51:56] [INFO] App component rendered{"apiKey":"set"}
[2025-12-04 09:51:58] [INFO] App component rendered{"apiKey":"set"}
[2025-12-04 09:51:58] [INFO] App component rendered{"apiKey":"set"}
[2025-12-04 09:51:59] [INFO] App component rendered{"apiKey":"set"}
[2025-12-04 09:51:59] [INFO] App component rendered{"apiKey":"set"}
[2025-12-04 09:52:01] [INFO] App component rendered{"apiKey":"set"}
[2025-12-04 09:52:01] [INFO] App component rendered{"apiKey":"set"}
[2025-12-04 09:52:15] [INFO] App component rendered{"apiKey":"set"}
[2025-12-04 09:52:15] [INFO] App component rendered{"apiKey":"set"}
[2025-12-04 10:50:47] [INFO] App component rendered{"apiKey":"set"}
[2025-12-04 10:50:47] [INFO] App component rendered{"apiKey":"set"}
[2025-12-04 10:50:47] [INFO] App component rendered{"apiKey":"set"}
[2025-12-04 10:50:47] [INFO] App component rendered{"apiKey":"set"}
[2025-12-04 10:50:49] [INFO] App component rendered{"apiKey":"set"}
[2025-12-04 10:50:49] [INFO] App component rendered{"apiKey":"set"}
[2025-12-04 10:50:58] [INFO] App component rendered{"apiKey":"set"}
[2025-12-04 10:50:58] [INFO] App component rendered{"apiKey":"set"}
[2025-12-04 10:51:03] [INFO] App component rendered{"apiKey":"set"}
[2025-12-04 10:51:03] [INFO] App component rendered{"apiKey":"set"}
[2025-12-04 10:51:05] [INFO] App component rendered{"apiKey":"set"}
[2025-12-04 10:51:05] [INFO] App component rendered{"apiKey":"set"}
[2025-12-04 10:51:09] [INFO] App component rendered{"apiKey":"set"}
[2025-12-04 10:51:09] [INFO] App component rendered{"apiKey":"set"}
[2025-12-04 10:51:11] [INFO] App component rendered{"apiKey":"set"}
[2025-12-04 10:51:11] [INFO] [COLLECTIONS_LIST] CollectionsListPageContent component mounted{"initialCollectionsCount":3}
[2025-12-04 10:51:11] [INFO] [COLLECTIONS_LIST] CollectionsListPageContent component mounted{"initialCollectionsCount":3}
[2025-12-04 10:51:11] [INFO] App component rendered{"apiKey":"set"}
[2025-12-04 10:51:11] [INFO] App component rendered{"apiKey":"set"}
[2025-12-04 10:51:11] [INFO] App component rendered{"apiKey":"set"}
[2025-12-04 10:51:19] [INFO] App component rendered{"apiKey":"set"}
[2025-12-04 10:51:19] [INFO] App component rendered{"apiKey":"set"}
[2025-12-04 10:51:19] [INFO] [COLLECTIONS_LIST] CollectionsListPageContent component mounted{"initialCollectionsCount":3}
[2025-12-04 10:51:19] [INFO] [COLLECTIONS_LIST] CollectionsListPageContent component mounted{"initialCollectionsCount":3}
[2025-12-04 10:51:19] [INFO] App component rendered{"apiKey":"set"}
[2025-12-04 10:51:19] [INFO] App component rendered{"apiKey":"set"}
[2025-12-04 10:51:47] [INFO] [COLLECTIONS_LIST] Navigate to Featured Products{"collectionId":"gid://shopify/Collection/303184085051","title":"Bangles"}
[2025-12-04 10:51:47] [INFO] App component rendered{"apiKey":"set"}
[2025-12-04 10:51:47] [INFO] App component rendered{"apiKey":"set"}
[2025-12-04 10:51:47] [INFO] App component rendered{"apiKey":"set"}
[2025-12-04 10:51:47] [INFO] App component rendered{"apiKey":"set"}
[2025-12-04 10:51:49] [INFO] App component rendered{"apiKey":"set"}
[2025-12-04 10:51:49] [INFO] App component rendered{"apiKey":"set"}
[2025-12-04 10:51:49] [INFO] App component rendered{"apiKey":"set"}
[2025-12-04 10:51:49] [INFO] App component rendered{"apiKey":"set"}
[2025-12-04 10:51:59] [INFO] App component rendered{"apiKey":"set"}
[2025-12-04 10:51:59] [INFO] App component rendered{"apiKey":"set"}
[2025-12-04 10:52:00] [INFO] App component rendered{"apiKey":"set"}
[2025-12-04 10:52:00] [INFO] App component rendered{"apiKey":"set"}
[2025-12-04 10:52:00] [INFO] [COLLECTIONS_LIST] CollectionsListPageContent component mounted{"initialCollectionsCount":3}
[2025-12-04 10:52:00] [INFO] [COLLECTIONS_LIST] CollectionsListPageContent component mounted{"initialCollectionsCount":3}
[2025-12-04 10:52:00] [INFO] App component rendered{"apiKey":"set"}
[2025-12-04 10:52:00] [INFO] App component rendered{"apiKey":"set"}
[2025-12-04 10:52:31] [INFO] [COLLECTIONS_LIST] Navigate to Featured Products{"collectionId":"gid://shopify/Collection/303184085051","title":"Bangles"}
[2025-12-04 10:52:31] [INFO] App component rendered{"apiKey":"set"}
[2025-12-04 10:52:31] [INFO] App component rendered{"apiKey":"set"}
[2025-12-04 10:52:35] [INFO] App component rendered{"apiKey":"set"}
[2025-12-04 10:52:35] [INFO] App component rendered{"apiKey":"set"}
[2025-12-04 10:52:35] [INFO] App component rendered{"apiKey":"set"}
[2025-12-04 10:52:35] [INFO] App component rendered{"apiKey":"set"}
[2025-12-04 10:54:29] [INFO] App component rendered{"apiKey":"set"}
[2025-12-04 10:54:29] [INFO] App component rendered{"apiKey":"set"}
[2025-12-04 10:54:30] [INFO] [COLLECTIONS_LIST] CollectionsListPageContent component mounted{"initialCollectionsCount":3}
[2025-12-04 10:54:30] [INFO] App component rendered{"apiKey":"set"}
[2025-12-04 10:54:30] [INFO] App component rendered{"apiKey":"set"}
[2025-12-04 10:54:30] [INFO] [COLLECTIONS_LIST] CollectionsListPageContent component mounted{"initialCollectionsCount":3}
[2025-12-04 10:54:31] [INFO] App component rendered{"apiKey":"set"}
[2025-12-04 10:54:31] [INFO] App component rendered{"apiKey":"set"}
[2025-12-04 10:54:36] [INFO] [COLLECTIONS_LIST] View collection in store clicked{"collectionId":"gid://shopify/Collection/303184085051","title":"Bangles"}
[2025-12-04 10:54:38] [INFO] [COLLECTIONS_LIST] Navigate to Featured Products{"collectionId":"gid://shopify/Collection/303184085051","title":"Bangles"}
[2025-12-04 10:54:38] [INFO] App component rendered{"apiKey":"set"}
[2025-12-04 10:54:38] [INFO] App component rendered{"apiKey":"set"}
[2025-12-04 10:54:40] [INFO] App component rendered{"apiKey":"set"}
[2025-12-04 10:54:40] [INFO] App component rendered{"apiKey":"set"}
[2025-12-04 10:54:40] [INFO] App component rendered{"apiKey":"set"}
[2025-12-04 10:54:40] [INFO] App component rendered{"apiKey":"set"}
[2025-12-04 11:20:16] [INFO] App component rendered{"apiKey":"set"}
[2025-12-04 11:20:16] [INFO] App component rendered{"apiKey":"set"}
[2025-12-04 11:20:20] [INFO] App component rendered{"apiKey":"set"}
[2025-12-04 11:20:20] [INFO] App component rendered{"apiKey":"set"}
[2025-12-04 11:20:31] [INFO] App component rendered{"apiKey":"set"}
[2025-12-04 11:20:31] [INFO] App component rendered{"apiKey":"set"}
[2025-12-04 11:21:52] [INFO] App component rendered{"apiKey":"set"}
[2025-12-04 11:21:52] [INFO] App component rendered{"apiKey":"set"}
[2025-12-04 11:50:04] [INFO] App component rendered{"apiKey":"set"}
[2025-12-04 11:50:04] [INFO] App component rendered{"apiKey":"set"}
[2025-12-04 11:51:06] [INFO] App component rendered{"apiKey":"set"}
[2025-12-04 11:51:06] [INFO] App component rendered{"apiKey":"set"}
[2025-12-04 11:51:06] [INFO] [COLLECTIONS_LIST] CollectionsListPageContent component mounted{"initialCollectionsCount":3}
[2025-12-04 11:51:06] [INFO] [COLLECTIONS_LIST] CollectionsListPageContent component mounted{"initialCollectionsCount":3}
[2025-12-04 11:51:06] [INFO] App component rendered{"apiKey":"set"}
[2025-12-04 11:51:06] [INFO] App component rendered{"apiKey":"set"}
[2025-12-04 11:52:02] [INFO] [COLLECTIONS_LIST] Navigate to Featured Products{"collectionId":"gid://shopify/Collection/303184085051","title":"Bangles"}
[2025-12-04 11:52:03] [INFO] App component rendered{"apiKey":"set"}
[2025-12-04 11:52:02] [INFO] App component rendered{"apiKey":"set"}
[2025-12-04 11:52:02] [INFO] App component rendered{"apiKey":"set"}
[2025-12-04 11:52:03] [INFO] App component rendered{"apiKey":"set"}
[2025-12-04 11:52:06] [INFO] App component rendered{"apiKey":"set"}
[2025-12-04 11:52:06] [INFO] App component rendered{"apiKey":"set"}
[2025-12-04 11:52:05] [INFO] App component rendered{"apiKey":"set"}
[2025-12-04 11:52:05] [INFO] App component rendered{"apiKey":"set"}
[2025-12-04 11:52:45] [INFO] App component rendered{"apiKey":"set"}
[2025-12-04 11:52:45] [INFO] App component rendered{"apiKey":"set"}
[2025-12-04 11:52:47] [INFO] App component rendered{"apiKey":"set"}
[2025-12-04 11:52:47] [INFO] App component rendered{"apiKey":"set"}
[2025-12-04 11:52:48] [INFO] App component rendered{"apiKey":"set"}
[2025-12-04 11:52:48] [INFO] App component rendered{"apiKey":"set"}
[2025-12-04 11:52:49] [INFO] App component rendered{"apiKey":"set"}
[2025-12-04 11:52:49] [INFO] App component rendered{"apiKey":"set"}
[2025-12-04 11:52:51] [INFO] App component rendered{"apiKey":"set"}
[2025-12-04 11:52:51] [INFO] App component rendered{"apiKey":"set"}
[2025-12-04 11:52:54] [INFO] App component rendered{"apiKey":"set"}
[2025-12-04 11:52:54] [INFO] App component rendered{"apiKey":"set"}
[2025-12-04 11:53:08] [INFO] App component rendered{"apiKey":"set"}
[2025-12-04 11:53:08] [INFO] App component rendered{"apiKey":"set"}
[2025-12-04 11:53:09] [INFO] App component rendered{"apiKey":"set"}
[2025-12-04 11:53:09] [INFO] [COLLECTIONS_LIST] CollectionsListPageContent component mounted{"initialCollectionsCount":3}
[2025-12-04 11:53:09] [INFO] App component rendered{"apiKey":"set"}
[2025-12-04 11:53:09] [INFO] [COLLECTIONS_LIST] CollectionsListPageContent component mounted{"initialCollectionsCount":3}
[2025-12-04 11:53:09] [INFO] App component rendered{"apiKey":"set"}
[2025-12-04 11:53:09] [INFO] App component rendered{"apiKey":"set"}
[2025-12-04 11:53:15] [INFO] App component rendered{"apiKey":"set"}
[2025-12-04 11:53:15] [INFO] App component rendered{"apiKey":"set"}
[2025-12-04 11:53:15] [INFO] [COLLECTIONS_LIST] Navigate to Featured Products{"collectionId":"gid://shopify/Collection/303184085051","title":"Bangles"}
[2025-12-04 11:53:15] [INFO] App component rendered{"apiKey":"set"}
[2025-12-04 11:53:15] [INFO] App component rendered{"apiKey":"set"}
[2025-12-04 11:53:17] [INFO] App component rendered{"apiKey":"set"}
[2025-12-04 11:53:17] [INFO] App component rendered{"apiKey":"set"}
[2025-12-04 11:53:17] [INFO] App component rendered{"apiKey":"set"}
[2025-12-04 11:53:17] [INFO] App component rendered{"apiKey":"set"}
[2025-12-04 11:53:29] [INFO] App component rendered{"apiKey":"set"}
[2025-12-04 11:53:29] [INFO] App component rendered{"apiKey":"set"}
[2025-12-04 11:53:30] [INFO] App component rendered{"apiKey":"set"}
[2025-12-04 11:53:30] [INFO] App component rendered{"apiKey":"set"}
[2025-12-04 11:53:31] [INFO] App component rendered{"apiKey":"set"}
[2025-12-04 11:53:31] [INFO] App component rendered{"apiKey":"set"}
[2025-12-04 11:53:33] [INFO] App component rendered{"apiKey":"set"}
[2025-12-04 11:53:33] [INFO] App component rendered{"apiKey":"set"}
[2025-12-04 12:29:38] [INFO] App component rendered{"apiKey":"set"}
[2025-12-04 12:29:38] [INFO] App component rendered{"apiKey":"set"}
[2025-12-04 12:30:16] [INFO] App component rendered{"apiKey":"set"}
[2025-12-04 12:30:16] [INFO] App component rendered{"apiKey":"set"}
[2025-12-04 12:30:16] [INFO] [COLLECTIONS_LIST] CollectionsListPageContent component mounted{"initialCollectionsCount":3}
[2025-12-04 12:30:16] [INFO] [COLLECTIONS_LIST] CollectionsListPageContent component mounted{"initialCollectionsCount":3}
[2025-12-04 12:30:16] [INFO] App component rendered{"apiKey":"set"}
[2025-12-04 12:30:16] [INFO] App component rendered{"apiKey":"set"}
[2025-12-04 12:54:15] [INFO] App component rendered{"apiKey":"set"}
[2025-12-04 12:54:15] [INFO] App component rendered{"apiKey":"set"}
[2025-12-04 12:54:15] [INFO] [COLLECTIONS_LIST] CollectionsListPageContent component mounted{"initialCollectionsCount":3}
[2025-12-04 12:54:15] [INFO] [COLLECTIONS_LIST] CollectionsListPageContent component mounted{"initialCollectionsCount":3}
[2025-12-04 12:54:15] [INFO] App component rendered{"apiKey":"set"}
[2025-12-04 12:54:15] [INFO] App component rendered{"apiKey":"set"}
[2025-12-04 12:54:26] [INFO] App component rendered{"apiKey":"set"}
[2025-12-04 12:54:26] [INFO] [COLLECTIONS_LIST] Navigate to Featured Products{"collectionId":"gid://shopify/Collection/303184085051","title":"Bangles"}
[2025-12-04 12:54:26] [INFO] App component rendered{"apiKey":"set"}
[2025-12-04 12:54:26] [INFO] App component rendered{"apiKey":"set"}
[2025-12-04 12:54:26] [INFO] App component rendered{"apiKey":"set"}
[2025-12-04 12:54:27] [INFO] App component rendered{"apiKey":"set"}
[2025-12-04 12:54:27] [INFO] App component rendered{"apiKey":"set"}
[2025-12-04 12:54:27] [INFO] App component rendered{"apiKey":"set"}
[2025-12-04 12:54:27] [INFO] App component rendered{"apiKey":"set"}
[2025-12-04 12:54:30] [INFO] App component rendered{"apiKey":"set"}
[2025-12-04 12:54:30] [INFO] App component rendered{"apiKey":"set"}
[2025-12-04 12:54:32] [INFO] App component rendered{"apiKey":"set"}
[2025-12-04 12:54:32] [INFO] App component rendered{"apiKey":"set"}
[2025-12-04 12:54:32] [INFO] App component rendered{"apiKey":"set"}
[2025-12-04 12:54:32] [INFO] App component rendered{"apiKey":"set"}
[2025-12-04 12:54:33] [INFO] App component rendered{"apiKey":"set"}
[2025-12-04 12:54:33] [INFO] App component rendered{"apiKey":"set"}
[2025-12-04 12:59:40] [INFO] App component rendered{"apiKey":"set"}
[2025-12-04 12:59:40] [INFO] App component rendered{"apiKey":"set"}
[2025-12-04 12:59:41] [INFO] App component rendered{"apiKey":"set"}
[2025-12-04 12:59:41] [INFO] App component rendered{"apiKey":"set"}
[2025-12-04 12:59:42] [INFO] App component rendered{"apiKey":"set"}
[2025-12-04 12:59:42] [INFO] App component rendered{"apiKey":"set"}
[2025-12-04 12:59:43] [INFO] App component rendered{"apiKey":"set"}
[2025-12-04 12:59:43] [INFO] App component rendered{"apiKey":"set"}
[2025-12-04 12:59:44] [INFO] App component rendered{"apiKey":"set"}
[2025-12-04 12:59:44] [INFO] App component rendered{"apiKey":"set"}
[2025-12-04 13:07:28] [INFO] App component rendered{"apiKey":"set"}
[2025-12-04 13:07:28] [INFO] App component rendered{"apiKey":"set"}
[2025-12-04 13:07:33] [INFO] App component rendered{"apiKey":"set"}
[2025-12-04 13:07:33] [INFO] App component rendered{"apiKey":"set"}
[2025-12-04 13:07:35] [INFO] App component rendered{"apiKey":"set"}
[2025-12-04 13:07:35] [INFO] App component rendered{"apiKey":"set"}
[2025-12-04 13:07:37] [INFO] App component rendered{"apiKey":"set"}
[2025-12-04 13:07:37] [INFO] App component rendered{"apiKey":"set"}
[2025-12-04 13:07:37] [INFO] App component rendered{"apiKey":"set"}
[2025-12-04 13:07:37] [INFO] App component rendered{"apiKey":"set"}
[2025-12-04 13:07:37] [INFO] App component rendered{"apiKey":"set"}
[2025-12-04 13:07:37] [INFO] App component rendered{"apiKey":"set"}
[2025-12-04 13:10:53] [INFO] App component rendered{"apiKey":"set"}
[2025-12-04 13:10:53] [INFO] App component rendered{"apiKey":"set"}
[2025-12-04 13:10:53] [INFO] [COLLECTIONS_LIST] CollectionsListPageContent component mounted{"initialCollectionsCount":3}
[2025-12-04 13:10:53] [INFO] [COLLECTIONS_LIST] CollectionsListPageContent component mounted{"initialCollectionsCount":3}
[2025-12-04 13:10:53] [INFO] App component rendered{"apiKey":"set"}
[2025-12-04 13:10:53] [INFO] App component rendered{"apiKey":"set"}
[2025-12-04 13:11:05] [INFO] App component rendered{"apiKey":"set"}
[2025-12-04 13:11:05] [INFO] [COLLECTIONS_LIST] Navigate to Featured Products{"collectionId":"gid://shopify/Collection/303184085051","title":"Bangles"}
[2025-12-04 13:11:05] [INFO] App component rendered{"apiKey":"set"}
[2025-12-04 13:11:05] [INFO] App component rendered{"apiKey":"set"}
[2025-12-04 13:11:05] [INFO] App component rendered{"apiKey":"set"}
[2025-12-04 13:11:07] [INFO] App component rendered{"apiKey":"set"}
[2025-12-04 13:11:07] [INFO] App component rendered{"apiKey":"set"}
[2025-12-04 13:11:07] [INFO] App component rendered{"apiKey":"set"}
[2025-12-04 13:11:07] [INFO] App component rendered{"apiKey":"set"}
[2025-12-04 13:11:25] [INFO] App component rendered{"apiKey":"set"}
[2025-12-04 13:11:25] [INFO] App component rendered{"apiKey":"set"}
[2025-12-04 13:11:27] [INFO] App component rendered{"apiKey":"set"}
[2025-12-04 13:11:27] [INFO] App component rendered{"apiKey":"set"}
[2025-12-04 13:11:28] [INFO] App component rendered{"apiKey":"set"}
[2025-12-04 13:11:28] [INFO] App component rendered{"apiKey":"set"}
[2025-12-04 13:11:29] [INFO] App component rendered{"apiKey":"set"}
[2025-12-04 13:11:29] [INFO] App component rendered{"apiKey":"set"}
[2025-12-04 13:11:30] [INFO] App component rendered{"apiKey":"set"}
[2025-12-04 13:11:30] [INFO] [COLLECTIONS_LIST] CollectionsListPageContent component mounted{"initialCollectionsCount":3}
[2025-12-04 13:11:30] [INFO] App component rendered{"apiKey":"set"}
[2025-12-04 13:11:30] [INFO] [COLLECTIONS_LIST] CollectionsListPageContent component mounted{"initialCollectionsCount":3}
[2025-12-04 13:11:31] [INFO] App component rendered{"apiKey":"set"}
[2025-12-04 13:11:31] [INFO] App component rendered{"apiKey":"set"}
[2025-12-04 13:11:37] [INFO] [COLLECTIONS_LIST] Navigate to Featured Products{"collectionId":"gid://shopify/Collection/303184085051","title":"Bangles"}
[2025-12-04 13:11:37] [INFO] App component rendered{"apiKey":"set"}
[2025-12-04 13:11:37] [INFO] App component rendered{"apiKey":"set"}
[2025-12-04 13:11:38] [INFO] App component rendered{"apiKey":"set"}
[2025-12-04 13:11:39] [INFO] App component rendered{"apiKey":"set"}
[2025-12-04 13:11:38] [INFO] App component rendered{"apiKey":"set"}
[2025-12-04 13:11:39] [INFO] App component rendered{"apiKey":"set"}
[2025-12-04 13:11:44] [INFO] App component rendered{"apiKey":"set"}
[2025-12-04 13:11:44] [INFO] App component rendered{"apiKey":"set"}
[2025-12-04 13:11:47] [INFO] App component rendered{"apiKey":"set"}
[2025-12-04 13:11:47] [INFO] App component rendered{"apiKey":"set"}
[2025-12-04 13:11:49] [INFO] App component rendered{"apiKey":"set"}
[2025-12-04 13:11:49] [INFO] App component rendered{"apiKey":"set"}
[2025-12-04 13:11:49] [INFO] App component rendered{"apiKey":"set"}
[2025-12-04 13:11:49] [INFO] App component rendered{"apiKey":"set"}
[2025-12-04 13:11:50] [INFO] App component rendered{"apiKey":"set"}
[2025-12-04 13:11:50] [INFO] [COLLECTIONS_LIST] CollectionsListPageContent component mounted{"initialCollectionsCount":3}
[2025-12-04 13:11:50] [INFO] App component rendered{"apiKey":"set"}
[2025-12-04 13:11:50] [INFO] App component rendered{"apiKey":"set"}
[2025-12-04 13:11:50] [INFO] App component rendered{"apiKey":"set"}
[2025-12-04 13:11:50] [INFO] [COLLECTIONS_LIST] CollectionsListPageContent component mounted{"initialCollectionsCount":3}
[2025-12-04 13:11:56] [INFO] App component rendered{"apiKey":"set"}
[2025-12-04 13:11:56] [INFO] [COLLECTIONS_LIST] Navigate to Collection Sorting{"collectionId":"gid://shopify/Collection/303184085051","title":"Bangles"}
[2025-12-04 13:11:56] [INFO] App component rendered{"apiKey":"set"}
[2025-12-04 13:11:57] [INFO] App component rendered{"apiKey":"set"}
[2025-12-04 13:11:57] [INFO] App component rendered{"apiKey":"set"}
[2025-12-04 13:11:59] [INFO] App component rendered{"apiKey":"set"}
[2025-12-04 13:11:59] [INFO] App component rendered{"apiKey":"set"}
[2025-12-04 13:11:59] [INFO] App component rendered{"apiKey":"set"}
[2025-12-04 13:11:59] [INFO] App component rendered{"apiKey":"set"}
[2025-12-04 13:12:04] [INFO] App component rendered{"apiKey":"set"}
[2025-12-04 13:12:04] [INFO] App component rendered{"apiKey":"set"}
[2025-12-04 13:12:05] [INFO] App component rendered{"apiKey":"set"}
[2025-12-04 13:12:05] [INFO] App component rendered{"apiKey":"set"}
[2025-12-04 13:12:06] [INFO] App component rendered{"apiKey":"set"}
[2025-12-04 13:12:06] [INFO] App component rendered{"apiKey":"set"}
[2025-12-04 13:12:07] [INFO] App component rendered{"apiKey":"set"}
[2025-12-04 13:12:07] [INFO] App component rendered{"apiKey":"set"}
[2025-12-04 13:12:09] [INFO] App component rendered{"apiKey":"set"}
[2025-12-04 13:12:09] [INFO] App component rendered{"apiKey":"set"}
[2025-12-04 13:12:09] [INFO] App component rendered{"apiKey":"set"}
[2025-12-04 13:12:09] [INFO] App component rendered{"apiKey":"set"}
[2025-12-04 13:12:11] [INFO] App component rendered{"apiKey":"set"}
[2025-12-04 13:12:11] [INFO] App component rendered{"apiKey":"set"}
[2025-12-04 13:12:13] [INFO] App component rendered{"apiKey":"set"}
[2025-12-04 13:12:12] [INFO] [COLLECTIONS_LIST] CollectionsListPageContent component mounted{"initialCollectionsCount":3}
[2025-12-04 13:12:13] [INFO] App component rendered{"apiKey":"set"}
[2025-12-04 13:12:12] [INFO] App component rendered{"apiKey":"set"}
[2025-12-04 13:12:12] [INFO] [COLLECTIONS_LIST] CollectionsListPageContent component mounted{"initialCollectionsCount":3}
[2025-12-04 13:12:12] [INFO] App component rendered{"apiKey":"set"}
[2025-12-04 13:12:15] [INFO] [COLLECTIONS_LIST] Navigate to Collection Sorting{"collectionId":"gid://shopify/Collection/303119171643","title":"Hijabs"}
[2025-12-04 13:12:15] [INFO] App component rendered{"apiKey":"set"}
[2025-12-04 13:12:15] [INFO] App component rendered{"apiKey":"set"}
[2025-12-04 13:12:15] [INFO] App component rendered{"apiKey":"set"}
[2025-12-04 13:12:15] [INFO] App component rendered{"apiKey":"set"}
[2025-12-04 13:12:17] [INFO] App component rendered{"apiKey":"set"}
[2025-12-04 13:12:17] [INFO] App component rendered{"apiKey":"set"}
[2025-12-04 13:12:17] [INFO] App component rendered{"apiKey":"set"}
[2025-12-04 13:12:17] [INFO] App component rendered{"apiKey":"set"}
[2025-12-04 13:12:21] [INFO] App component rendered{"apiKey":"set"}
[2025-12-04 13:12:21] [INFO] App component rendered{"apiKey":"set"}
[2025-12-04 13:12:22] [INFO] App component rendered{"apiKey":"set"}
[2025-12-04 13:12:22] [INFO] App component rendered{"apiKey":"set"}
[2025-12-04 13:12:24] [INFO] App component rendered{"apiKey":"set"}
[2025-12-04 13:12:24] [INFO] App component rendered{"apiKey":"set"}
[2025-12-04 13:12:24] [INFO] App component rendered{"apiKey":"set"}
[2025-12-04 13:12:24] [INFO] App component rendered{"apiKey":"set"}
[2025-12-04 13:12:25] [INFO] App component rendered{"apiKey":"set"}
[2025-12-04 13:12:25] [INFO] App component rendered{"apiKey":"set"}
[2025-12-04 13:12:26] [INFO] App component rendered{"apiKey":"set"}
[2025-12-04 13:12:26] [INFO] App component rendered{"apiKey":"set"}
[2025-12-04 13:12:30] [INFO] App component rendered{"apiKey":"set"}
[2025-12-04 13:12:30] [INFO] App component rendered{"apiKey":"set"}
[2025-12-04 13:12:32] [INFO] [COLLECTIONS_LIST] CollectionsListPageContent component mounted{"initialCollectionsCount":3}
[2025-12-04 13:12:32] [INFO] App component rendered{"apiKey":"set"}
[2025-12-04 13:12:32] [INFO] App component rendered{"apiKey":"set"}
[2025-12-04 13:12:32] [INFO] App component rendered{"apiKey":"set"}
[2025-12-04 13:12:32] [INFO] App component rendered{"apiKey":"set"}
[2025-12-04 13:12:32] [INFO] [COLLECTIONS_LIST] CollectionsListPageContent component mounted{"initialCollectionsCount":3}
