[2025-11-30 20:00:06] [INFO] App component rendered{"apiKey":"set"}
[2025-11-30 20:00:06] [INFO] App component rendered{"apiKey":"set"}
[2025-11-30 20:00:06] [INFO] [COLLECTIONS_LIST] CollectionsListPageContent component mounted{"initialCollectionsCount":515}
[2025-11-30 20:00:06] [INFO] [COLLECTIONS_LIST] CollectionsListPageContent component mounted{"initialCollectionsCount":515}
[2025-11-30 20:00:16] [INFO] App component rendered{"apiKey":"set"}
[2025-11-30 20:00:16] [INFO] App component rendered{"apiKey":"set"}
[2025-11-30 20:03:24] [INFO] [COLLECTIONS_LIST] Edit collection in Shopify clicked{"collectionId":"gid://shopify/Collection/302621327419","title":"Accessories - Modern"}
[2025-11-30 20:03:26] [INFO] [COLLECTIONS_LIST] View collection in store clicked{"collectionId":"gid://shopify/Collection/302621327419","title":"Accessories - Modern"}
[2025-11-30 20:05:07] [INFO] [COLLECTIONS_LIST] Navigate to Collection Sorting{"collectionId":"gid://shopify/Collection/302621327419","title":"Accessories - Modern"}
[2025-11-30 20:05:07] [INFO] App component rendered{"apiKey":"set"}
[2025-11-30 20:05:07] [INFO] App component rendered{"apiKey":"set"}
[2025-11-30 20:05:08] [INFO] App component rendered{"apiKey":"set"}
[2025-11-30 20:05:08] [INFO] App component rendered{"apiKey":"set"}
[2025-11-30 20:05:08] [INFO] App component rendered{"apiKey":"set"}
[2025-11-30 20:05:08] [INFO] App component rendered{"apiKey":"set"}
[2025-11-30 20:05:11] [INFO] App component rendered{"apiKey":"set"}
[2025-11-30 20:05:11] [INFO] App component rendered{"apiKey":"set"}
[2025-11-30 20:05:11] [INFO] App component rendered{"apiKey":"set"}
[2025-11-30 20:05:11] [INFO] App component rendered{"apiKey":"set"}
[2025-11-30 20:06:41] [INFO] App component rendered{"apiKey":"set"}
[2025-11-30 20:06:41] [INFO] App component rendered{"apiKey":"set"}
[2025-11-30 20:06:43] [INFO] App component rendered{"apiKey":"set"}
[2025-11-30 20:06:43] [INFO] App component rendered{"apiKey":"set"}
[2025-11-30 20:06:59] [INFO] App component rendered{"apiKey":"set"}
[2025-11-30 20:06:59] [INFO] App component rendered{"apiKey":"set"}
[2025-11-30 20:08:55] [INFO] App component rendered{"apiKey":"set"}
[2025-11-30 20:08:55] [INFO] App component rendered{"apiKey":"set"}
[2025-11-30 20:08:57] [INFO] App component rendered{"apiKey":"set"}
[2025-11-30 20:08:57] [INFO] App component rendered{"apiKey":"set"}
[2025-11-30 20:09:08] [INFO] App component rendered{"apiKey":"set"}
[2025-11-30 20:09:08] [INFO] App component rendered{"apiKey":"set"}
[2025-11-30 20:09:42] [INFO] App component rendered{"apiKey":"set"}
[2025-11-30 20:09:42] [INFO] App component rendered{"apiKey":"set"}
[2025-11-30 20:09:43] [INFO] App component rendered{"apiKey":"set"}
[2025-11-30 20:09:43] [INFO] App component rendered{"apiKey":"set"}
[2025-11-30 20:09:43] [INFO] App component rendered{"apiKey":"set"}
[2025-11-30 20:09:43] [INFO] App component rendered{"apiKey":"set"}
[2025-11-30 20:09:52] [INFO] App component rendered{"apiKey":"set"}
[2025-11-30 20:09:52] [INFO] App component rendered{"apiKey":"set"}
[2025-11-30 20:09:52] [INFO] App component rendered{"apiKey":"set"}
[2025-11-30 20:09:52] [INFO] App component rendered{"apiKey":"set"}
[2025-11-30 20:09:55] [INFO] App component rendered{"apiKey":"set"}
[2025-11-30 20:09:55] [INFO] App component rendered{"apiKey":"set"}
[2025-11-30 20:09:55] [INFO] App component rendered{"apiKey":"set"}
[2025-11-30 20:09:55] [INFO] App component rendered{"apiKey":"set"}
[2025-11-30 20:24:58] [INFO] App component rendered{"apiKey":"set"}
[2025-11-30 20:24:58] [INFO] App component rendered{"apiKey":"set"}
[2025-11-30 20:34:29] [INFO] App component rendered{"apiKey":"set"}
[2025-11-30 20:34:29] [INFO] App component rendered{"apiKey":"set"}
[2025-11-30 20:34:32] [INFO] App component rendered{"apiKey":"set"}
[2025-11-30 20:34:32] [INFO] App component rendered{"apiKey":"set"}
[2025-11-30 20:34:33] [INFO] App component rendered{"apiKey":"set"}
[2025-11-30 20:34:33] [INFO] [COLLECTIONS_LIST] CollectionsListPageContent component mounted{"initialCollectionsCount":515}
[2025-11-30 20:34:33] [INFO] [COLLECTIONS_LIST] CollectionsListPageContent component mounted{"initialCollectionsCount":515}
[2025-11-30 20:34:33] [INFO] App component rendered{"apiKey":"set"}
[2025-11-30 20:34:42] [INFO] App component rendered{"apiKey":"set"}
[2025-11-30 20:34:42] [INFO] App component rendered{"apiKey":"set"}
[2025-11-30 20:34:43] [INFO] App component rendered{"apiKey":"set"}
[2025-11-30 20:34:43] [INFO] App component rendered{"apiKey":"set"}
[2025-11-30 20:34:43] [INFO] App component rendered{"apiKey":"set"}
[2025-11-30 20:34:43] [INFO] App component rendered{"apiKey":"set"}
[2025-11-30 20:34:44] [INFO] App component rendered{"apiKey":"set"}
[2025-11-30 20:34:44] [INFO] App component rendered{"apiKey":"set"}
[2025-11-30 20:42:04] [INFO] App component rendered{"apiKey":"set"}
[2025-11-30 20:42:04] [INFO] App component rendered{"apiKey":"set"}
[2025-11-30 20:42:07] [INFO] App component rendered{"apiKey":"set"}
[2025-11-30 20:42:07] [INFO] App component rendered{"apiKey":"set"}
[2025-11-30 20:42:24] [INFO] [COLLECTIONS_LIST] CollectionsListPageContent component mounted{"initialCollectionsCount":515}
[2025-11-30 20:42:27] [INFO] App component rendered{"apiKey":"set"}
[2025-11-30 20:42:27] [INFO] App component rendered{"apiKey":"set"}
[2025-11-30 20:44:59] [INFO] App component rendered{"apiKey":"set"}
[2025-11-30 20:44:59] [INFO] App component rendered{"apiKey":"set"}
[2025-11-30 20:45:05] [INFO] [COLLECTIONS_LIST] CollectionsListPageContent component mounted{"initialCollectionsCount":515}
[2025-11-30 20:45:05] [INFO] App component rendered{"apiKey":"set"}
[2025-11-30 20:45:05] [INFO] App component rendered{"apiKey":"set"}
[2025-11-30 20:45:11] [INFO] App component rendered{"apiKey":"set"}
[2025-11-30 20:45:11] [INFO] App component rendered{"apiKey":"set"}
[2025-11-30 20:45:28] [INFO] [COLLECTIONS_LIST] CollectionsListPageContent component mounted{"initialCollectionsCount":515}
[2025-11-30 20:45:31] [INFO] App component rendered{"apiKey":"set"}
[2025-11-30 20:45:31] [INFO] App component rendered{"apiKey":"set"}
[2025-11-30 20:46:40] [INFO] App component rendered{"apiKey":"set"}
[2025-11-30 20:46:40] [INFO] App component rendered{"apiKey":"set"}
[2025-11-30 20:46:58] [INFO] [COLLECTIONS_LIST] CollectionsListPageContent component mounted{"initialCollectionsCount":515}
[2025-11-30 20:47:02] [INFO] App component rendered{"apiKey":"set"}
[2025-11-30 20:47:02] [INFO] App component rendered{"apiKey":"set"}
[2025-11-30 20:50:53] [INFO] App component rendered{"apiKey":"set"}
[2025-11-30 20:50:53] [INFO] App component rendered{"apiKey":"set"}
[2025-11-30 20:50:59] [INFO] [COLLECTIONS_LIST] CollectionsListPageContent component mounted{"initialCollectionsCount":515}
[2025-11-30 20:51:00] [INFO] App component rendered{"apiKey":"set"}
[2025-11-30 20:51:00] [INFO] App component rendered{"apiKey":"set"}
[2025-11-30 20:52:05] [INFO] App component rendered{"apiKey":"set"}
[2025-11-30 20:52:05] [INFO] App component rendered{"apiKey":"set"}
[2025-11-30 20:52:18] [INFO] [COLLECTIONS_LIST] CollectionsListPageContent component mounted{"initialCollectionsCount":515}
[2025-11-30 20:52:21] [INFO] App component rendered{"apiKey":"set"}
[2025-11-30 20:52:21] [INFO] App component rendered{"apiKey":"set"}
[2025-11-30 20:52:50] [INFO] App component rendered{"apiKey":"set"}
[2025-11-30 20:52:50] [INFO] App component rendered{"apiKey":"set"}
[2025-11-30 20:52:52] [INFO] App component rendered{"apiKey":"set"}
[2025-11-30 20:52:52] [INFO] App component rendered{"apiKey":"set"}
[2025-11-30 20:52:55] [INFO] App component rendered{"apiKey":"set"}
[2025-11-30 20:52:55] [INFO] App component rendered{"apiKey":"set"}
[2025-11-30 20:53:09] [INFO] App component rendered{"apiKey":"set"}
[2025-11-30 20:53:09] [INFO] App component rendered{"apiKey":"set"}
[2025-11-30 20:53:26] [INFO] [COLLECTIONS_LIST] Collections status filter changed{"from":"all","to":"enabled"}
[2025-11-30 20:53:26] [INFO] App component rendered{"apiKey":"set"}
[2025-11-30 20:53:26] [INFO] App component rendered{"apiKey":"set"}
[2025-11-30 20:53:29] [INFO] App component rendered{"apiKey":"set"}
[2025-11-30 20:53:29] [INFO] App component rendered{"apiKey":"set"}
[2025-11-30 20:53:29] [INFO] App component rendered{"apiKey":"set"}
[2025-11-30 20:53:29] [INFO] App component rendered{"apiKey":"set"}
[2025-11-30 20:53:29] [INFO] App component rendered{"apiKey":"set"}
[2025-11-30 20:53:29] [INFO] App component rendered{"apiKey":"set"}
[2025-11-30 20:53:29] [INFO] App component rendered{"apiKey":"set"}
[2025-11-30 20:53:29] [INFO] App component rendered{"apiKey":"set"}
[2025-11-30 20:53:29] [INFO] App component rendered{"apiKey":"set"}
[2025-11-30 20:53:29] [INFO] App component rendered{"apiKey":"set"}
[2025-11-30 20:53:29] [INFO] App component rendered{"apiKey":"set"}
[2025-11-30 20:53:29] [INFO] App component rendered{"apiKey":"set"}
[2025-11-30 20:53:29] [INFO] App component rendered{"apiKey":"set"}
[2025-11-30 20:53:29] [INFO] App component rendered{"apiKey":"set"}
[2025-11-30 20:53:29] [INFO] App component rendered{"apiKey":"set"}
[2025-11-30 20:53:29] [INFO] App component rendered{"apiKey":"set"}
[2025-11-30 20:53:29] [INFO] App component rendered{"apiKey":"set"}
[2025-11-30 20:53:29] [INFO] App component rendered{"apiKey":"set"}
[2025-11-30 20:53:29] [INFO] App component rendered{"apiKey":"set"}
[2025-11-30 20:53:29] [INFO] App component rendered{"apiKey":"set"}
[2025-11-30 20:53:29] [INFO] App component rendered{"apiKey":"set"}
[2025-11-30 20:53:29] [INFO] App component rendered{"apiKey":"set"}
[2025-11-30 20:53:29] [INFO] App component rendered{"apiKey":"set"}
[2025-11-30 20:53:29] [INFO] App component rendered{"apiKey":"set"}
[2025-11-30 20:53:29] [INFO] App component rendered{"apiKey":"set"}
[2025-11-30 20:53:29] [INFO] App component rendered{"apiKey":"set"}
[2025-11-30 20:53:29] [INFO] App component rendered{"apiKey":"set"}
[2025-11-30 20:53:29] [INFO] App component rendered{"apiKey":"set"}
[2025-11-30 20:53:36] [INFO] [COLLECTIONS_LIST] Collections status filter changed{"from":"all","to":"disabled"}
[2025-11-30 20:53:36] [INFO] App component rendered{"apiKey":"set"}
[2025-11-30 20:53:36] [INFO] App component rendered{"apiKey":"set"}
[2025-11-30 20:53:38] [INFO] App component rendered{"apiKey":"set"}
[2025-11-30 20:53:38] [INFO] App component rendered{"apiKey":"set"}
[2025-11-30 20:53:39] [INFO] App component rendered{"apiKey":"set"}
[2025-11-30 20:53:39] [INFO] App component rendered{"apiKey":"set"}
[2025-11-30 20:53:39] [INFO] App component rendered{"apiKey":"set"}
[2025-11-30 20:53:39] [INFO] App component rendered{"apiKey":"set"}
[2025-11-30 20:53:39] [INFO] App component rendered{"apiKey":"set"}
[2025-11-30 20:53:39] [INFO] App component rendered{"apiKey":"set"}
[2025-11-30 20:53:39] [INFO] App component rendered{"apiKey":"set"}
[2025-11-30 20:53:39] [INFO] App component rendered{"apiKey":"set"}
[2025-11-30 20:53:39] [INFO] App component rendered{"apiKey":"set"}
[2025-11-30 20:53:39] [INFO] App component rendered{"apiKey":"set"}
[2025-11-30 20:53:39] [INFO] App component rendered{"apiKey":"set"}
[2025-11-30 20:53:39] [INFO] App component rendered{"apiKey":"set"}
[2025-11-30 20:53:39] [INFO] App component rendered{"apiKey":"set"}
[2025-11-30 20:53:39] [INFO] App component rendered{"apiKey":"set"}
[2025-11-30 20:53:39] [INFO] App component rendered{"apiKey":"set"}
[2025-11-30 20:53:39] [INFO] App component rendered{"apiKey":"set"}
[2025-11-30 20:53:39] [INFO] App component rendered{"apiKey":"set"}
[2025-11-30 20:53:39] [INFO] App component rendered{"apiKey":"set"}
[2025-11-30 20:53:50] [INFO] App component rendered{"apiKey":"set"}
[2025-11-30 20:53:50] [INFO] App component rendered{"apiKey":"set"}
[2025-11-30 20:53:50] [INFO] App component rendered{"apiKey":"set"}
[2025-11-30 20:53:50] [INFO] App component rendered{"apiKey":"set"}
[2025-11-30 20:53:51] [INFO] App component rendered{"apiKey":"set"}
[2025-11-30 20:53:51] [INFO] App component rendered{"apiKey":"set"}
[2025-11-30 20:53:51] [INFO] App component rendered{"apiKey":"set"}
[2025-11-30 20:53:51] [INFO] App component rendered{"apiKey":"set"}
[2025-11-30 20:53:51] [INFO] App component rendered{"apiKey":"set"}
[2025-11-30 20:53:51] [INFO] App component rendered{"apiKey":"set"}
[2025-11-30 20:53:51] [INFO] App component rendered{"apiKey":"set"}
[2025-11-30 20:53:51] [INFO] App component rendered{"apiKey":"set"}
[2025-11-30 20:53:53] [INFO] App component rendered{"apiKey":"set"}
[2025-11-30 20:53:53] [INFO] App component rendered{"apiKey":"set"}
[2025-11-30 20:53:53] [INFO] App component rendered{"apiKey":"set"}
[2025-11-30 20:53:53] [INFO] App component rendered{"apiKey":"set"}
[2025-11-30 20:53:54] [INFO] [COLLECTIONS_LIST] Collections status filter changed{"from":"all","to":"all"}
[2025-11-30 20:53:55] [INFO] App component rendered{"apiKey":"set"}
[2025-11-30 20:53:55] [INFO] App component rendered{"apiKey":"set"}
[2025-11-30 20:53:57] [INFO] App component rendered{"apiKey":"set"}
[2025-11-30 20:53:57] [INFO] App component rendered{"apiKey":"set"}
[2025-11-30 20:53:59] [INFO] App component rendered{"apiKey":"set"}
[2025-11-30 20:53:59] [INFO] App component rendered{"apiKey":"set"}
[2025-11-30 20:54:01] [INFO] App component rendered{"apiKey":"set"}
[2025-11-30 20:54:01] [INFO] App component rendered{"apiKey":"set"}
[2025-11-30 20:54:02] [INFO] [COLLECTIONS_LIST] Collections status filter changed{"from":"all","to":"disabled"}
[2025-11-30 20:54:03] [INFO] [COLLECTIONS_LIST] Collections status filter changed{"from":"all","to":"all"}
[2025-11-30 20:54:05] [INFO] App component rendered{"apiKey":"set"}
[2025-11-30 20:54:05] [INFO] App component rendered{"apiKey":"set"}
[2025-11-30 20:54:07] [INFO] App component rendered{"apiKey":"set"}
[2025-11-30 20:54:07] [INFO] App component rendered{"apiKey":"set"}
[2025-11-30 20:54:07] [INFO] App component rendered{"apiKey":"set"}
[2025-11-30 20:54:07] [INFO] App component rendered{"apiKey":"set"}
[2025-11-30 20:54:08] [INFO] App component rendered{"apiKey":"set"}
[2025-11-30 20:54:08] [INFO] App component rendered{"apiKey":"set"}
[2025-11-30 20:54:08] [INFO] App component rendered{"apiKey":"set"}
[2025-11-30 20:54:08] [INFO] App component rendered{"apiKey":"set"}
[2025-11-30 20:54:09] [INFO] App component rendered{"apiKey":"set"}
[2025-11-30 20:54:09] [INFO] App component rendered{"apiKey":"set"}
[2025-11-30 20:54:09] [INFO] App component rendered{"apiKey":"set"}
[2025-11-30 20:54:09] [INFO] App component rendered{"apiKey":"set"}
[2025-11-30 20:54:10] [INFO] App component rendered{"apiKey":"set"}
[2025-11-30 20:54:10] [INFO] App component rendered{"apiKey":"set"}
[2025-11-30 20:54:12] [INFO] App component rendered{"apiKey":"set"}
[2025-11-30 20:54:12] [INFO] App component rendered{"apiKey":"set"}
[2025-11-30 20:54:37] [INFO] [COLLECTIONS_LIST] Collection toggle triggered{"collectionId":"gid://shopify/Collection/302624800827","collectionTitle":"Respiratory Health - Calming","from":false,"to":true}
[2025-11-30 20:56:41] [INFO] App component rendered{"apiKey":"set"}
[2025-11-30 20:56:41] [INFO] App component rendered{"apiKey":"set"}
[2025-11-30 20:56:43] [INFO] App component rendered{"apiKey":"set"}
[2025-11-30 20:56:43] [INFO] App component rendered{"apiKey":"set"}
[2025-11-30 20:56:45] [INFO] [COLLECTIONS_LIST] CollectionsListPageContent component mounted{"initialCollectionsCount":515}
[2025-11-30 20:56:45] [INFO] [COLLECTIONS_LIST] CollectionsListPageContent component mounted{"initialCollectionsCount":515}
[2025-11-30 20:56:45] [INFO] App component rendered{"apiKey":"set"}
[2025-11-30 20:56:45] [INFO] App component rendered{"apiKey":"set"}
[2025-11-30 20:56:57] [INFO] App component rendered{"apiKey":"set"}
[2025-11-30 20:56:57] [INFO] App component rendered{"apiKey":"set"}
[2025-11-30 20:58:14] [INFO] [COLLECTIONS_LIST] Edit collection in Shopify clicked{"collectionId":"gid://shopify/Collection/302621327419","title":"Accessories - Modern"}
[2025-11-30 20:58:17] [INFO] [COLLECTIONS_LIST] View collection in store clicked{"collectionId":"gid://shopify/Collection/302621327419","title":"Accessories - Modern"}
[2025-11-30 20:58:36] [INFO] [COLLECTIONS_LIST] Collections status filter changed{"from":"all","to":"enabled"}
[2025-11-30 20:58:36] [INFO] App component rendered{"apiKey":"set"}
[2025-11-30 20:58:36] [INFO] App component rendered{"apiKey":"set"}
[2025-11-30 20:58:39] [INFO] App component rendered{"apiKey":"set"}
[2025-11-30 20:58:39] [INFO] App component rendered{"apiKey":"set"}
[2025-11-30 20:58:45] [INFO] [COLLECTIONS_LIST] Collections status filter changed{"from":"all","to":"all"}
[2025-11-30 20:58:45] [INFO] App component rendered{"apiKey":"set"}
[2025-11-30 20:58:45] [INFO] App component rendered{"apiKey":"set"}
[2025-11-30 20:58:47] [INFO] App component rendered{"apiKey":"set"}
[2025-11-30 20:58:47] [INFO] App component rendered{"apiKey":"set"}
[2025-11-30 20:58:57] [INFO] [COLLECTIONS_LIST] Manual refresh triggered
[2025-11-30 20:58:59] [INFO] [COLLECTIONS_LIST] Refresh completed
[2025-11-30 20:59:01] [INFO] App component rendered{"apiKey":"set"}
[2025-11-30 20:59:01] [INFO] App component rendered{"apiKey":"set"}
[2025-11-30 20:59:02] [INFO] App component rendered{"apiKey":"set"}
[2025-11-30 20:59:02] [INFO] App component rendered{"apiKey":"set"}
[2025-11-30 20:59:02] [INFO] App component rendered{"apiKey":"set"}
[2025-11-30 20:59:02] [INFO] App component rendered{"apiKey":"set"}
[2025-11-30 20:59:03] [INFO] App component rendered{"apiKey":"set"}
[2025-11-30 20:59:03] [INFO] App component rendered{"apiKey":"set"}
[2025-11-30 20:59:05] [INFO] App component rendered{"apiKey":"set"}
[2025-11-30 20:59:05] [INFO] App component rendered{"apiKey":"set"}
[2025-11-30 20:59:05] [INFO] App component rendered{"apiKey":"set"}
[2025-11-30 20:59:05] [INFO] App component rendered{"apiKey":"set"}
[2025-11-30 20:59:05] [INFO] App component rendered{"apiKey":"set"}
[2025-11-30 20:59:05] [INFO] App component rendered{"apiKey":"set"}
[2025-11-30 20:59:06] [INFO] App component rendered{"apiKey":"set"}
[2025-11-30 20:59:06] [INFO] App component rendered{"apiKey":"set"}
[2025-11-30 20:59:06] [INFO] App component rendered{"apiKey":"set"}
[2025-11-30 20:59:06] [INFO] App component rendered{"apiKey":"set"}
[2025-11-30 20:59:35] [INFO] [COLLECTIONS_LIST] Collections status filter changed{"from":"all","to":"disabled"}
[2025-11-30 20:59:37] [INFO] App component rendered{"apiKey":"set"}
[2025-11-30 20:59:37] [INFO] App component rendered{"apiKey":"set"}
[2025-11-30 20:59:37] [INFO] App component rendered{"apiKey":"set"}
[2025-11-30 20:59:37] [INFO] App component rendered{"apiKey":"set"}
[2025-11-30 20:59:37] [INFO] App component rendered{"apiKey":"set"}
[2025-11-30 20:59:37] [INFO] App component rendered{"apiKey":"set"}
[2025-11-30 20:59:38] [INFO] App component rendered{"apiKey":"set"}
[2025-11-30 20:59:38] [INFO] App component rendered{"apiKey":"set"}
[2025-11-30 20:59:38] [INFO] App component rendered{"apiKey":"set"}
[2025-11-30 20:59:38] [INFO] App component rendered{"apiKey":"set"}
[2025-11-30 20:59:38] [INFO] App component rendered{"apiKey":"set"}
[2025-11-30 20:59:38] [INFO] App component rendered{"apiKey":"set"}
[2025-11-30 20:59:38] [INFO] App component rendered{"apiKey":"set"}
[2025-11-30 20:59:38] [INFO] App component rendered{"apiKey":"set"}
[2025-11-30 20:59:39] [INFO] App component rendered{"apiKey":"set"}
[2025-11-30 20:59:39] [INFO] App component rendered{"apiKey":"set"}
[2025-11-30 20:59:41] [INFO] [COLLECTIONS_LIST] Collections status filter changed{"from":"all","to":"all"}
[2025-11-30 20:59:42] [INFO] App component rendered{"apiKey":"set"}
[2025-11-30 20:59:42] [INFO] App component rendered{"apiKey":"set"}
[2025-11-30 20:59:43] [INFO] App component rendered{"apiKey":"set"}
[2025-11-30 20:59:43] [INFO] App component rendered{"apiKey":"set"}
[2025-11-30 20:59:43] [INFO] App component rendered{"apiKey":"set"}
[2025-11-30 20:59:43] [INFO] App component rendered{"apiKey":"set"}
[2025-11-30 20:59:43] [INFO] App component rendered{"apiKey":"set"}
[2025-11-30 20:59:43] [INFO] App component rendered{"apiKey":"set"}
[2025-11-30 20:59:43] [INFO] App component rendered{"apiKey":"set"}
[2025-11-30 20:59:43] [INFO] App component rendered{"apiKey":"set"}
[2025-11-30 20:59:43] [INFO] App component rendered{"apiKey":"set"}
[2025-11-30 20:59:43] [INFO] App component rendered{"apiKey":"set"}
[2025-11-30 20:59:44] [INFO] App component rendered{"apiKey":"set"}
[2025-11-30 20:59:44] [INFO] App component rendered{"apiKey":"set"}
[2025-11-30 20:59:46] [INFO] App component rendered{"apiKey":"set"}
[2025-11-30 20:59:46] [INFO] App component rendered{"apiKey":"set"}
[2025-11-30 21:02:54] [INFO] App component rendered{"apiKey":"set"}
[2025-11-30 21:02:54] [INFO] App component rendered{"apiKey":"set"}
[2025-11-30 21:03:13] [INFO] App component rendered{"apiKey":"set"}
[2025-11-30 21:03:13] [INFO] App component rendered{"apiKey":"set"}
[2025-11-30 21:03:15] [INFO] App component rendered{"apiKey":"set"}
[2025-11-30 21:03:15] [INFO] App component rendered{"apiKey":"set"}
[2025-11-30 21:03:16] [INFO] App component rendered{"apiKey":"set"}
[2025-11-30 21:03:16] [INFO] App component rendered{"apiKey":"set"}
[2025-11-30 21:03:16] [INFO] App component rendered{"apiKey":"set"}
[2025-11-30 21:03:16] [INFO] App component rendered{"apiKey":"set"}
[2025-11-30 21:03:23] [INFO] [COLLECTIONS_LIST] Collections search submitted{"query":"","statusFilter":"all"}
[2025-11-30 21:03:34] [INFO] App component rendered{"apiKey":"set"}
[2025-11-30 21:03:34] [INFO] App component rendered{"apiKey":"set"}
[2025-11-30 21:03:35] [INFO] App component rendered{"apiKey":"set"}
[2025-11-30 21:03:35] [INFO] App component rendered{"apiKey":"set"}
[2025-11-30 21:03:37] [INFO] App component rendered{"apiKey":"set"}
[2025-11-30 21:03:37] [INFO] App component rendered{"apiKey":"set"}
[2025-11-30 21:04:25] [INFO] App component rendered{"apiKey":"set"}
[2025-11-30 21:04:25] [INFO] [COLLECTIONS_LIST] Navigate to Featured Products{"collectionId":"gid://shopify/Collection/302623719483","title":"Active Heart Failure"}
[2025-11-30 21:04:25] [INFO] App component rendered{"apiKey":"set"}
[2025-11-30 21:04:25] [INFO] App component rendered{"apiKey":"set"}
[2025-11-30 21:04:25] [INFO] App component rendered{"apiKey":"set"}
[2025-11-30 21:04:28] [INFO] App component rendered{"apiKey":"set"}
[2025-11-30 21:04:28] [INFO] App component rendered{"apiKey":"set"}
[2025-11-30 21:04:31] [INFO] App component rendered{"apiKey":"set"}
[2025-11-30 21:04:31] [INFO] App component rendered{"apiKey":"set"}
[2025-11-30 21:04:31] [INFO] App component rendered{"apiKey":"set"}
[2025-11-30 21:04:31] [INFO] App component rendered{"apiKey":"set"}
[2025-11-30 21:04:41] [INFO] App component rendered{"apiKey":"set"}
[2025-11-30 21:04:41] [INFO] App component rendered{"apiKey":"set"}
[2025-11-30 21:04:43] [INFO] App component rendered{"apiKey":"set"}
[2025-11-30 21:04:43] [INFO] App component rendered{"apiKey":"set"}
[2025-11-30 21:04:44] [INFO] App component rendered{"apiKey":"set"}
[2025-11-30 21:04:44] [INFO] App component rendered{"apiKey":"set"}
[2025-11-30 21:04:51] [INFO] App component rendered{"apiKey":"set"}
[2025-11-30 21:04:51] [INFO] App component rendered{"apiKey":"set"}
[2025-11-30 21:04:53] [INFO] [COLLECTIONS_LIST] CollectionsListPageContent component mounted{"initialCollectionsCount":515}
[2025-11-30 21:04:53] [INFO] App component rendered{"apiKey":"set"}
[2025-11-30 21:04:53] [INFO] [COLLECTIONS_LIST] CollectionsListPageContent component mounted{"initialCollectionsCount":515}
[2025-11-30 21:04:53] [INFO] App component rendered{"apiKey":"set"}
[2025-11-30 21:05:02] [INFO] App component rendered{"apiKey":"set"}
[2025-11-30 21:05:02] [INFO] App component rendered{"apiKey":"set"}
[2025-11-30 21:05:16] [INFO] [COLLECTIONS_LIST] Navigate to Featured Products{"collectionId":"gid://shopify/Collection/302621327419","title":"Accessories - Modern"}
[2025-11-30 21:05:16] [INFO] App component rendered{"apiKey":"set"}
[2025-11-30 21:05:16] [INFO] App component rendered{"apiKey":"set"}
[2025-11-30 21:05:18] [INFO] App component rendered{"apiKey":"set"}
[2025-11-30 21:05:18] [INFO] App component rendered{"apiKey":"set"}
[2025-11-30 21:05:21] [INFO] App component rendered{"apiKey":"set"}
[2025-11-30 21:05:21] [INFO] App component rendered{"apiKey":"set"}
[2025-11-30 21:05:21] [INFO] App component rendered{"apiKey":"set"}
[2025-11-30 21:05:21] [INFO] App component rendered{"apiKey":"set"}
[2025-11-30 21:05:43] [INFO] App component rendered{"apiKey":"set"}
[2025-11-30 21:05:43] [INFO] App component rendered{"apiKey":"set"}
[2025-11-30 21:05:44] [INFO] App component rendered{"apiKey":"set"}
[2025-11-30 21:05:44] [INFO] App component rendered{"apiKey":"set"}
[2025-11-30 21:05:44] [INFO] App component rendered{"apiKey":"set"}
[2025-11-30 21:05:44] [INFO] App component rendered{"apiKey":"set"}
[2025-11-30 21:05:45] [INFO] App component rendered{"apiKey":"set"}
[2025-11-30 21:05:45] [INFO] App component rendered{"apiKey":"set"}
[2025-11-30 21:06:02] [INFO] App component rendered{"apiKey":"set"}
[2025-11-30 21:06:02] [INFO] App component rendered{"apiKey":"set"}
[2025-11-30 21:06:38] [INFO] App component rendered{"apiKey":"set"}
[2025-11-30 21:06:38] [INFO] App component rendered{"apiKey":"set"}
[2025-11-30 21:06:39] [INFO] App component rendered{"apiKey":"set"}
[2025-11-30 21:06:39] [INFO] App component rendered{"apiKey":"set"}
[2025-11-30 21:06:40] [INFO] App component rendered{"apiKey":"set"}
[2025-11-30 21:06:40] [INFO] App component rendered{"apiKey":"set"}
[2025-11-30 21:06:41] [INFO] App component rendered{"apiKey":"set"}
[2025-11-30 21:06:41] [INFO] App component rendered{"apiKey":"set"}
[2025-11-30 21:06:44] [INFO] App component rendered{"apiKey":"set"}
[2025-11-30 21:06:44] [INFO] App component rendered{"apiKey":"set"}
[2025-11-30 21:07:02] [INFO] App component rendered{"apiKey":"set"}
[2025-11-30 21:07:02] [INFO] App component rendered{"apiKey":"set"}
[2025-11-30 21:07:04] [INFO] [COLLECTIONS_LIST] CollectionsListPageContent component mounted{"initialCollectionsCount":515}
[2025-11-30 21:07:04] [INFO] [COLLECTIONS_LIST] CollectionsListPageContent component mounted{"initialCollectionsCount":515}
[2025-11-30 21:07:04] [INFO] App component rendered{"apiKey":"set"}
[2025-11-30 21:07:04] [INFO] App component rendered{"apiKey":"set"}
[2025-11-30 21:07:17] [INFO] App component rendered{"apiKey":"set"}
[2025-11-30 21:07:17] [INFO] App component rendered{"apiKey":"set"}
[2025-11-30 21:11:33] [INFO] App component rendered{"apiKey":"set"}
[2025-11-30 21:11:33] [INFO] App component rendered{"apiKey":"set"}
[2025-11-30 21:11:33] [INFO] [COLLECTIONS_LIST] CollectionsListPageContent component mounted{"initialCollectionsCount":515}
[2025-11-30 21:11:33] [INFO] [COLLECTIONS_LIST] CollectionsListPageContent component mounted{"initialCollectionsCount":515}
[2025-11-30 21:11:43] [INFO] App component rendered{"apiKey":"set"}
[2025-11-30 21:11:43] [INFO] App component rendered{"apiKey":"set"}
[2025-11-30 21:12:51] [INFO] [COLLECTIONS_LIST] Navigate to Manage Tag{"collectionId":"gid://shopify/Collection/302621327419","title":"Accessories - Modern"}
[2025-11-30 21:12:51] [INFO] App component rendered{"apiKey":"set"}
[2025-11-30 21:12:51] [INFO] App component rendered{"apiKey":"set"}
[2025-11-30 21:12:53] [INFO] App component rendered{"apiKey":"set"}
[2025-11-30 21:12:53] [INFO] App component rendered{"apiKey":"set"}
[2025-11-30 21:12:55] [INFO] App component rendered{"apiKey":"set"}
[2025-11-30 21:12:55] [INFO] App component rendered{"apiKey":"set"}
[2025-11-30 21:12:56] [INFO] App component rendered{"apiKey":"set"}
[2025-11-30 21:12:56] [INFO] App component rendered{"apiKey":"set"}
[2025-11-30 21:13:14] [INFO] App component rendered{"apiKey":"set"}
[2025-11-30 21:13:14] [INFO] App component rendered{"apiKey":"set"}
[2025-11-30 21:13:16] [INFO] App component rendered{"apiKey":"set"}
[2025-11-30 21:13:16] [INFO] App component rendered{"apiKey":"set"}
[2025-11-30 21:13:22] [INFO] App component rendered{"apiKey":"set"}
[2025-11-30 21:13:22] [INFO] App component rendered{"apiKey":"set"}
[2025-11-30 21:13:22] [INFO] App component rendered{"apiKey":"set"}
[2025-11-30 21:13:22] [INFO] App component rendered{"apiKey":"set"}
[2025-11-30 21:14:19] [INFO] App component rendered{"apiKey":"set"}
[2025-11-30 21:14:19] [INFO] App component rendered{"apiKey":"set"}
[2025-11-30 21:14:22] [INFO] App component rendered{"apiKey":"set"}
[2025-11-30 21:14:22] [INFO] App component rendered{"apiKey":"set"}
[2025-11-30 21:14:27] [INFO] App component rendered{"apiKey":"set"}
[2025-11-30 21:14:27] [INFO] App component rendered{"apiKey":"set"}
[2025-11-30 21:14:28] [INFO] App component rendered{"apiKey":"set"}
[2025-11-30 21:14:28] [INFO] App component rendered{"apiKey":"set"}
[2025-11-30 21:14:53] [INFO] App component rendered{"apiKey":"set"}
[2025-11-30 21:14:53] [INFO] App component rendered{"apiKey":"set"}
[2025-11-30 21:14:55] [INFO] App component rendered{"apiKey":"set"}
[2025-11-30 21:14:55] [INFO] App component rendered{"apiKey":"set"}
[2025-11-30 21:14:56] [INFO] App component rendered{"apiKey":"set"}
[2025-11-30 21:14:56] [INFO] App component rendered{"apiKey":"set"}
[2025-11-30 21:14:56] [INFO] App component rendered{"apiKey":"set"}
[2025-11-30 21:14:56] [INFO] App component rendered{"apiKey":"set"}
[2025-11-30 21:15:01] [INFO] App component rendered{"apiKey":"set"}
[2025-11-30 21:15:01] [INFO] App component rendered{"apiKey":"set"}
[2025-11-30 21:15:02] [INFO] App component rendered{"apiKey":"set"}
[2025-11-30 21:15:02] [INFO] App component rendered{"apiKey":"set"}
[2025-11-30 21:15:23] [INFO] App component rendered{"apiKey":"set"}
[2025-11-30 21:15:23] [INFO] App component rendered{"apiKey":"set"}
[2025-11-30 21:15:25] [INFO] App component rendered{"apiKey":"set"}
[2025-11-30 21:15:25] [INFO] App component rendered{"apiKey":"set"}
[2025-11-30 21:15:31] [INFO] App component rendered{"apiKey":"set"}
[2025-11-30 21:15:31] [INFO] App component rendered{"apiKey":"set"}
[2025-11-30 21:15:32] [INFO] App component rendered{"apiKey":"set"}
[2025-11-30 21:15:32] [INFO] App component rendered{"apiKey":"set"}
