[2025-11-28 09:14:06] [INFO] App component rendered{"apiKey":"set"}
[2025-11-28 09:14:06] [INFO] App component rendered{"apiKey":"set"}
[2025-11-28 09:14:06] [INFO] [COLLECTIONS_LIST] CollectionsListPageContent component mounted{"initialCollectionsCount":515}
[2025-11-28 09:14:06] [INFO] [COLLECTIONS_LIST] CollectionsListPageContent component mounted{"initialCollectionsCount":515}
[2025-11-28 09:14:14] [INFO] App component rendered{"apiKey":"set"}
[2025-11-28 09:14:14] [INFO] App component rendered{"apiKey":"set"}
[2025-11-28 09:16:19] [INFO] [COLLECTIONS_LIST] Navigate to Collection Sorting{"collectionId":"gid://shopify/Collection/302621327419","title":"Accessories - Modern"}
[2025-11-28 09:16:19] [INFO] App component rendered{"apiKey":"set"}
[2025-11-28 09:16:19] [INFO] App component rendered{"apiKey":"set"}
[2025-11-28 09:16:21] [INFO] App component rendered{"apiKey":"set"}
[2025-11-28 09:16:21] [INFO] App component rendered{"apiKey":"set"}
[2025-11-28 09:16:21] [INFO] App component rendered{"apiKey":"set"}
[2025-11-28 09:16:21] [INFO] App component rendered{"apiKey":"set"}
[2025-11-28 09:16:21] [INFO] App component rendered{"apiKey":"set"}
[2025-11-28 09:16:21] [INFO] App component rendered{"apiKey":"set"}
[2025-11-28 09:41:16] [INFO] App component rendered{"apiKey":"set"}
[2025-11-28 09:41:16] [INFO] App component rendered{"apiKey":"set"}
[2025-11-28 09:41:16] [INFO] [COLLECTIONS_LIST] CollectionsListPageContent component mounted{"initialCollectionsCount":515}
[2025-11-28 09:41:16] [INFO] [COLLECTIONS_LIST] CollectionsListPageContent component mounted{"initialCollectionsCount":515}
[2025-11-28 09:41:23] [INFO] App component rendered{"apiKey":"set"}
[2025-11-28 09:41:23] [INFO] App component rendered{"apiKey":"set"}
[2025-11-28 09:41:33] [INFO] App component rendered{"apiKey":"set"}
[2025-11-28 09:41:33] [INFO] App component rendered{"apiKey":"set"}
[2025-11-28 09:41:33] [INFO] [COLLECTIONS_LIST] Navigate to Collection Sorting{"collectionId":"gid://shopify/Collection/302621327419","title":"Accessories - Modern"}
[2025-11-28 09:41:35] [INFO] App component rendered{"apiKey":"set"}
[2025-11-28 09:41:35] [INFO] App component rendered{"apiKey":"set"}
[2025-11-28 09:41:35] [INFO] App component rendered{"apiKey":"set"}
[2025-11-28 09:41:35] [INFO] App component rendered{"apiKey":"set"}
[2025-11-28 09:41:35] [INFO] App component rendered{"apiKey":"set"}
[2025-11-28 09:41:35] [INFO] App component rendered{"apiKey":"set"}
[2025-11-28 09:45:39] [INFO] App component rendered{"apiKey":"set"}
[2025-11-28 09:45:39] [INFO] App component rendered{"apiKey":"set"}
[2025-11-28 09:56:42] [INFO] App component rendered{"apiKey":"set"}
[2025-11-28 09:56:42] [INFO] App component rendered{"apiKey":"set"}
[2025-11-28 09:56:52] [INFO] App component rendered{"apiKey":"set"}
[2025-11-28 09:56:52] [INFO] App component rendered{"apiKey":"set"}
[2025-11-28 09:57:08] [INFO] App component rendered{"apiKey":"set"}
[2025-11-28 09:57:08] [INFO] App component rendered{"apiKey":"set"}
[2025-11-28 09:57:08] [INFO] App component rendered{"apiKey":"set"}
[2025-11-28 09:57:08] [INFO] App component rendered{"apiKey":"set"}
[2025-11-28 09:57:11] [INFO] [COLLECTIONS_LIST] CollectionsListPageContent component mounted{"initialCollectionsCount":515}
[2025-11-28 09:57:11] [INFO] App component rendered{"apiKey":"set"}
[2025-11-28 09:57:11] [INFO] [COLLECTIONS_LIST] CollectionsListPageContent component mounted{"initialCollectionsCount":515}
[2025-11-28 09:57:11] [INFO] App component rendered{"apiKey":"set"}
[2025-11-28 09:57:14] [INFO] App component rendered{"apiKey":"set"}
[2025-11-28 09:57:14] [INFO] App component rendered{"apiKey":"set"}
[2025-11-28 09:57:19] [INFO] [COLLECTIONS_LIST] Edit collection in Shopify clicked{"collectionId":"gid://shopify/Collection/302621327419","title":"Accessories - Modern"}
[2025-11-28 09:57:21] [INFO] [COLLECTIONS_LIST] View collection in store clicked{"collectionId":"gid://shopify/Collection/302621327419","title":"Accessories - Modern"}
[2025-11-28 09:57:35] [INFO] App component rendered{"apiKey":"set"}
[2025-11-28 09:57:35] [INFO] [COLLECTIONS_LIST] Navigate to collection settings clicked{"collectionId":"gid://shopify/Collection/302621327419","title":"Accessories - Modern"}
[2025-11-28 09:57:35] [INFO] App component rendered{"apiKey":"set"}
[2025-11-28 09:57:36] [INFO] [COLLECTIONS_LIST] Navigate to collection settings clicked{"collectionId":"gid://shopify/Collection/302621327419","title":"Accessories - Modern"}
[2025-11-28 09:57:37] [INFO] App component rendered{"apiKey":"set"}
[2025-11-28 09:57:37] [INFO] App component rendered{"apiKey":"set"}
[2025-11-28 09:57:38] [INFO] App component rendered{"apiKey":"set"}
[2025-11-28 09:57:38] [INFO] App component rendered{"apiKey":"set"}
[2025-11-28 09:57:39] [INFO] App component rendered{"apiKey":"set"}
[2025-11-28 09:57:39] [INFO] App component rendered{"apiKey":"set"}
[2025-11-28 09:57:40] [INFO] App component rendered{"apiKey":"set"}
[2025-11-28 09:57:40] [INFO] App component rendered{"apiKey":"set"}
[2025-11-28 09:57:40] [INFO] App component rendered{"apiKey":"set"}
[2025-11-28 09:57:40] [INFO] App component rendered{"apiKey":"set"}
[2025-11-28 09:57:44] [INFO] App component rendered{"apiKey":"set"}
[2025-11-28 09:57:44] [INFO] App component rendered{"apiKey":"set"}
[2025-11-28 09:57:46] [INFO] App component rendered{"apiKey":"set"}
[2025-11-28 09:57:46] [INFO] App component rendered{"apiKey":"set"}
[2025-11-28 09:57:46] [INFO] [COLLECTIONS_LIST] CollectionsListPageContent component mounted{"initialCollectionsCount":515}
[2025-11-28 09:57:46] [INFO] [COLLECTIONS_LIST] CollectionsListPageContent component mounted{"initialCollectionsCount":515}
[2025-11-28 09:58:13] [INFO] App component rendered{"apiKey":"set"}
[2025-11-28 09:58:13] [INFO] App component rendered{"apiKey":"set"}
[2025-11-28 09:58:13] [INFO] [COLLECTIONS_LIST] CollectionsListPageContent component mounted{"initialCollectionsCount":515}
[2025-11-28 09:58:13] [INFO] [COLLECTIONS_LIST] CollectionsListPageContent component mounted{"initialCollectionsCount":515}
[2025-11-28 09:58:22] [INFO] App component rendered{"apiKey":"set"}
[2025-11-28 09:58:22] [INFO] App component rendered{"apiKey":"set"}
[2025-11-28 09:58:23] [INFO] App component rendered{"apiKey":"set"}
[2025-11-28 09:58:23] [INFO] App component rendered{"apiKey":"set"}
[2025-11-28 09:58:24] [INFO] App component rendered{"apiKey":"set"}
[2025-11-28 09:58:24] [INFO] App component rendered{"apiKey":"set"}
[2025-11-28 09:58:25] [INFO] [COLLECTIONS_LIST] Navigate to Collection Sorting{"collectionId":"gid://shopify/Collection/302621327419","title":"Accessories - Modern"}
[2025-11-28 09:58:25] [INFO] App component rendered{"apiKey":"set"}
[2025-11-28 09:58:25] [INFO] App component rendered{"apiKey":"set"}
[2025-11-28 09:58:26] [INFO] App component rendered{"apiKey":"set"}
[2025-11-28 09:58:26] [INFO] App component rendered{"apiKey":"set"}
[2025-11-28 09:58:28] [INFO] App component rendered{"apiKey":"set"}
[2025-11-28 09:58:28] [INFO] App component rendered{"apiKey":"set"}
[2025-11-28 09:58:28] [INFO] App component rendered{"apiKey":"set"}
[2025-11-28 09:58:28] [INFO] App component rendered{"apiKey":"set"}
[2025-11-28 09:58:36] [INFO] App component rendered{"apiKey":"set"}
[2025-11-28 09:58:36] [INFO] App component rendered{"apiKey":"set"}
[2025-11-28 09:58:36] [INFO] App component rendered{"apiKey":"set"}
[2025-11-28 09:58:36] [INFO] App component rendered{"apiKey":"set"}
[2025-11-28 09:58:36] [INFO] App component rendered{"apiKey":"set"}
[2025-11-28 09:58:36] [INFO] App component rendered{"apiKey":"set"}
[2025-11-28 09:58:39] [INFO] App component rendered{"apiKey":"set"}
[2025-11-28 09:58:39] [INFO] App component rendered{"apiKey":"set"}
[2025-11-28 09:58:45] [INFO] App component rendered{"apiKey":"set"}
[2025-11-28 09:58:45] [INFO] App component rendered{"apiKey":"set"}
[2025-11-28 09:58:45] [INFO] App component rendered{"apiKey":"set"}
[2025-11-28 09:58:45] [INFO] App component rendered{"apiKey":"set"}
[2025-11-28 09:59:43] [INFO] App component rendered{"apiKey":"set"}
[2025-11-28 09:59:43] [INFO] App component rendered{"apiKey":"set"}
[2025-11-28 10:03:13] [INFO] App component rendered{"apiKey":"set"}
[2025-11-28 10:03:13] [INFO] App component rendered{"apiKey":"set"}
[2025-11-28 10:03:22] [INFO] App component rendered{"apiKey":"set"}
[2025-11-28 10:03:22] [INFO] App component rendered{"apiKey":"set"}
[2025-11-28 10:05:52] [INFO] App component rendered{"apiKey":"set"}
[2025-11-28 10:05:52] [INFO] App component rendered{"apiKey":"set"}
[2025-11-28 10:05:54] [INFO] App component rendered{"apiKey":"set"}
[2025-11-28 10:05:54] [INFO] App component rendered{"apiKey":"set"}
[2025-11-28 10:05:54] [INFO] App component rendered{"apiKey":"set"}
[2025-11-28 10:05:54] [INFO] App component rendered{"apiKey":"set"}
[2025-11-28 10:06:00] [INFO] App component rendered{"apiKey":"set"}
[2025-11-28 10:06:00] [INFO] App component rendered{"apiKey":"set"}
[2025-11-28 10:06:01] [INFO] App component rendered{"apiKey":"set"}
[2025-11-28 10:06:01] [INFO] App component rendered{"apiKey":"set"}
[2025-11-28 10:06:58] [INFO] App component rendered{"apiKey":"set"}
[2025-11-28 10:06:58] [INFO] App component rendered{"apiKey":"set"}
[2025-11-28 10:07:00] [INFO] App component rendered{"apiKey":"set"}
[2025-11-28 10:07:00] [INFO] App component rendered{"apiKey":"set"}
[2025-11-28 10:07:00] [INFO] App component rendered{"apiKey":"set"}
[2025-11-28 10:07:00] [INFO] App component rendered{"apiKey":"set"}
[2025-11-28 10:07:01] [INFO] App component rendered{"apiKey":"set"}
[2025-11-28 10:07:01] [INFO] App component rendered{"apiKey":"set"}
[2025-11-28 10:07:02] [INFO] App component rendered{"apiKey":"set"}
[2025-11-28 10:07:02] [INFO] App component rendered{"apiKey":"set"}
[2025-11-28 10:07:03] [INFO] App component rendered{"apiKey":"set"}
[2025-11-28 10:07:03] [INFO] App component rendered{"apiKey":"set"}
[2025-11-28 10:07:04] [INFO] App component rendered{"apiKey":"set"}
[2025-11-28 10:07:04] [INFO] App component rendered{"apiKey":"set"}
[2025-11-28 10:07:05] [INFO] App component rendered{"apiKey":"set"}
[2025-11-28 10:07:05] [INFO] App component rendered{"apiKey":"set"}
[2025-11-28 10:07:05] [INFO] App component rendered{"apiKey":"set"}
[2025-11-28 10:07:05] [INFO] App component rendered{"apiKey":"set"}
[2025-11-28 10:07:06] [INFO] App component rendered{"apiKey":"set"}
[2025-11-28 10:07:06] [INFO] App component rendered{"apiKey":"set"}
[2025-11-28 10:07:06] [INFO] App component rendered{"apiKey":"set"}
[2025-11-28 10:07:06] [INFO] App component rendered{"apiKey":"set"}
[2025-11-28 10:07:06] [INFO] App component rendered{"apiKey":"set"}
[2025-11-28 10:07:06] [INFO] App component rendered{"apiKey":"set"}
[2025-11-28 10:07:10] [INFO] App component rendered{"apiKey":"set"}
[2025-11-28 10:07:10] [INFO] App component rendered{"apiKey":"set"}
[2025-11-28 10:07:11] [INFO] App component rendered{"apiKey":"set"}
[2025-11-28 10:07:11] [INFO] App component rendered{"apiKey":"set"}
[2025-11-28 10:07:17] [INFO] App component rendered{"apiKey":"set"}
[2025-11-28 10:07:17] [INFO] App component rendered{"apiKey":"set"}
[2025-11-28 10:07:17] [INFO] App component rendered{"apiKey":"set"}
[2025-11-28 10:07:17] [INFO] App component rendered{"apiKey":"set"}
[2025-11-28 10:38:44] [INFO] App component rendered{"apiKey":"set"}
[2025-11-28 10:38:44] [INFO] App component rendered{"apiKey":"set"}
[2025-11-28 10:44:00] [INFO] App component rendered{"apiKey":"set"}
[2025-11-28 10:44:00] [INFO] App component rendered{"apiKey":"set"}
[2025-11-28 10:46:11] [INFO] App component rendered{"apiKey":"set"}
[2025-11-28 10:46:11] [INFO] App component rendered{"apiKey":"set"}
[2025-11-28 10:46:20] [INFO] App component rendered{"apiKey":"set"}
[2025-11-28 10:46:20] [INFO] App component rendered{"apiKey":"set"}
[2025-11-28 10:48:01] [INFO] App component rendered{"apiKey":"set"}
[2025-11-28 10:48:01] [INFO] App component rendered{"apiKey":"set"}
[2025-11-28 10:48:02] [INFO] App component rendered{"apiKey":"set"}
[2025-11-28 10:48:02] [INFO] App component rendered{"apiKey":"set"}
[2025-11-28 10:48:03] [INFO] App component rendered{"apiKey":"set"}
[2025-11-28 10:48:03] [INFO] App component rendered{"apiKey":"set"}
[2025-11-28 10:48:03] [INFO] App component rendered{"apiKey":"set"}
[2025-11-28 10:48:03] [INFO] App component rendered{"apiKey":"set"}
[2025-11-28 10:48:09] [INFO] App component rendered{"apiKey":"set"}
[2025-11-28 10:48:09] [INFO] App component rendered{"apiKey":"set"}
[2025-11-28 10:48:10] [INFO] App component rendered{"apiKey":"set"}
[2025-11-28 10:48:10] [INFO] App component rendered{"apiKey":"set"}
[2025-11-28 10:48:59] [INFO] App component rendered{"apiKey":"set"}
[2025-11-28 10:48:59] [INFO] App component rendered{"apiKey":"set"}
[2025-11-28 10:48:59] [INFO] [COLLECTIONS_LIST] CollectionsListPageContent component mounted{"initialCollectionsCount":515}
[2025-11-28 10:48:59] [INFO] [COLLECTIONS_LIST] CollectionsListPageContent component mounted{"initialCollectionsCount":515}
[2025-11-28 10:49:10] [INFO] App component rendered{"apiKey":"set"}
[2025-11-28 10:49:10] [INFO] App component rendered{"apiKey":"set"}
[2025-11-28 10:50:11] [INFO] App component rendered{"apiKey":"set"}
[2025-11-28 10:50:11] [INFO] App component rendered{"apiKey":"set"}
[2025-11-28 10:50:19] [INFO] App component rendered{"apiKey":"set"}
[2025-11-28 10:50:19] [INFO] App component rendered{"apiKey":"set"}
[2025-11-28 10:50:20] [INFO] App component rendered{"apiKey":"set"}
[2025-11-28 10:50:20] [INFO] App component rendered{"apiKey":"set"}
[2025-11-28 10:50:22] [INFO] [COLLECTIONS_LIST] Search suggestion selected{"collectionId":"gid://shopify/Collection/303119171643","collectionTitle":"Hijabs"}
[2025-11-28 10:50:22] [INFO] [COLLECTIONS_LIST] Collections search submitted{"query":"Hijabs","statusFilter":"all"}
[2025-11-28 10:50:22] [INFO] App component rendered{"apiKey":"set"}
[2025-11-28 10:50:22] [INFO] App component rendered{"apiKey":"set"}
[2025-11-28 10:50:23] [INFO] [COLLECTIONS_LIST] Edit collection in Shopify clicked{"collectionId":"gid://shopify/Collection/303119171643","title":"Hijabs"}
[2025-11-28 10:50:23] [INFO] App component rendered{"apiKey":"set"}
[2025-11-28 10:50:23] [INFO] App component rendered{"apiKey":"set"}
[2025-11-28 10:50:24] [INFO] [COLLECTIONS_LIST] View collection in store clicked{"collectionId":"gid://shopify/Collection/303119171643","title":"Hijabs"}
[2025-11-28 10:50:28] [INFO] App component rendered{"apiKey":"set"}
[2025-11-28 10:50:28] [INFO] [COLLECTIONS_LIST] Navigate to Collection Sorting{"collectionId":"gid://shopify/Collection/303119171643","title":"Hijabs"}
[2025-11-28 10:50:28] [INFO] App component rendered{"apiKey":"set"}
[2025-11-28 10:50:30] [INFO] App component rendered{"apiKey":"set"}
[2025-11-28 10:50:30] [INFO] App component rendered{"apiKey":"set"}
[2025-11-28 10:50:31] [INFO] App component rendered{"apiKey":"set"}
[2025-11-28 10:50:31] [INFO] App component rendered{"apiKey":"set"}
[2025-11-28 10:50:31] [INFO] App component rendered{"apiKey":"set"}
[2025-11-28 10:50:31] [INFO] App component rendered{"apiKey":"set"}
[2025-11-28 10:51:44] [INFO] App component rendered{"apiKey":"set"}
[2025-11-28 10:51:44] [INFO] [COLLECTIONS_LIST] CollectionsListPageContent component mounted{"initialCollectionsCount":515}
[2025-11-28 10:51:44] [INFO] App component rendered{"apiKey":"set"}
[2025-11-28 10:51:44] [INFO] [COLLECTIONS_LIST] CollectionsListPageContent component mounted{"initialCollectionsCount":515}
[2025-11-28 10:51:51] [INFO] App component rendered{"apiKey":"set"}
[2025-11-28 10:51:51] [INFO] App component rendered{"apiKey":"set"}
[2025-11-28 10:53:06] [INFO] App component rendered{"apiKey":"set"}
[2025-11-28 10:53:06] [INFO] App component rendered{"apiKey":"set"}
[2025-11-28 10:53:07] [INFO] App component rendered{"apiKey":"set"}
[2025-11-28 10:53:07] [INFO] [COLLECTIONS_LIST] Search suggestion selected{"collectionId":"gid://shopify/Collection/303119171643","collectionTitle":"Hijabs"}
[2025-11-28 10:53:07] [INFO] [COLLECTIONS_LIST] Collections search submitted{"query":"Hijabs","statusFilter":"all"}
[2025-11-28 10:53:07] [INFO] App component rendered{"apiKey":"set"}
[2025-11-28 10:53:09] [INFO] App component rendered{"apiKey":"set"}
[2025-11-28 10:53:09] [INFO] App component rendered{"apiKey":"set"}
[2025-11-28 10:53:12] [INFO] App component rendered{"apiKey":"set"}
[2025-11-28 10:53:12] [INFO] App component rendered{"apiKey":"set"}
[2025-11-28 10:53:12] [INFO] [COLLECTIONS_LIST] Navigate to Featured Products{"collectionId":"gid://shopify/Collection/303119171643","title":"Hijabs"}
[2025-11-28 10:53:13] [INFO] App component rendered{"apiKey":"set"}
[2025-11-28 10:53:13] [INFO] App component rendered{"apiKey":"set"}
[2025-11-28 10:53:15] [INFO] App component rendered{"apiKey":"set"}
[2025-11-28 10:53:15] [INFO] App component rendered{"apiKey":"set"}
[2025-11-28 10:53:15] [INFO] App component rendered{"apiKey":"set"}
[2025-11-28 10:53:15] [INFO] App component rendered{"apiKey":"set"}
[2025-11-28 10:53:26] [INFO] App component rendered{"apiKey":"set"}
[2025-11-28 10:53:26] [INFO] App component rendered{"apiKey":"set"}
[2025-11-28 10:53:27] [INFO] App component rendered{"apiKey":"set"}
[2025-11-28 10:53:27] [INFO] App component rendered{"apiKey":"set"}
[2025-11-28 10:53:27] [INFO] App component rendered{"apiKey":"set"}
[2025-11-28 10:53:27] [INFO] App component rendered{"apiKey":"set"}
[2025-11-28 10:53:28] [INFO] App component rendered{"apiKey":"set"}
[2025-11-28 10:53:28] [INFO] App component rendered{"apiKey":"set"}
[2025-11-28 10:53:42] [INFO] App component rendered{"apiKey":"set"}
[2025-11-28 10:53:42] [INFO] App component rendered{"apiKey":"set"}
[2025-11-28 10:53:45] [INFO] App component rendered{"apiKey":"set"}
[2025-11-28 10:53:45] [INFO] App component rendered{"apiKey":"set"}
[2025-11-28 10:53:46] [INFO] App component rendered{"apiKey":"set"}
[2025-11-28 10:53:46] [INFO] App component rendered{"apiKey":"set"}
[2025-11-28 10:53:46] [INFO] App component rendered{"apiKey":"set"}
[2025-11-28 10:53:46] [INFO] App component rendered{"apiKey":"set"}
[2025-11-28 10:53:47] [INFO] App component rendered{"apiKey":"set"}
[2025-11-28 10:53:47] [INFO] App component rendered{"apiKey":"set"}
[2025-11-28 10:53:51] [INFO] App component rendered{"apiKey":"set"}
[2025-11-28 10:53:51] [INFO] App component rendered{"apiKey":"set"}
[2025-11-28 10:54:29] [INFO] App component rendered{"apiKey":"set"}
[2025-11-28 10:54:29] [INFO] App component rendered{"apiKey":"set"}
[2025-11-28 10:54:30] [INFO] App component rendered{"apiKey":"set"}
[2025-11-28 10:54:30] [INFO] App component rendered{"apiKey":"set"}
[2025-11-28 10:54:31] [INFO] App component rendered{"apiKey":"set"}
[2025-11-28 10:54:31] [INFO] App component rendered{"apiKey":"set"}
[2025-11-28 10:54:31] [INFO] App component rendered{"apiKey":"set"}
[2025-11-28 10:54:31] [INFO] App component rendered{"apiKey":"set"}
[2025-11-28 10:54:32] [INFO] App component rendered{"apiKey":"set"}
[2025-11-28 10:54:32] [INFO] App component rendered{"apiKey":"set"}
[2025-11-28 10:54:38] [INFO] App component rendered{"apiKey":"set"}
[2025-11-28 10:54:38] [INFO] App component rendered{"apiKey":"set"}
[2025-11-28 10:54:39] [INFO] App component rendered{"apiKey":"set"}
[2025-11-28 10:54:39] [INFO] App component rendered{"apiKey":"set"}
[2025-11-28 10:54:56] [INFO] App component rendered{"apiKey":"set"}
[2025-11-28 10:54:56] [INFO] App component rendered{"apiKey":"set"}
[2025-11-28 10:54:56] [INFO] App component rendered{"apiKey":"set"}
[2025-11-28 10:54:56] [INFO] App component rendered{"apiKey":"set"}
[2025-11-28 10:54:57] [INFO] App component rendered{"apiKey":"set"}
[2025-11-28 10:54:57] [INFO] App component rendered{"apiKey":"set"}
[2025-11-28 10:54:58] [INFO] App component rendered{"apiKey":"set"}
[2025-11-28 10:54:58] [INFO] App component rendered{"apiKey":"set"}
[2025-11-28 10:55:03] [INFO] App component rendered{"apiKey":"set"}
[2025-11-28 10:55:03] [INFO] App component rendered{"apiKey":"set"}
[2025-11-28 10:55:04] [INFO] App component rendered{"apiKey":"set"}
[2025-11-28 10:55:04] [INFO] App component rendered{"apiKey":"set"}
[2025-11-28 10:55:16] [INFO] App component rendered{"apiKey":"set"}
[2025-11-28 10:55:16] [INFO] App component rendered{"apiKey":"set"}
[2025-11-28 10:55:16] [INFO] App component rendered{"apiKey":"set"}
[2025-11-28 10:55:16] [INFO] App component rendered{"apiKey":"set"}
[2025-11-28 10:55:17] [INFO] App component rendered{"apiKey":"set"}
[2025-11-28 10:55:17] [INFO] App component rendered{"apiKey":"set"}
[2025-11-28 10:55:19] [INFO] App component rendered{"apiKey":"set"}
[2025-11-28 10:55:19] [INFO] App component rendered{"apiKey":"set"}
[2025-11-28 10:55:25] [INFO] App component rendered{"apiKey":"set"}
[2025-11-28 10:55:25] [INFO] App component rendered{"apiKey":"set"}
[2025-11-28 10:55:27] [INFO] App component rendered{"apiKey":"set"}
[2025-11-28 10:55:27] [INFO] App component rendered{"apiKey":"set"}
[2025-11-28 11:02:21] [INFO] App component rendered{"apiKey":"set"}
[2025-11-28 11:02:21] [INFO] App component rendered{"apiKey":"set"}
[2025-11-28 11:02:23] [INFO] App component rendered{"apiKey":"set"}
[2025-11-28 11:02:23] [INFO] App component rendered{"apiKey":"set"}
[2025-11-28 11:02:31] [INFO] App component rendered{"apiKey":"set"}
[2025-11-28 11:02:31] [INFO] App component rendered{"apiKey":"set"}
[2025-11-28 11:02:32] [INFO] App component rendered{"apiKey":"set"}
[2025-11-28 11:02:32] [INFO] App component rendered{"apiKey":"set"}
[2025-11-28 11:02:38] [INFO] App component rendered{"apiKey":"set"}
[2025-11-28 11:02:38] [INFO] App component rendered{"apiKey":"set"}
[2025-11-28 11:07:45] [INFO] App component rendered{"apiKey":"set"}
[2025-11-28 11:07:45] [INFO] App component rendered{"apiKey":"set"}
[2025-11-28 11:13:54] [INFO] App component rendered{"apiKey":"set"}
[2025-11-28 11:13:54] [INFO] App component rendered{"apiKey":"set"}
[2025-11-28 11:14:37] [INFO] App component rendered{"apiKey":"set"}
[2025-11-28 11:14:37] [INFO] App component rendered{"apiKey":"set"}
[2025-11-28 11:14:58] [INFO] App component rendered{"apiKey":"set"}
[2025-11-28 11:14:58] [INFO] App component rendered{"apiKey":"set"}
[2025-11-28 12:14:17] [INFO] App component rendered{"apiKey":"set"}
[2025-11-28 12:14:17] [INFO] App component rendered{"apiKey":"set"}
[2025-11-28 12:14:17] [INFO] [COLLECTIONS_LIST] CollectionsListPageContent component mounted{"initialCollectionsCount":515}
[2025-11-28 12:14:17] [INFO] [COLLECTIONS_LIST] CollectionsListPageContent component mounted{"initialCollectionsCount":515}
[2025-11-28 12:14:29] [INFO] App component rendered{"apiKey":"set"}
[2025-11-28 12:14:29] [INFO] App component rendered{"apiKey":"set"}
[2025-11-28 12:14:37] [INFO] [COLLECTIONS_LIST] Navigate to Collection Sorting{"collectionId":"gid://shopify/Collection/302621327419","title":"Accessories - Modern"}
[2025-11-28 12:14:37] [INFO] App component rendered{"apiKey":"set"}
[2025-11-28 12:14:37] [INFO] App component rendered{"apiKey":"set"}
[2025-11-28 12:14:39] [INFO] App component rendered{"apiKey":"set"}
[2025-11-28 12:14:39] [INFO] App component rendered{"apiKey":"set"}
[2025-11-28 12:14:39] [INFO] App component rendered{"apiKey":"set"}
[2025-11-28 12:14:39] [INFO] App component rendered{"apiKey":"set"}
[2025-11-28 12:14:40] [INFO] App component rendered{"apiKey":"set"}
[2025-11-28 12:14:40] [INFO] App component rendered{"apiKey":"set"}
[2025-11-28 12:14:40] [INFO] App component rendered{"apiKey":"set"}
[2025-11-28 12:14:40] [INFO] App component rendered{"apiKey":"set"}
[2025-11-28 12:14:41] [INFO] App component rendered{"apiKey":"set"}
[2025-11-28 12:14:41] [INFO] App component rendered{"apiKey":"set"}
[2025-11-28 12:21:28] [INFO] App component rendered{"apiKey":"set"}
[2025-11-28 12:21:28] [INFO] App component rendered{"apiKey":"set"}
[2025-11-28 12:33:03] [INFO] App component rendered{"apiKey":"set"}
[2025-11-28 12:33:03] [INFO] App component rendered{"apiKey":"set"}
[2025-11-28 12:33:31] [INFO] App component rendered{"apiKey":"set"}
[2025-11-28 12:33:31] [INFO] App component rendered{"apiKey":"set"}
[2025-11-28 12:33:32] [INFO] App component rendered{"apiKey":"set"}
[2025-11-28 12:33:32] [INFO] App component rendered{"apiKey":"set"}
[2025-11-28 12:35:49] [INFO] App component rendered{"apiKey":"set"}
[2025-11-28 12:35:49] [INFO] App component rendered{"apiKey":"set"}
[2025-11-28 12:40:53] [INFO] App component rendered{"apiKey":"set"}
[2025-11-28 12:40:53] [INFO] App component rendered{"apiKey":"set"}
[2025-11-28 12:40:54] [INFO] App component rendered{"apiKey":"set"}
[2025-11-28 12:40:54] [INFO] App component rendered{"apiKey":"set"}
[2025-11-28 12:40:56] [INFO] App component rendered{"apiKey":"set"}
[2025-11-28 12:40:56] [INFO] App component rendered{"apiKey":"set"}
[2025-11-28 12:46:04] [INFO] App component rendered{"apiKey":"set"}
[2025-11-28 12:46:04] [INFO] App component rendered{"apiKey":"set"}
[2025-11-28 12:46:06] [INFO] App component rendered{"apiKey":"set"}
[2025-11-28 12:46:06] [INFO] App component rendered{"apiKey":"set"}
[2025-11-28 12:47:00] [INFO] App component rendered{"apiKey":"set"}
[2025-11-28 12:47:00] [INFO] App component rendered{"apiKey":"set"}
[2025-11-28 12:47:36] [INFO] App component rendered{"apiKey":"set"}
[2025-11-28 12:47:36] [INFO] App component rendered{"apiKey":"set"}
[2025-11-28 12:47:36] [INFO] App component rendered{"apiKey":"set"}
[2025-11-28 12:47:36] [INFO] App component rendered{"apiKey":"set"}
[2025-11-28 12:47:39] [INFO] App component rendered{"apiKey":"set"}
[2025-11-28 12:47:39] [INFO] [COLLECTIONS_LIST] CollectionsListPageContent component mounted{"initialCollectionsCount":515}
[2025-11-28 12:47:39] [INFO] [COLLECTIONS_LIST] CollectionsListPageContent component mounted{"initialCollectionsCount":515}
[2025-11-28 12:47:39] [INFO] App component rendered{"apiKey":"set"}
[2025-11-28 12:47:42] [INFO] App component rendered{"apiKey":"set"}
[2025-11-28 12:47:42] [INFO] App component rendered{"apiKey":"set"}
[2025-11-28 12:48:00] [INFO] [COLLECTIONS_LIST] Navigate to collection settings clicked{"collectionId":"gid://shopify/Collection/302621327419","title":"Accessories - Modern"}
[2025-11-28 12:48:00] [INFO] App component rendered{"apiKey":"set"}
[2025-11-28 12:48:00] [INFO] App component rendered{"apiKey":"set"}
[2025-11-28 12:48:02] [INFO] App component rendered{"apiKey":"set"}
[2025-11-28 12:48:02] [INFO] App component rendered{"apiKey":"set"}
[2025-11-28 12:48:02] [INFO] [COLLECTIONS_LIST] Navigate to collection settings clicked{"collectionId":"gid://shopify/Collection/302621327419","title":"Accessories - Modern"}
[2025-11-28 12:48:03] [INFO] App component rendered{"apiKey":"set"}
[2025-11-28 12:48:03] [INFO] App component rendered{"apiKey":"set"}
[2025-11-28 12:48:04] [INFO] [COLLECTIONS_LIST] Navigate to collection settings clicked{"collectionId":"gid://shopify/Collection/302621327419","title":"Accessories - Modern"}
[2025-11-28 12:48:04] [INFO] App component rendered{"apiKey":"set"}
[2025-11-28 12:48:04] [INFO] App component rendered{"apiKey":"set"}
[2025-11-28 12:48:05] [INFO] App component rendered{"apiKey":"set"}
[2025-11-28 12:48:05] [INFO] App component rendered{"apiKey":"set"}
[2025-11-28 12:48:05] [INFO] App component rendered{"apiKey":"set"}
[2025-11-28 12:48:05] [INFO] App component rendered{"apiKey":"set"}
[2025-11-28 12:48:06] [INFO] App component rendered{"apiKey":"set"}
[2025-11-28 12:48:06] [INFO] App component rendered{"apiKey":"set"}
[2025-11-28 12:48:06] [INFO] App component rendered{"apiKey":"set"}
[2025-11-28 12:48:06] [INFO] App component rendered{"apiKey":"set"}
[2025-11-28 12:48:07] [INFO] App component rendered{"apiKey":"set"}
[2025-11-28 12:48:07] [INFO] App component rendered{"apiKey":"set"}
[2025-11-28 14:26:25] [INFO] App component rendered{"apiKey":"set"}
[2025-11-28 14:26:25] [INFO] App component rendered{"apiKey":"set"}
[2025-11-28 14:26:25] [INFO] [COLLECTIONS_LIST] CollectionsListPageContent component mounted{"initialCollectionsCount":515}
[2025-11-28 14:26:25] [INFO] [COLLECTIONS_LIST] CollectionsListPageContent component mounted{"initialCollectionsCount":515}
[2025-11-28 14:26:32] [INFO] App component rendered{"apiKey":"set"}
[2025-11-28 14:26:32] [INFO] App component rendered{"apiKey":"set"}
[2025-11-28 14:26:33] [INFO] App component rendered{"apiKey":"set"}
[2025-11-28 14:26:33] [INFO] App component rendered{"apiKey":"set"}
[2025-11-28 14:26:33] [INFO] App component rendered{"apiKey":"set"}
[2025-11-28 14:26:33] [INFO] App component rendered{"apiKey":"set"}
[2025-11-28 14:26:33] [INFO] App component rendered{"apiKey":"set"}
[2025-11-28 14:26:33] [INFO] App component rendered{"apiKey":"set"}
[2025-11-28 14:26:34] [INFO] App component rendered{"apiKey":"set"}
[2025-11-28 14:26:34] [INFO] App component rendered{"apiKey":"set"}
[2025-11-28 14:26:34] [INFO] App component rendered{"apiKey":"set"}
[2025-11-28 14:26:34] [INFO] App component rendered{"apiKey":"set"}
[2025-11-28 14:26:34] [INFO] App component rendered{"apiKey":"set"}
[2025-11-28 14:26:34] [INFO] App component rendered{"apiKey":"set"}
[2025-11-28 14:26:34] [INFO] App component rendered{"apiKey":"set"}
[2025-11-28 14:26:34] [INFO] App component rendered{"apiKey":"set"}
[2025-11-28 14:26:35] [INFO] App component rendered{"apiKey":"set"}
[2025-11-28 14:26:35] [INFO] App component rendered{"apiKey":"set"}
[2025-11-28 14:26:35] [INFO] App component rendered{"apiKey":"set"}
[2025-11-28 14:26:35] [INFO] App component rendered{"apiKey":"set"}
[2025-11-28 14:26:35] [INFO] App component rendered{"apiKey":"set"}
[2025-11-28 14:26:35] [INFO] App component rendered{"apiKey":"set"}
[2025-11-28 14:26:35] [INFO] App component rendered{"apiKey":"set"}
[2025-11-28 14:26:35] [INFO] App component rendered{"apiKey":"set"}
[2025-11-28 14:26:38] [INFO] App component rendered{"apiKey":"set"}
[2025-11-28 14:26:38] [INFO] App component rendered{"apiKey":"set"}
[2025-11-28 14:26:38] [INFO] [COLLECTIONS_LIST] Navigate to Collection Sorting{"collectionId":"gid://shopify/Collection/302621327419","title":"Accessories - Modern"}
[2025-11-28 14:26:39] [INFO] App component rendered{"apiKey":"set"}
[2025-11-28 14:26:39] [INFO] App component rendered{"apiKey":"set"}
[2025-11-28 14:26:41] [INFO] App component rendered{"apiKey":"set"}
[2025-11-28 14:26:41] [INFO] App component rendered{"apiKey":"set"}
[2025-11-28 14:26:41] [INFO] App component rendered{"apiKey":"set"}
[2025-11-28 14:26:41] [INFO] App component rendered{"apiKey":"set"}
[2025-11-28 14:27:05] [INFO] App component rendered{"apiKey":"set"}
[2025-11-28 14:27:05] [INFO] App component rendered{"apiKey":"set"}
[2025-11-28 14:27:06] [INFO] App component rendered{"apiKey":"set"}
[2025-11-28 14:27:06] [INFO] App component rendered{"apiKey":"set"}
[2025-11-28 14:27:28] [INFO] App component rendered{"apiKey":"set"}
[2025-11-28 14:27:28] [INFO] App component rendered{"apiKey":"set"}
[2025-11-28 14:27:29] [INFO] App component rendered{"apiKey":"set"}
[2025-11-28 14:27:29] [INFO] App component rendered{"apiKey":"set"}
[2025-11-28 14:27:36] [INFO] App component rendered{"apiKey":"set"}
[2025-11-28 14:27:36] [INFO] App component rendered{"apiKey":"set"}
[2025-11-28 14:28:21] [INFO] App component rendered{"apiKey":"set"}
[2025-11-28 14:28:21] [INFO] App component rendered{"apiKey":"set"}
[2025-11-28 14:28:22] [INFO] App component rendered{"apiKey":"set"}
[2025-11-28 14:28:22] [INFO] App component rendered{"apiKey":"set"}
[2025-11-28 14:28:24] [INFO] App component rendered{"apiKey":"set"}
[2025-11-28 14:28:24] [INFO] App component rendered{"apiKey":"set"}
[2025-11-28 14:47:41] [INFO] App component rendered{"apiKey":"set"}
[2025-11-28 14:47:41] [INFO] App component rendered{"apiKey":"set"}
[2025-11-28 14:47:42] [INFO] App component rendered{"apiKey":"set"}
[2025-11-28 14:47:42] [INFO] App component rendered{"apiKey":"set"}
[2025-11-28 14:47:43] [INFO] App component rendered{"apiKey":"set"}
[2025-11-28 14:47:43] [INFO] App component rendered{"apiKey":"set"}
[2025-11-28 15:38:10] [INFO] App component rendered{"apiKey":"set"}
[2025-11-28 15:38:10] [INFO] App component rendered{"apiKey":"set"}
[2025-11-28 15:38:12] [INFO] App component rendered{"apiKey":"set"}
[2025-11-28 15:38:12] [INFO] App component rendered{"apiKey":"set"}
[2025-11-28 15:38:12] [INFO] App component rendered{"apiKey":"set"}
[2025-11-28 15:38:12] [INFO] App component rendered{"apiKey":"set"}
[2025-11-28 15:38:16] [INFO] App component rendered{"apiKey":"set"}
[2025-11-28 15:38:16] [INFO] App component rendered{"apiKey":"set"}
[2025-11-28 15:41:19] [INFO] App component rendered{"apiKey":"set"}
[2025-11-28 15:41:19] [INFO] App component rendered{"apiKey":"set"}
[2025-11-28 15:45:08] [INFO] App component rendered{"apiKey":"set"}
[2025-11-28 15:45:08] [INFO] App component rendered{"apiKey":"set"}
[2025-11-28 15:45:12] [INFO] App component rendered{"apiKey":"set"}
[2025-11-28 15:45:12] [INFO] App component rendered{"apiKey":"set"}
[2025-11-28 15:48:48] [INFO] App component rendered{"apiKey":"set"}
[2025-11-28 15:48:48] [INFO] App component rendered{"apiKey":"set"}
[2025-11-28 15:49:43] [INFO] App component rendered{"apiKey":"set"}
[2025-11-28 15:49:43] [INFO] App component rendered{"apiKey":"set"}
[2025-11-28 15:49:44] [INFO] App component rendered{"apiKey":"set"}
[2025-11-28 15:49:44] [INFO] App component rendered{"apiKey":"set"}
[2025-11-28 15:49:46] [INFO] App component rendered{"apiKey":"set"}
[2025-11-28 15:49:46] [INFO] App component rendered{"apiKey":"set"}
[2025-11-28 15:49:46] [INFO] [COLLECTIONS_LIST] CollectionsListPageContent component mounted{"initialCollectionsCount":515}
[2025-11-28 15:49:46] [INFO] [COLLECTIONS_LIST] CollectionsListPageContent component mounted{"initialCollectionsCount":515}
[2025-11-28 15:49:49] [INFO] App component rendered{"apiKey":"set"}
[2025-11-28 15:49:49] [INFO] App component rendered{"apiKey":"set"}
[2025-11-28 15:50:48] [INFO] App component rendered{"apiKey":"set"}
[2025-11-28 15:50:48] [INFO] [COLLECTIONS_LIST] Navigate to collection settings clicked{"collectionId":"gid://shopify/Collection/302621327419","title":"Accessories - Modern"}
[2025-11-28 15:50:48] [INFO] App component rendered{"apiKey":"set"}
[2025-11-28 15:50:49] [INFO] App component rendered{"apiKey":"set"}
[2025-11-28 15:50:49] [INFO] App component rendered{"apiKey":"set"}
[2025-11-28 15:50:51] [INFO] App component rendered{"apiKey":"set"}
[2025-11-28 15:50:51] [INFO] App component rendered{"apiKey":"set"}
[2025-11-28 15:54:09] [INFO] App component rendered{"apiKey":"set"}
[2025-11-28 15:54:09] [INFO] App component rendered{"apiKey":"set"}
[2025-11-28 15:54:09] [INFO] [COLLECTIONS_LIST] CollectionsListPageContent component mounted{"initialCollectionsCount":515}
[2025-11-28 15:54:09] [INFO] [COLLECTIONS_LIST] CollectionsListPageContent component mounted{"initialCollectionsCount":515}
[2025-11-28 15:54:16] [INFO] App component rendered{"apiKey":"set"}
[2025-11-28 15:54:16] [INFO] App component rendered{"apiKey":"set"}
[2025-11-28 15:54:38] [INFO] App component rendered{"apiKey":"set"}
[2025-11-28 15:54:38] [INFO] App component rendered{"apiKey":"set"}
[2025-11-28 15:54:38] [INFO] App component rendered{"apiKey":"set"}
[2025-11-28 15:54:38] [INFO] App component rendered{"apiKey":"set"}
[2025-11-28 15:54:39] [INFO] App component rendered{"apiKey":"set"}
[2025-11-28 15:54:39] [INFO] App component rendered{"apiKey":"set"}
[2025-11-28 15:54:41] [INFO] [COLLECTIONS_LIST] Collections search submitted{"query":"Hijabs","statusFilter":"all"}
[2025-11-28 15:54:41] [INFO] App component rendered{"apiKey":"set"}
[2025-11-28 15:54:41] [INFO] [COLLECTIONS_LIST] Search suggestion selected{"collectionId":"gid://shopify/Collection/303119171643","collectionTitle":"Hijabs"}
[2025-11-28 15:54:41] [INFO] App component rendered{"apiKey":"set"}
[2025-11-28 15:54:42] [INFO] App component rendered{"apiKey":"set"}
[2025-11-28 15:54:42] [INFO] App component rendered{"apiKey":"set"}
[2025-11-28 15:54:43] [INFO] [COLLECTIONS_LIST] Edit collection in Shopify clicked{"collectionId":"gid://shopify/Collection/303119171643","title":"Hijabs"}
[2025-11-28 15:54:45] [INFO] [COLLECTIONS_LIST] View collection in store clicked{"collectionId":"gid://shopify/Collection/303119171643","title":"Hijabs"}
[2025-11-28 15:54:47] [INFO] App component rendered{"apiKey":"set"}
[2025-11-28 15:54:47] [INFO] [COLLECTIONS_LIST] Navigate to Collection Sorting{"collectionId":"gid://shopify/Collection/303119171643","title":"Hijabs"}
[2025-11-28 15:54:47] [INFO] App component rendered{"apiKey":"set"}
[2025-11-28 15:54:47] [INFO] App component rendered{"apiKey":"set"}
[2025-11-28 15:54:47] [INFO] App component rendered{"apiKey":"set"}
[2025-11-28 15:54:50] [INFO] App component rendered{"apiKey":"set"}
[2025-11-28 15:54:50] [INFO] App component rendered{"apiKey":"set"}
[2025-11-28 15:54:50] [INFO] App component rendered{"apiKey":"set"}
[2025-11-28 15:54:50] [INFO] App component rendered{"apiKey":"set"}
[2025-11-28 15:55:47] [INFO] App component rendered{"apiKey":"set"}
[2025-11-28 15:55:47] [INFO] App component rendered{"apiKey":"set"}
[2025-11-28 15:55:48] [INFO] App component rendered{"apiKey":"set"}
[2025-11-28 15:55:48] [INFO] App component rendered{"apiKey":"set"}
[2025-11-28 15:55:52] [INFO] App component rendered{"apiKey":"set"}
[2025-11-28 15:55:52] [INFO] App component rendered{"apiKey":"set"}
[2025-11-28 15:55:54] [INFO] App component rendered{"apiKey":"set"}
[2025-11-28 15:55:54] [INFO] App component rendered{"apiKey":"set"}
[2025-11-28 15:55:55] [INFO] App component rendered{"apiKey":"set"}
[2025-11-28 15:55:55] [INFO] App component rendered{"apiKey":"set"}
[2025-11-28 15:56:06] [INFO] App component rendered{"apiKey":"set"}
[2025-11-28 15:56:06] [INFO] App component rendered{"apiKey":"set"}
[2025-11-28 15:56:06] [INFO] App component rendered{"apiKey":"set"}
[2025-11-28 15:56:06] [INFO] App component rendered{"apiKey":"set"}
[2025-11-28 15:56:07] [INFO] App component rendered{"apiKey":"set"}
[2025-11-28 15:56:07] [INFO] App component rendered{"apiKey":"set"}
[2025-11-28 15:56:18] [INFO] App component rendered{"apiKey":"set"}
[2025-11-28 15:56:18] [INFO] App component rendered{"apiKey":"set"}
[2025-11-28 15:56:18] [INFO] App component rendered{"apiKey":"set"}
[2025-11-28 15:56:18] [INFO] App component rendered{"apiKey":"set"}
[2025-11-28 15:56:18] [INFO] App component rendered{"apiKey":"set"}
[2025-11-28 15:56:18] [INFO] App component rendered{"apiKey":"set"}
[2025-11-28 15:56:22] [INFO] App component rendered{"apiKey":"set"}
[2025-11-28 15:56:22] [INFO] App component rendered{"apiKey":"set"}
[2025-11-28 15:56:27] [INFO] App component rendered{"apiKey":"set"}
[2025-11-28 15:56:27] [INFO] App component rendered{"apiKey":"set"}
[2025-11-28 15:56:28] [INFO] App component rendered{"apiKey":"set"}
[2025-11-28 15:56:28] [INFO] App component rendered{"apiKey":"set"}
[2025-11-28 15:57:30] [INFO] App component rendered{"apiKey":"set"}
[2025-11-28 15:57:30] [INFO] App component rendered{"apiKey":"set"}
[2025-11-28 15:57:30] [INFO] [COLLECTIONS_LIST] CollectionsListPageContent component mounted{"initialCollectionsCount":515}
[2025-11-28 15:57:30] [INFO] [COLLECTIONS_LIST] CollectionsListPageContent component mounted{"initialCollectionsCount":515}
[2025-11-28 15:57:36] [INFO] App component rendered{"apiKey":"set"}
[2025-11-28 15:57:36] [INFO] App component rendered{"apiKey":"set"}
[2025-11-28 15:57:59] [INFO] App component rendered{"apiKey":"set"}
[2025-11-28 15:57:59] [INFO] App component rendered{"apiKey":"set"}
[2025-11-28 15:57:59] [INFO] App component rendered{"apiKey":"set"}
[2025-11-28 15:57:59] [INFO] App component rendered{"apiKey":"set"}
[2025-11-28 15:58:00] [INFO] [COLLECTIONS_LIST] Collections search submitted{"query":"Hijabs","statusFilter":"all"}
[2025-11-28 15:58:00] [INFO] [COLLECTIONS_LIST] Search suggestion selected{"collectionId":"gid://shopify/Collection/303119171643","collectionTitle":"Hijabs"}
[2025-11-28 15:58:00] [INFO] App component rendered{"apiKey":"set"}
[2025-11-28 15:58:00] [INFO] App component rendered{"apiKey":"set"}
[2025-11-28 15:58:01] [INFO] App component rendered{"apiKey":"set"}
[2025-11-28 15:58:01] [INFO] App component rendered{"apiKey":"set"}
[2025-11-28 15:58:04] [INFO] [COLLECTIONS_LIST] Navigate to Manage Tag{"collectionId":"gid://shopify/Collection/303119171643","title":"Hijabs"}
[2025-11-28 15:58:04] [INFO] App component rendered{"apiKey":"set"}
[2025-11-28 15:58:04] [INFO] App component rendered{"apiKey":"set"}
[2025-11-28 15:58:04] [INFO] App component rendered{"apiKey":"set"}
[2025-11-28 15:58:04] [INFO] App component rendered{"apiKey":"set"}
[2025-11-28 15:58:06] [INFO] App component rendered{"apiKey":"set"}
[2025-11-28 15:58:06] [INFO] App component rendered{"apiKey":"set"}
[2025-11-28 15:58:06] [INFO] App component rendered{"apiKey":"set"}
[2025-11-28 15:58:06] [INFO] App component rendered{"apiKey":"set"}
[2025-11-28 15:58:24] [INFO] App component rendered{"apiKey":"set"}
[2025-11-28 15:58:24] [INFO] App component rendered{"apiKey":"set"}
[2025-11-28 15:58:27] [INFO] App component rendered{"apiKey":"set"}
[2025-11-28 15:58:27] [INFO] App component rendered{"apiKey":"set"}
[2025-11-28 15:58:32] [INFO] App component rendered{"apiKey":"set"}
[2025-11-28 15:58:32] [INFO] App component rendered{"apiKey":"set"}
[2025-11-28 15:58:32] [INFO] App component rendered{"apiKey":"set"}
[2025-11-28 15:58:32] [INFO] App component rendered{"apiKey":"set"}
[2025-11-28 15:58:38] [INFO] App component rendered{"apiKey":"set"}
[2025-11-28 15:58:38] [INFO] App component rendered{"apiKey":"set"}
[2025-11-28 15:58:38] [INFO] App component rendered{"apiKey":"set"}
[2025-11-28 15:58:38] [INFO] App component rendered{"apiKey":"set"}
[2025-11-28 15:59:06] [INFO] App component rendered{"apiKey":"set"}
[2025-11-28 15:59:06] [INFO] App component rendered{"apiKey":"set"}
[2025-11-28 15:59:09] [INFO] App component rendered{"apiKey":"set"}
[2025-11-28 15:59:09] [INFO] App component rendered{"apiKey":"set"}
[2025-11-28 15:59:14] [INFO] App component rendered{"apiKey":"set"}
[2025-11-28 15:59:14] [INFO] App component rendered{"apiKey":"set"}
[2025-11-28 15:59:17] [INFO] App component rendered{"apiKey":"set"}
[2025-11-28 15:59:17] [INFO] App component rendered{"apiKey":"set"}
[2025-11-28 15:59:32] [INFO] App component rendered{"apiKey":"set"}
[2025-11-28 15:59:32] [INFO] App component rendered{"apiKey":"set"}
[2025-11-28 15:59:34] [INFO] App component rendered{"apiKey":"set"}
[2025-11-28 15:59:34] [INFO] App component rendered{"apiKey":"set"}
[2025-11-28 15:59:40] [INFO] App component rendered{"apiKey":"set"}
[2025-11-28 15:59:40] [INFO] App component rendered{"apiKey":"set"}
[2025-11-28 15:59:40] [INFO] App component rendered{"apiKey":"set"}
[2025-11-28 15:59:40] [INFO] App component rendered{"apiKey":"set"}
[2025-11-28 16:05:26] [INFO] App component rendered{"apiKey":"set"}
[2025-11-28 16:05:25] [INFO] App component rendered{"apiKey":"set"}
[2025-11-28 16:05:25] [INFO] App component rendered{"apiKey":"set"}
[2025-11-28 16:05:26] [INFO] App component rendered{"apiKey":"set"}
[2025-11-28 16:05:31] [INFO] [COLLECTIONS_LIST] CollectionsListPageContent component mounted{"initialCollectionsCount":515}
[2025-11-28 16:05:31] [INFO] App component rendered{"apiKey":"set"}
[2025-11-28 16:05:31] [INFO] App component rendered{"apiKey":"set"}
[2025-11-28 16:05:31] [INFO] [COLLECTIONS_LIST] CollectionsListPageContent component mounted{"initialCollectionsCount":515}
[2025-11-28 16:05:34] [INFO] App component rendered{"apiKey":"set"}
[2025-11-28 16:05:34] [INFO] App component rendered{"apiKey":"set"}
[2025-11-28 16:06:11] [INFO] App component rendered{"apiKey":"set"}
[2025-11-28 16:06:11] [INFO] [COLLECTIONS_LIST] Navigate to collection settings clicked{"collectionId":"gid://shopify/Collection/303004287035","title":"Alphabets"}
[2025-11-28 16:06:11] [INFO] App component rendered{"apiKey":"set"}
[2025-11-28 16:06:13] [INFO] App component rendered{"apiKey":"set"}
[2025-11-28 16:06:13] [INFO] App component rendered{"apiKey":"set"}
[2025-11-28 16:06:14] [INFO] App component rendered{"apiKey":"set"}
[2025-11-28 16:06:14] [INFO] App component rendered{"apiKey":"set"}
[2025-11-28 16:06:14] [INFO] App component rendered{"apiKey":"set"}
[2025-11-28 16:06:14] [INFO] App component rendered{"apiKey":"set"}
[2025-11-28 16:09:03] [INFO] App component rendered{"apiKey":"set"}
[2025-11-28 16:09:03] [INFO] App component rendered{"apiKey":"set"}
[2025-11-28 16:09:05] [INFO] App component rendered{"apiKey":"set"}
[2025-11-28 16:09:05] [INFO] App component rendered{"apiKey":"set"}
[2025-11-28 16:09:06] [INFO] App component rendered{"apiKey":"set"}
[2025-11-28 16:09:06] [INFO] App component rendered{"apiKey":"set"}
[2025-11-28 16:09:07] [INFO] App component rendered{"apiKey":"set"}
[2025-11-28 16:09:07] [INFO] App component rendered{"apiKey":"set"}
[2025-11-28 16:09:08] [INFO] App component rendered{"apiKey":"set"}
[2025-11-28 16:09:08] [INFO] App component rendered{"apiKey":"set"}
[2025-11-28 16:10:20] [INFO] App component rendered{"apiKey":"set"}
[2025-11-28 16:10:20] [INFO] App component rendered{"apiKey":"set"}
[2025-11-28 16:10:35] [INFO] App component rendered{"apiKey":"set"}
[2025-11-28 16:10:35] [INFO] App component rendered{"apiKey":"set"}
[2025-11-28 16:11:40] [INFO] App component rendered{"apiKey":"set"}
[2025-11-28 16:11:40] [INFO] App component rendered{"apiKey":"set"}
[2025-11-28 16:11:43] [INFO] [COLLECTIONS_LIST] CollectionsListPageContent component mounted{"initialCollectionsCount":515}
[2025-11-28 16:11:43] [INFO] [COLLECTIONS_LIST] CollectionsListPageContent component mounted{"initialCollectionsCount":515}
[2025-11-28 16:11:43] [INFO] App component rendered{"apiKey":"set"}
[2025-11-28 16:11:43] [INFO] App component rendered{"apiKey":"set"}
[2025-11-28 16:11:50] [INFO] App component rendered{"apiKey":"set"}
[2025-11-28 16:11:50] [INFO] App component rendered{"apiKey":"set"}
[2025-11-28 16:11:50] [INFO] App component rendered{"apiKey":"set"}
[2025-11-28 16:11:50] [INFO] App component rendered{"apiKey":"set"}
[2025-11-28 16:11:51] [INFO] App component rendered{"apiKey":"set"}
[2025-11-28 16:11:51] [INFO] App component rendered{"apiKey":"set"}
[2025-11-28 16:11:52] [INFO] App component rendered{"apiKey":"set"}
[2025-11-28 16:11:52] [INFO] App component rendered{"apiKey":"set"}
[2025-11-28 16:11:56] [INFO] [COLLECTIONS_LIST] Navigate to Collection Sorting{"collectionId":"gid://shopify/Collection/302621327419","title":"Accessories - Modern"}
[2025-11-28 16:11:56] [INFO] App component rendered{"apiKey":"set"}
[2025-11-28 16:11:56] [INFO] App component rendered{"apiKey":"set"}
[2025-11-28 16:11:58] [INFO] App component rendered{"apiKey":"set"}
[2025-11-28 16:11:58] [INFO] App component rendered{"apiKey":"set"}
[2025-11-28 16:11:59] [INFO] App component rendered{"apiKey":"set"}
[2025-11-28 16:11:59] [INFO] App component rendered{"apiKey":"set"}
[2025-11-28 16:11:59] [INFO] App component rendered{"apiKey":"set"}
[2025-11-28 16:11:59] [INFO] App component rendered{"apiKey":"set"}
[2025-11-28 16:12:29] [INFO] App component rendered{"apiKey":"set"}
[2025-11-28 16:12:29] [INFO] App component rendered{"apiKey":"set"}
[2025-11-28 16:12:29] [INFO] [COLLECTIONS_LIST] CollectionsListPageContent component mounted{"initialCollectionsCount":515}
[2025-11-28 16:12:29] [INFO] [COLLECTIONS_LIST] CollectionsListPageContent component mounted{"initialCollectionsCount":515}
[2025-11-28 16:12:41] [INFO] App component rendered{"apiKey":"set"}
[2025-11-28 16:12:41] [INFO] App component rendered{"apiKey":"set"}
[2025-11-28 16:13:07] [INFO] App component rendered{"apiKey":"set"}
[2025-11-28 16:13:07] [INFO] App component rendered{"apiKey":"set"}
[2025-11-28 16:13:08] [INFO] [COLLECTIONS_LIST] Collections search submitted{"query":"Hijabs","statusFilter":"all"}
[2025-11-28 16:13:08] [INFO] [COLLECTIONS_LIST] Search suggestion selected{"collectionId":"gid://shopify/Collection/303119171643","collectionTitle":"Hijabs"}
[2025-11-28 16:13:08] [INFO] App component rendered{"apiKey":"set"}
[2025-11-28 16:13:08] [INFO] App component rendered{"apiKey":"set"}
[2025-11-28 16:13:09] [INFO] App component rendered{"apiKey":"set"}
[2025-11-28 16:13:09] [INFO] App component rendered{"apiKey":"set"}
[2025-11-28 16:13:09] [INFO] App component rendered{"apiKey":"set"}
[2025-11-28 16:13:09] [INFO] [COLLECTIONS_LIST] Search suggestion selected{"collectionId":"gid://shopify/Collection/303119171643","collectionTitle":"Hijabs"}
[2025-11-28 16:13:09] [INFO] App component rendered{"apiKey":"set"}
[2025-11-28 16:13:09] [INFO] [COLLECTIONS_LIST] Collections search submitted{"query":"Hijabs","statusFilter":"all"}
[2025-11-28 16:13:10] [INFO] App component rendered{"apiKey":"set"}
[2025-11-28 16:13:10] [INFO] App component rendered{"apiKey":"set"}
[2025-11-28 16:13:12] [INFO] App component rendered{"apiKey":"set"}
[2025-11-28 16:13:12] [INFO] [COLLECTIONS_LIST] Navigate to Collection Sorting{"collectionId":"gid://shopify/Collection/303119171643","title":"Hijabs"}
[2025-11-28 16:13:12] [INFO] App component rendered{"apiKey":"set"}
[2025-11-28 16:13:12] [INFO] App component rendered{"apiKey":"set"}
[2025-11-28 16:13:12] [INFO] App component rendered{"apiKey":"set"}
[2025-11-28 16:13:13] [INFO] App component rendered{"apiKey":"set"}
[2025-11-28 16:13:13] [INFO] App component rendered{"apiKey":"set"}
[2025-11-28 16:13:13] [INFO] App component rendered{"apiKey":"set"}
[2025-11-28 16:13:13] [INFO] App component rendered{"apiKey":"set"}
[2025-11-28 16:24:32] [INFO] App component rendered{"apiKey":"set"}
[2025-11-28 16:24:32] [INFO] App component rendered{"apiKey":"set"}
[2025-11-28 16:27:27] [INFO] TopNavbar submenu navigation{"from":"/app/collection-sorting/303119171643","to":"/app/Bestsellers","submenu":"Bestsellers","timestamp":"2025-11-28T10:57:27.268Z","userAgent":"Mozilla/5.0 (Windows NT 10.0; Win64; x64) AppleWebKit/537.36 (KHTML, like Gecko) Chrome/142.0.0.0 Safari/537.36 Edg/142.0.0.0"}
[2025-11-28 16:27:27] [INFO] TopNavbar navigation triggered{"from":"/app/collection-sorting/303119171643","to":"/app/Bestsellers","section":"Dashboard","userAgent":"Mozilla/5.0 (Windows NT 10.0; Win64; x64) AppleWebKit/537.36 (KHTML, like Gecko) Chrome/142.0.0.0 Safari/537.36 Edg/142.0.0.0","timestamp":"2025-11-28T10:57:27.268Z"}
[2025-11-28 16:27:27] [INFO] App component rendered{"apiKey":"set"}
[2025-11-28 16:27:27] [INFO] App component rendered{"apiKey":"set"}
[2025-11-28 16:27:28] [INFO] App component rendered{"apiKey":"set"}
[2025-11-28 16:27:28] [INFO] App component rendered{"apiKey":"set"}
[2025-11-28 16:27:30] [INFO] App component rendered{"apiKey":"set"}
[2025-11-28 16:27:30] [INFO] BestsellersPage component mounted{"initialBestsellers":17,"initialMonth":"6","initialPage":1,"initialSearch":""}
[2025-11-28 16:27:30] [INFO] App component rendered{"apiKey":"set"}
[2025-11-28 16:27:30] [INFO] BestsellersPage component mounted{"initialBestsellers":17,"initialMonth":"6","initialPage":1,"initialSearch":""}
[2025-11-28 16:32:46] [INFO] App component rendered{"apiKey":"set"}
[2025-11-28 16:32:46] [INFO] TopNavbar navigation triggered{"from":"/app/Bestsellers","to":"/app","section":"Dashboard","userAgent":"Mozilla/5.0 (Windows NT 10.0; Win64; x64) AppleWebKit/537.36 (KHTML, like Gecko) Chrome/142.0.0.0 Safari/537.36 Edg/142.0.0.0","timestamp":"2025-11-28T11:02:46.002Z"}
[2025-11-28 16:32:46] [INFO] App component rendered{"apiKey":"set"}
[2025-11-28 16:32:48] [INFO] App component rendered{"apiKey":"set"}
[2025-11-28 16:32:48] [INFO] App component rendered{"apiKey":"set"}
[2025-11-28 16:32:48] [INFO] [COLLECTIONS_LIST] CollectionsListPageContent component mounted{"initialCollectionsCount":515}
[2025-11-28 16:32:55] [INFO] TopNavbar navigation triggered{"from":"/app","to":"/app","section":"Dashboard","userAgent":"Mozilla/5.0 (Windows NT 10.0; Win64; x64) AppleWebKit/537.36 (KHTML, like Gecko) Chrome/142.0.0.0 Safari/537.36 Edg/142.0.0.0","timestamp":"2025-11-28T11:02:55.279Z"}
[2025-11-28 16:32:48] [INFO] [COLLECTIONS_LIST] CollectionsListPageContent component mounted{"initialCollectionsCount":515}
[2025-11-28 16:32:56] [INFO] App component rendered{"apiKey":"set"}
[2025-11-28 16:32:56] [INFO] App component rendered{"apiKey":"set"}
[2025-11-28 16:32:56] [INFO] App component rendered{"apiKey":"set"}
[2025-11-28 16:32:56] [INFO] App component rendered{"apiKey":"set"}
[2025-11-28 16:32:57] [INFO] App component rendered{"apiKey":"set"}
[2025-11-28 16:32:57] [INFO] App component rendered{"apiKey":"set"}
[2025-11-28 16:32:59] [INFO] App component rendered{"apiKey":"set"}
[2025-11-28 16:32:59] [INFO] App component rendered{"apiKey":"set"}
[2025-11-28 16:33:00] [INFO] App component rendered{"apiKey":"set"}
[2025-11-28 16:33:00] [INFO] App component rendered{"apiKey":"set"}
[2025-11-28 16:34:31] [INFO] [COLLECTIONS_LIST] Navigate to Collection Sorting{"collectionId":"gid://shopify/Collection/303119171643","title":"Hijabs"}
[2025-11-28 16:34:31] [INFO] App component rendered{"apiKey":"set"}
[2025-11-28 16:34:31] [INFO] App component rendered{"apiKey":"set"}
[2025-11-28 16:34:31] [INFO] App component rendered{"apiKey":"set"}
[2025-11-28 16:34:31] [INFO] App component rendered{"apiKey":"set"}
[2025-11-28 16:34:33] [INFO] App component rendered{"apiKey":"set"}
[2025-11-28 16:34:33] [INFO] App component rendered{"apiKey":"set"}
[2025-11-28 16:34:33] [INFO] App component rendered{"apiKey":"set"}
[2025-11-28 16:34:33] [INFO] App component rendered{"apiKey":"set"}
[2025-11-28 16:34:51] [INFO] App component rendered{"apiKey":"set"}
[2025-11-28 16:34:51] [INFO] App component rendered{"apiKey":"set"}
[2025-11-28 16:34:52] [INFO] App component rendered{"apiKey":"set"}
[2025-11-28 16:34:52] [INFO] App component rendered{"apiKey":"set"}
[2025-11-28 16:34:52] [INFO] App component rendered{"apiKey":"set"}
[2025-11-28 16:34:52] [INFO] App component rendered{"apiKey":"set"}
[2025-11-28 16:35:33] [INFO] App component rendered{"apiKey":"set"}
[2025-11-28 16:35:33] [INFO] App component rendered{"apiKey":"set"}
[2025-11-28 16:35:33] [INFO] App component rendered{"apiKey":"set"}
[2025-11-28 16:35:33] [INFO] App component rendered{"apiKey":"set"}
[2025-11-28 16:35:34] [INFO] App component rendered{"apiKey":"set"}
[2025-11-28 16:35:34] [INFO] App component rendered{"apiKey":"set"}
[2025-11-28 16:35:42] [INFO] App component rendered{"apiKey":"set"}
[2025-11-28 16:35:42] [INFO] App component rendered{"apiKey":"set"}
[2025-11-28 16:35:48] [INFO] App component rendered{"apiKey":"set"}
[2025-11-28 16:35:48] [INFO] App component rendered{"apiKey":"set"}
[2025-11-28 16:35:48] [INFO] App component rendered{"apiKey":"set"}
[2025-11-28 16:35:48] [INFO] App component rendered{"apiKey":"set"}
[2025-11-28 16:38:48] [INFO] App component rendered{"apiKey":"set"}
[2025-11-28 16:38:48] [INFO] App component rendered{"apiKey":"set"}
[2025-11-28 16:38:49] [INFO] App component rendered{"apiKey":"set"}
[2025-11-28 16:38:49] [INFO] App component rendered{"apiKey":"set"}
[2025-11-28 16:38:51] [INFO] App component rendered{"apiKey":"set"}
[2025-11-28 16:38:51] [INFO] App component rendered{"apiKey":"set"}
[2025-11-28 16:38:51] [INFO] App component rendered{"apiKey":"set"}
[2025-11-28 16:38:51] [INFO] App component rendered{"apiKey":"set"}
[2025-11-28 16:38:57] [INFO] App component rendered{"apiKey":"set"}
[2025-11-28 16:38:57] [INFO] App component rendered{"apiKey":"set"}
[2025-11-28 16:38:57] [INFO] App component rendered{"apiKey":"set"}
[2025-11-28 16:38:57] [INFO] App component rendered{"apiKey":"set"}
[2025-11-28 16:39:43] [INFO] App component rendered{"apiKey":"set"}
[2025-11-28 16:39:43] [INFO] App component rendered{"apiKey":"set"}
[2025-11-28 16:39:43] [INFO] App component rendered{"apiKey":"set"}
[2025-11-28 16:39:43] [INFO] App component rendered{"apiKey":"set"}
[2025-11-28 16:39:45] [INFO] App component rendered{"apiKey":"set"}
[2025-11-28 16:39:45] [INFO] App component rendered{"apiKey":"set"}
[2025-11-28 16:39:45] [INFO] App component rendered{"apiKey":"set"}
[2025-11-28 16:39:45] [INFO] App component rendered{"apiKey":"set"}
[2025-11-28 16:39:51] [INFO] App component rendered{"apiKey":"set"}
[2025-11-28 16:39:51] [INFO] App component rendered{"apiKey":"set"}
[2025-11-28 16:39:52] [INFO] App component rendered{"apiKey":"set"}
[2025-11-28 16:39:52] [INFO] App component rendered{"apiKey":"set"}
[2025-11-28 16:40:27] [INFO] App component rendered{"apiKey":"set"}
[2025-11-28 16:40:27] [INFO] App component rendered{"apiKey":"set"}
[2025-11-28 16:40:27] [INFO] App component rendered{"apiKey":"set"}
[2025-11-28 16:40:27] [INFO] App component rendered{"apiKey":"set"}
[2025-11-28 16:40:28] [INFO] App component rendered{"apiKey":"set"}
[2025-11-28 16:40:28] [INFO] App component rendered{"apiKey":"set"}
[2025-11-28 16:40:30] [INFO] App component rendered{"apiKey":"set"}
[2025-11-28 16:40:30] [INFO] App component rendered{"apiKey":"set"}
[2025-11-28 16:40:36] [INFO] App component rendered{"apiKey":"set"}
[2025-11-28 16:40:36] [INFO] App component rendered{"apiKey":"set"}
[2025-11-28 16:40:38] [INFO] App component rendered{"apiKey":"set"}
[2025-11-28 16:40:38] [INFO] App component rendered{"apiKey":"set"}
[2025-11-28 16:41:33] [INFO] App component rendered{"apiKey":"set"}
[2025-11-28 16:41:33] [INFO] App component rendered{"apiKey":"set"}
[2025-11-28 16:41:34] [INFO] App component rendered{"apiKey":"set"}
[2025-11-28 16:41:34] [INFO] App component rendered{"apiKey":"set"}
[2025-11-28 16:41:34] [INFO] App component rendered{"apiKey":"set"}
[2025-11-28 16:41:34] [INFO] App component rendered{"apiKey":"set"}
[2025-11-28 16:41:34] [INFO] App component rendered{"apiKey":"set"}
[2025-11-28 16:41:34] [INFO] App component rendered{"apiKey":"set"}
[2025-11-28 16:41:35] [INFO] App component rendered{"apiKey":"set"}
[2025-11-28 16:41:35] [INFO] App component rendered{"apiKey":"set"}
[2025-11-28 16:41:37] [INFO] App component rendered{"apiKey":"set"}
[2025-11-28 16:41:37] [INFO] App component rendered{"apiKey":"set"}
[2025-11-28 16:41:43] [INFO] App component rendered{"apiKey":"set"}
[2025-11-28 16:41:43] [INFO] App component rendered{"apiKey":"set"}
[2025-11-28 16:41:43] [INFO] App component rendered{"apiKey":"set"}
[2025-11-28 16:41:43] [INFO] App component rendered{"apiKey":"set"}
[2025-11-28 16:43:08] [INFO] App component rendered{"apiKey":"set"}
[2025-11-28 16:43:08] [INFO] App component rendered{"apiKey":"set"}
[2025-11-28 16:46:17] [INFO] App component rendered{"apiKey":"set"}
[2025-11-28 16:46:17] [INFO] App component rendered{"apiKey":"set"}
[2025-11-28 16:46:17] [INFO] App component rendered{"apiKey":"set"}
[2025-11-28 16:46:17] [INFO] App component rendered{"apiKey":"set"}
[2025-11-28 16:46:18] [INFO] App component rendered{"apiKey":"set"}
[2025-11-28 16:46:18] [INFO] App component rendered{"apiKey":"set"}
[2025-11-28 16:46:21] [INFO] App component rendered{"apiKey":"set"}
[2025-11-28 16:46:21] [INFO] App component rendered{"apiKey":"set"}
[2025-11-28 16:46:27] [INFO] App component rendered{"apiKey":"set"}
[2025-11-28 16:46:27] [INFO] App component rendered{"apiKey":"set"}
[2025-11-28 16:46:28] [INFO] App component rendered{"apiKey":"set"}
[2025-11-28 16:46:28] [INFO] App component rendered{"apiKey":"set"}
[2025-11-28 16:47:37] [INFO] App component rendered{"apiKey":"set"}
[2025-11-28 16:47:37] [INFO] App component rendered{"apiKey":"set"}
[2025-11-28 16:47:38] [INFO] App component rendered{"apiKey":"set"}
[2025-11-28 16:47:38] [INFO] App component rendered{"apiKey":"set"}
[2025-11-28 16:47:38] [INFO] App component rendered{"apiKey":"set"}
[2025-11-28 16:47:38] [INFO] App component rendered{"apiKey":"set"}
[2025-11-28 16:47:40] [INFO] App component rendered{"apiKey":"set"}
[2025-11-28 16:47:40] [INFO] App component rendered{"apiKey":"set"}
[2025-11-28 16:47:46] [INFO] App component rendered{"apiKey":"set"}
[2025-11-28 16:47:46] [INFO] App component rendered{"apiKey":"set"}
[2025-11-28 16:47:47] [INFO] App component rendered{"apiKey":"set"}
[2025-11-28 16:47:47] [INFO] App component rendered{"apiKey":"set"}
[2025-11-28 16:49:30] [INFO] App component rendered{"apiKey":"set"}
[2025-11-28 16:49:30] [INFO] App component rendered{"apiKey":"set"}
[2025-11-28 16:49:30] [INFO] App component rendered{"apiKey":"set"}
[2025-11-28 16:49:30] [INFO] App component rendered{"apiKey":"set"}
[2025-11-28 16:49:31] [INFO] App component rendered{"apiKey":"set"}
[2025-11-28 16:49:31] [INFO] App component rendered{"apiKey":"set"}
[2025-11-28 16:49:33] [INFO] App component rendered{"apiKey":"set"}
[2025-11-28 16:49:33] [INFO] App component rendered{"apiKey":"set"}
[2025-11-28 16:49:39] [INFO] App component rendered{"apiKey":"set"}
[2025-11-28 16:49:39] [INFO] App component rendered{"apiKey":"set"}
[2025-11-28 16:49:40] [INFO] App component rendered{"apiKey":"set"}
[2025-11-28 16:49:40] [INFO] App component rendered{"apiKey":"set"}
[2025-11-28 16:50:03] [INFO] App component rendered{"apiKey":"set"}
[2025-11-28 16:50:03] [INFO] App component rendered{"apiKey":"set"}
[2025-11-28 16:50:03] [INFO] App component rendered{"apiKey":"set"}
[2025-11-28 16:50:03] [INFO] App component rendered{"apiKey":"set"}
[2025-11-28 16:50:04] [INFO] App component rendered{"apiKey":"set"}
[2025-11-28 16:50:04] [INFO] App component rendered{"apiKey":"set"}
[2025-11-28 16:50:08] [INFO] App component rendered{"apiKey":"set"}
[2025-11-28 16:50:08] [INFO] App component rendered{"apiKey":"set"}
[2025-11-28 16:50:14] [INFO] App component rendered{"apiKey":"set"}
[2025-11-28 16:50:14] [INFO] App component rendered{"apiKey":"set"}
[2025-11-28 16:50:15] [INFO] App component rendered{"apiKey":"set"}
[2025-11-28 16:50:15] [INFO] App component rendered{"apiKey":"set"}
[2025-11-28 16:51:35] [INFO] TopNavbar submenu navigation{"from":"/app/collection-sorting/303119171643","to":"/app/Bestsellers","submenu":"Bestsellers","timestamp":"2025-11-28T11:21:35.672Z","userAgent":"Mozilla/5.0 (Windows NT 10.0; Win64; x64) AppleWebKit/537.36 (KHTML, like Gecko) Chrome/142.0.0.0 Safari/537.36 Edg/142.0.0.0"}
[2025-11-28 16:51:35] [INFO] TopNavbar navigation triggered{"from":"/app/collection-sorting/303119171643","to":"/app/Bestsellers","section":"Dashboard","userAgent":"Mozilla/5.0 (Windows NT 10.0; Win64; x64) AppleWebKit/537.36 (KHTML, like Gecko) Chrome/142.0.0.0 Safari/537.36 Edg/142.0.0.0","timestamp":"2025-11-28T11:21:35.672Z"}
[2025-11-28 16:51:35] [INFO] App component rendered{"apiKey":"set"}
[2025-11-28 16:51:35] [INFO] App component rendered{"apiKey":"set"}
[2025-11-28 16:51:35] [INFO] App component rendered{"apiKey":"set"}
[2025-11-28 16:51:35] [INFO] App component rendered{"apiKey":"set"}
[2025-11-28 16:51:37] [INFO] BestsellersPage component mounted{"initialBestsellers":17,"initialMonth":"6","initialPage":1,"initialSearch":""}
[2025-11-28 16:51:37] [INFO] App component rendered{"apiKey":"set"}
[2025-11-28 16:51:37] [INFO] BestsellersPage component mounted{"initialBestsellers":17,"initialMonth":"6","initialPage":1,"initialSearch":""}
[2025-11-28 16:51:37] [INFO] App component rendered{"apiKey":"set"}
[2025-11-28 16:54:09] [INFO] TopNavbar navigation triggered{"from":"/app/Bestsellers","to":"/app","section":"Dashboard","userAgent":"Mozilla/5.0 (Windows NT 10.0; Win64; x64) AppleWebKit/537.36 (KHTML, like Gecko) Chrome/142.0.0.0 Safari/537.36 Edg/142.0.0.0","timestamp":"2025-11-28T11:24:09.054Z"}
[2025-11-28 16:54:09] [INFO] App component rendered{"apiKey":"set"}
[2025-11-28 16:54:09] [INFO] App component rendered{"apiKey":"set"}
[2025-11-28 16:54:12] [INFO] [COLLECTIONS_LIST] CollectionsListPageContent component mounted{"initialCollectionsCount":515}
[2025-11-28 16:54:12] [INFO] App component rendered{"apiKey":"set"}
[2025-11-28 16:54:12] [INFO] App component rendered{"apiKey":"set"}
[2025-11-28 16:54:12] [INFO] [COLLECTIONS_LIST] CollectionsListPageContent component mounted{"initialCollectionsCount":515}
[2025-11-28 16:54:23] [INFO] App component rendered{"apiKey":"set"}
[2025-11-28 16:54:23] [INFO] App component rendered{"apiKey":"set"}
[2025-11-28 16:54:24] [INFO] App component rendered{"apiKey":"set"}
[2025-11-28 16:54:24] [INFO] App component rendered{"apiKey":"set"}
[2025-11-28 16:54:25] [INFO] App component rendered{"apiKey":"set"}
[2025-11-28 16:54:25] [INFO] App component rendered{"apiKey":"set"}
[2025-11-28 16:54:25] [INFO] App component rendered{"apiKey":"set"}
[2025-11-28 16:54:25] [INFO] App component rendered{"apiKey":"set"}
[2025-11-28 16:54:29] [INFO] App component rendered{"apiKey":"set"}
[2025-11-28 16:54:29] [INFO] App component rendered{"apiKey":"set"}
[2025-11-28 16:54:30] [INFO] [COLLECTIONS_LIST] Search suggestion selected{"collectionId":"gid://shopify/Collection/303119171643","collectionTitle":"Hijabs"}
[2025-11-28 16:54:30] [INFO] [COLLECTIONS_LIST] Collections search submitted{"query":"Hijabs","statusFilter":"all"}
[2025-11-28 16:54:30] [INFO] App component rendered{"apiKey":"set"}
[2025-11-28 16:54:30] [INFO] App component rendered{"apiKey":"set"}
[2025-11-28 16:54:31] [INFO] App component rendered{"apiKey":"set"}
[2025-11-28 16:54:31] [INFO] App component rendered{"apiKey":"set"}
[2025-11-28 16:54:33] [INFO] App component rendered{"apiKey":"set"}
[2025-11-28 16:54:33] [INFO] App component rendered{"apiKey":"set"}
[2025-11-28 16:54:33] [INFO] [COLLECTIONS_LIST] Navigate to Collection Sorting{"collectionId":"gid://shopify/Collection/303119171643","title":"Hijabs"}
[2025-11-28 16:54:34] [INFO] App component rendered{"apiKey":"set"}
[2025-11-28 16:54:34] [INFO] App component rendered{"apiKey":"set"}
[2025-11-28 16:54:34] [INFO] App component rendered{"apiKey":"set"}
[2025-11-28 16:54:34] [INFO] App component rendered{"apiKey":"set"}
[2025-11-28 16:54:46] [INFO] App component rendered{"apiKey":"set"}
[2025-11-28 16:54:46] [INFO] App component rendered{"apiKey":"set"}
[2025-11-28 16:54:47] [INFO] App component rendered{"apiKey":"set"}
[2025-11-28 16:54:47] [INFO] App component rendered{"apiKey":"set"}
[2025-11-28 16:54:47] [INFO] App component rendered{"apiKey":"set"}
[2025-11-28 16:54:47] [INFO] App component rendered{"apiKey":"set"}
[2025-11-28 16:54:49] [INFO] App component rendered{"apiKey":"set"}
[2025-11-28 16:54:49] [INFO] App component rendered{"apiKey":"set"}
[2025-11-28 16:54:55] [INFO] App component rendered{"apiKey":"set"}
[2025-11-28 16:54:55] [INFO] App component rendered{"apiKey":"set"}
[2025-11-28 16:54:56] [INFO] App component rendered{"apiKey":"set"}
[2025-11-28 16:54:56] [INFO] App component rendered{"apiKey":"set"}
[2025-11-28 17:14:59] [INFO] App component rendered{"apiKey":"set"}
[2025-11-28 17:14:59] [INFO] App component rendered{"apiKey":"set"}
[2025-11-28 17:15:10] [INFO] App component rendered{"apiKey":"set"}
[2025-11-28 17:15:10] [INFO] App component rendered{"apiKey":"set"}
[2025-11-28 17:15:42] [INFO] App component rendered{"apiKey":"set"}
[2025-11-28 17:15:42] [INFO] App component rendered{"apiKey":"set"}
[2025-11-28 17:15:42] [INFO] App component rendered{"apiKey":"set"}
[2025-11-28 17:15:42] [INFO] App component rendered{"apiKey":"set"}
[2025-11-28 17:15:43] [INFO] App component rendered{"apiKey":"set"}
[2025-11-28 17:15:43] [INFO] App component rendered{"apiKey":"set"}
[2025-11-28 17:15:46] [INFO] App component rendered{"apiKey":"set"}
[2025-11-28 17:15:46] [INFO] App component rendered{"apiKey":"set"}
[2025-11-28 17:15:47] [INFO] App component rendered{"apiKey":"set"}
[2025-11-28 17:15:47] [INFO] App component rendered{"apiKey":"set"}
[2025-11-28 17:15:48] [INFO] App component rendered{"apiKey":"set"}
[2025-11-28 17:15:48] [INFO] App component rendered{"apiKey":"set"}
[2025-11-28 17:15:48] [INFO] App component rendered{"apiKey":"set"}
[2025-11-28 17:15:48] [INFO] App component rendered{"apiKey":"set"}
[2025-11-28 17:16:26] [INFO] App component rendered{"apiKey":"set"}
[2025-11-28 17:16:26] [INFO] App component rendered{"apiKey":"set"}
[2025-11-28 17:16:28] [INFO] App component rendered{"apiKey":"set"}
[2025-11-28 17:16:28] [INFO] App component rendered{"apiKey":"set"}
[2025-11-28 17:16:28] [INFO] App component rendered{"apiKey":"set"}
[2025-11-28 17:16:28] [INFO] App component rendered{"apiKey":"set"}
[2025-11-28 17:16:38] [INFO] App component rendered{"apiKey":"set"}
[2025-11-28 17:16:38] [INFO] App component rendered{"apiKey":"set"}
[2025-11-28 17:16:38] [INFO] App component rendered{"apiKey":"set"}
[2025-11-28 17:16:38] [INFO] App component rendered{"apiKey":"set"}
[2025-11-28 17:16:39] [INFO] App component rendered{"apiKey":"set"}
[2025-11-28 17:16:39] [INFO] App component rendered{"apiKey":"set"}
[2025-11-28 17:16:40] [INFO] App component rendered{"apiKey":"set"}
[2025-11-28 17:16:40] [INFO] App component rendered{"apiKey":"set"}
[2025-11-28 17:16:41] [INFO] App component rendered{"apiKey":"set"}
[2025-11-28 17:16:41] [INFO] App component rendered{"apiKey":"set"}
[2025-11-28 17:16:42] [INFO] App component rendered{"apiKey":"set"}
[2025-11-28 17:16:42] [INFO] App component rendered{"apiKey":"set"}
[2025-11-28 17:17:39] [INFO] App component rendered{"apiKey":"set"}
[2025-11-28 17:17:39] [INFO] App component rendered{"apiKey":"set"}
[2025-11-28 17:17:40] [INFO] App component rendered{"apiKey":"set"}
[2025-11-28 17:17:40] [INFO] App component rendered{"apiKey":"set"}
[2025-11-28 17:17:41] [INFO] App component rendered{"apiKey":"set"}
[2025-11-28 17:17:41] [INFO] App component rendered{"apiKey":"set"}
[2025-11-28 17:17:42] [INFO] App component rendered{"apiKey":"set"}
[2025-11-28 17:17:42] [INFO] App component rendered{"apiKey":"set"}
[2025-11-28 17:17:43] [INFO] App component rendered{"apiKey":"set"}
[2025-11-28 17:17:43] [INFO] App component rendered{"apiKey":"set"}
[2025-11-28 17:17:44] [INFO] App component rendered{"apiKey":"set"}
[2025-11-28 17:17:44] [INFO] App component rendered{"apiKey":"set"}
[2025-11-28 17:47:42] [INFO] App component rendered{"apiKey":"set"}
[2025-11-28 17:47:42] [INFO] App component rendered{"apiKey":"set"}
[2025-11-28 17:59:13] [INFO] App component rendered{"apiKey":"set"}
[2025-11-28 17:59:13] [INFO] App component rendered{"apiKey":"set"}
[2025-11-28 17:59:14] [INFO] App component rendered{"apiKey":"set"}
[2025-11-28 17:59:14] [INFO] App component rendered{"apiKey":"set"}
[2025-11-28 17:59:32] [INFO] App component rendered{"apiKey":"set"}
[2025-11-28 17:59:32] [INFO] App component rendered{"apiKey":"set"}
