[2025-11-23 12:44:14] [INFO] App component rendered{"apiKey":"set"}
[2025-11-23 12:44:14] [INFO] App component rendered{"apiKey":"set"}
[2025-11-23 12:44:14] [INFO] [COLLECTIONS_LIST] CollectionsListPageContent component mounted{"initialCollectionsCount":513}
[2025-11-23 12:44:14] [INFO] [COLLECTIONS_LIST] CollectionsListPageContent component mounted{"initialCollectionsCount":513}
[2025-11-23 12:44:20] [INFO] App component rendered{"apiKey":"set"}
[2025-11-23 12:44:20] [INFO] App component rendered{"apiKey":"set"}
[2025-11-23 12:44:21] [INFO] App component rendered{"apiKey":"set"}
[2025-11-23 12:44:21] [INFO] App component rendered{"apiKey":"set"}
[2025-11-23 12:44:22] [INFO] App component rendered{"apiKey":"set"}
[2025-11-23 12:44:22] [INFO] App component rendered{"apiKey":"set"}
[2025-11-23 12:44:22] [INFO] App component rendered{"apiKey":"set"}
[2025-11-23 12:44:22] [INFO] App component rendered{"apiKey":"set"}
[2025-11-23 12:44:30] [INFO] App component rendered{"apiKey":"set"}
[2025-11-23 12:44:30] [INFO] App component rendered{"apiKey":"set"}
[2025-11-23 12:44:33] [INFO] [COLLECTIONS_LIST] Search suggestion selected{"collectionId":"gid://shopify/Collection/303119171643","collectionTitle":"Hijabs"}
[2025-11-23 12:44:33] [INFO] [COLLECTIONS_LIST] Collections search submitted{"query":"Hijabs","statusFilter":"all"}
[2025-11-23 12:44:33] [INFO] App component rendered{"apiKey":"set"}
[2025-11-23 12:44:33] [INFO] App component rendered{"apiKey":"set"}
[2025-11-23 12:44:34] [INFO] App component rendered{"apiKey":"set"}
[2025-11-23 12:44:34] [INFO] [COLLECTIONS_LIST] Navigate to collection settings clicked{"collectionId":"gid://shopify/Collection/303119171643","title":"Hijabs"}
[2025-11-23 12:44:34] [INFO] App component rendered{"apiKey":"set"}
[2025-11-23 12:44:35] [INFO] App component rendered{"apiKey":"set"}
[2025-11-23 12:44:35] [INFO] App component rendered{"apiKey":"set"}
[2025-11-23 12:44:37] [INFO] App component rendered{"apiKey":"set"}
[2025-11-23 12:44:37] [INFO] App component rendered{"apiKey":"set"}
[2025-11-23 12:44:37] [INFO] App component rendered{"apiKey":"set"}
[2025-11-23 12:44:37] [INFO] App component rendered{"apiKey":"set"}
[2025-11-23 12:45:32] [INFO] App component rendered{"apiKey":"set"}
[2025-11-23 12:45:32] [INFO] App component rendered{"apiKey":"set"}
[2025-11-23 12:45:33] [INFO] App component rendered{"apiKey":"set"}
[2025-11-23 12:45:33] [INFO] App component rendered{"apiKey":"set"}
[2025-11-23 12:45:35] [INFO] App component rendered{"apiKey":"set"}
[2025-11-23 12:45:35] [INFO] App component rendered{"apiKey":"set"}
[2025-11-23 12:45:36] [INFO] App component rendered{"apiKey":"set"}
[2025-11-23 12:45:36] [INFO] App component rendered{"apiKey":"set"}
[2025-11-23 12:47:03] [INFO] App component rendered{"apiKey":"set"}
[2025-11-23 12:47:03] [INFO] App component rendered{"apiKey":"set"}
[2025-11-23 12:47:24] [INFO] App component rendered{"apiKey":"set"}
[2025-11-23 12:47:24] [INFO] App component rendered{"apiKey":"set"}
[2025-11-23 12:47:24] [INFO] App component rendered{"apiKey":"set"}
[2025-11-23 12:47:24] [INFO] App component rendered{"apiKey":"set"}
[2025-11-23 12:47:25] [INFO] App component rendered{"apiKey":"set"}
[2025-11-23 12:47:25] [INFO] App component rendered{"apiKey":"set"}
[2025-11-23 12:47:28] [INFO] App component rendered{"apiKey":"set"}
[2025-11-23 12:47:28] [INFO] App component rendered{"apiKey":"set"}
[2025-11-23 12:47:29] [INFO] App component rendered{"apiKey":"set"}
[2025-11-23 12:47:29] [INFO] App component rendered{"apiKey":"set"}
[2025-11-23 12:47:35] [INFO] App component rendered{"apiKey":"set"}
[2025-11-23 12:47:35] [INFO] App component rendered{"apiKey":"set"}
[2025-11-23 12:47:36] [INFO] App component rendered{"apiKey":"set"}
[2025-11-23 12:47:36] [INFO] App component rendered{"apiKey":"set"}
[2025-11-23 12:48:53] [INFO] App component rendered{"apiKey":"set"}
[2025-11-23 12:48:53] [INFO] App component rendered{"apiKey":"set"}
[2025-11-23 12:48:55] [INFO] App component rendered{"apiKey":"set"}
[2025-11-23 12:48:55] [INFO] App component rendered{"apiKey":"set"}
[2025-11-23 12:48:56] [INFO] App component rendered{"apiKey":"set"}
[2025-11-23 12:48:56] [INFO] App component rendered{"apiKey":"set"}
[2025-11-23 12:48:57] [INFO] App component rendered{"apiKey":"set"}
[2025-11-23 12:48:57] [INFO] App component rendered{"apiKey":"set"}
[2025-11-23 12:49:03] [INFO] App component rendered{"apiKey":"set"}
[2025-11-23 12:49:03] [INFO] App component rendered{"apiKey":"set"}
[2025-11-23 12:49:04] [INFO] App component rendered{"apiKey":"set"}
[2025-11-23 12:49:04] [INFO] App component rendered{"apiKey":"set"}
[2025-11-23 13:11:25] [INFO] App component rendered{"apiKey":"set"}
[2025-11-23 13:11:25] [INFO] App component rendered{"apiKey":"set"}
[2025-11-23 13:11:28] [INFO] App component rendered{"apiKey":"set"}
[2025-11-23 13:11:28] [INFO] App component rendered{"apiKey":"set"}
[2025-11-23 13:15:09] [INFO] App component rendered{"apiKey":"set"}
[2025-11-23 13:15:09] [INFO] App component rendered{"apiKey":"set"}
[2025-11-23 13:15:10] [INFO] App component rendered{"apiKey":"set"}
[2025-11-23 13:15:10] [INFO] App component rendered{"apiKey":"set"}
[2025-11-23 13:15:12] [INFO] App component rendered{"apiKey":"set"}
[2025-11-23 13:15:12] [INFO] App component rendered{"apiKey":"set"}
[2025-11-23 13:15:31] [INFO] App component rendered{"apiKey":"set"}
[2025-11-23 13:15:31] [INFO] App component rendered{"apiKey":"set"}
[2025-11-23 13:15:31] [INFO] App component rendered{"apiKey":"set"}
[2025-11-23 13:15:31] [INFO] App component rendered{"apiKey":"set"}
[2025-11-23 13:15:32] [INFO] App component rendered{"apiKey":"set"}
[2025-11-23 13:15:32] [INFO] App component rendered{"apiKey":"set"}
[2025-11-23 13:15:35] [INFO] App component rendered{"apiKey":"set"}
[2025-11-23 13:15:35] [INFO] App component rendered{"apiKey":"set"}
[2025-11-23 13:15:36] [INFO] App component rendered{"apiKey":"set"}
[2025-11-23 13:15:36] [INFO] App component rendered{"apiKey":"set"}
[2025-11-23 13:15:42] [INFO] App component rendered{"apiKey":"set"}
[2025-11-23 13:15:42] [INFO] App component rendered{"apiKey":"set"}
[2025-11-23 13:15:43] [INFO] App component rendered{"apiKey":"set"}
[2025-11-23 13:15:43] [INFO] App component rendered{"apiKey":"set"}
[2025-11-23 13:26:36] [INFO] App component rendered{"apiKey":"set"}
[2025-11-23 13:26:36] [INFO] App component rendered{"apiKey":"set"}
[2025-11-23 13:40:03] [INFO] App component rendered{"apiKey":"set"}
[2025-11-23 13:40:03] [INFO] App component rendered{"apiKey":"set"}
[2025-11-23 13:40:56] [INFO] App component rendered{"apiKey":"set"}
[2025-11-23 13:40:56] [INFO] App component rendered{"apiKey":"set"}
[2025-11-23 13:40:58] [INFO] App component rendered{"apiKey":"set"}
[2025-11-23 13:40:58] [INFO] App component rendered{"apiKey":"set"}
[2025-11-23 13:40:59] [INFO] App component rendered{"apiKey":"set"}
[2025-11-23 13:40:59] [INFO] App component rendered{"apiKey":"set"}
[2025-11-23 13:41:16] [INFO] App component rendered{"apiKey":"set"}
[2025-11-23 13:41:16] [INFO] App component rendered{"apiKey":"set"}
[2025-11-23 13:41:17] [INFO] App component rendered{"apiKey":"set"}
[2025-11-23 13:41:17] [INFO] App component rendered{"apiKey":"set"}
[2025-11-23 13:41:18] [INFO] App component rendered{"apiKey":"set"}
[2025-11-23 13:41:18] [INFO] App component rendered{"apiKey":"set"}
[2025-11-23 13:41:21] [INFO] App component rendered{"apiKey":"set"}
[2025-11-23 13:41:21] [INFO] App component rendered{"apiKey":"set"}
[2025-11-23 13:41:22] [INFO] App component rendered{"apiKey":"set"}
[2025-11-23 13:41:22] [INFO] App component rendered{"apiKey":"set"}
[2025-11-23 13:41:28] [INFO] App component rendered{"apiKey":"set"}
[2025-11-23 13:41:28] [INFO] App component rendered{"apiKey":"set"}
[2025-11-23 13:41:29] [INFO] App component rendered{"apiKey":"set"}
[2025-11-23 13:41:29] [INFO] App component rendered{"apiKey":"set"}
[2025-11-23 14:03:24] [INFO] App component rendered{"apiKey":"set"}
[2025-11-23 14:03:24] [INFO] App component rendered{"apiKey":"set"}
[2025-11-23 14:03:52] [INFO] App component rendered{"apiKey":"set"}
[2025-11-23 14:03:52] [INFO] App component rendered{"apiKey":"set"}
[2025-11-23 14:03:53] [INFO] App component rendered{"apiKey":"set"}
[2025-11-23 14:03:53] [INFO] App component rendered{"apiKey":"set"}
[2025-11-23 14:03:54] [INFO] App component rendered{"apiKey":"set"}
[2025-11-23 14:03:54] [INFO] App component rendered{"apiKey":"set"}
[2025-11-23 14:03:54] [INFO] App component rendered{"apiKey":"set"}
[2025-11-23 14:03:54] [INFO] App component rendered{"apiKey":"set"}
[2025-11-23 14:04:00] [INFO] App component rendered{"apiKey":"set"}
[2025-11-23 14:04:00] [INFO] App component rendered{"apiKey":"set"}
[2025-11-23 14:04:02] [INFO] App component rendered{"apiKey":"set"}
[2025-11-23 14:04:02] [INFO] App component rendered{"apiKey":"set"}
[2025-11-23 14:04:08] [INFO] App component rendered{"apiKey":"set"}
[2025-11-23 14:04:08] [INFO] App component rendered{"apiKey":"set"}
[2025-11-23 14:04:09] [INFO] App component rendered{"apiKey":"set"}
[2025-11-23 14:04:09] [INFO] App component rendered{"apiKey":"set"}
[2025-11-23 14:04:15] [INFO] App component rendered{"apiKey":"set"}
[2025-11-23 14:04:15] [INFO] App component rendered{"apiKey":"set"}
[2025-11-23 14:04:17] [INFO] App component rendered{"apiKey":"set"}
[2025-11-23 14:04:17] [INFO] App component rendered{"apiKey":"set"}
[2025-11-23 14:05:36] [INFO] App component rendered{"apiKey":"set"}
[2025-11-23 14:05:36] [INFO] App component rendered{"apiKey":"set"}
[2025-11-23 14:05:38] [INFO] App component rendered{"apiKey":"set"}
[2025-11-23 14:05:38] [INFO] App component rendered{"apiKey":"set"}
[2025-11-23 14:05:39] [INFO] App component rendered{"apiKey":"set"}
[2025-11-23 14:05:39] [INFO] App component rendered{"apiKey":"set"}
[2025-11-23 14:05:39] [INFO] App component rendered{"apiKey":"set"}
[2025-11-23 14:05:39] [INFO] App component rendered{"apiKey":"set"}
[2025-11-23 14:05:40] [INFO] App component rendered{"apiKey":"set"}
[2025-11-23 14:05:40] [INFO] App component rendered{"apiKey":"set"}
[2025-11-23 14:05:45] [INFO] App component rendered{"apiKey":"set"}
[2025-11-23 14:05:45] [INFO] App component rendered{"apiKey":"set"}
[2025-11-23 14:05:46] [INFO] App component rendered{"apiKey":"set"}
[2025-11-23 14:05:46] [INFO] App component rendered{"apiKey":"set"}
[2025-11-23 14:05:47] [INFO] App component rendered{"apiKey":"set"}
[2025-11-23 14:05:47] [INFO] App component rendered{"apiKey":"set"}
[2025-11-23 14:05:48] [INFO] App component rendered{"apiKey":"set"}
[2025-11-23 14:05:48] [INFO] App component rendered{"apiKey":"set"}
[2025-11-23 14:05:48] [INFO] App component rendered{"apiKey":"set"}
[2025-11-23 14:05:48] [INFO] App component rendered{"apiKey":"set"}
[2025-11-23 14:05:49] [INFO] App component rendered{"apiKey":"set"}
[2025-11-23 14:05:49] [INFO] App component rendered{"apiKey":"set"}
[2025-11-23 14:05:49] [INFO] App component rendered{"apiKey":"set"}
[2025-11-23 14:05:49] [INFO] App component rendered{"apiKey":"set"}
[2025-11-23 14:05:55] [INFO] App component rendered{"apiKey":"set"}
[2025-11-23 14:05:55] [INFO] App component rendered{"apiKey":"set"}
[2025-11-23 14:05:56] [INFO] App component rendered{"apiKey":"set"}
[2025-11-23 14:05:56] [INFO] App component rendered{"apiKey":"set"}
[2025-11-23 14:14:01] [INFO] App component rendered{"apiKey":"set"}
[2025-11-23 14:14:01] [INFO] App component rendered{"apiKey":"set"}
[2025-11-23 14:14:11] [INFO] App component rendered{"apiKey":"set"}
[2025-11-23 14:14:11] [INFO] App component rendered{"apiKey":"set"}
[2025-11-23 14:14:13] [INFO] App component rendered{"apiKey":"set"}
[2025-11-23 14:14:13] [INFO] App component rendered{"apiKey":"set"}
[2025-11-23 14:14:14] [INFO] App component rendered{"apiKey":"set"}
[2025-11-23 14:14:14] [INFO] App component rendered{"apiKey":"set"}
[2025-11-23 14:14:15] [INFO] App component rendered{"apiKey":"set"}
[2025-11-23 14:14:16] [INFO] App component rendered{"apiKey":"set"}
[2025-11-23 14:14:16] [INFO] App component rendered{"apiKey":"set"}
[2025-11-23 14:14:15] [INFO] App component rendered{"apiKey":"set"}
[2025-11-23 14:14:18] [INFO] App component rendered{"apiKey":"set"}
[2025-11-23 14:14:18] [INFO] App component rendered{"apiKey":"set"}
[2025-11-23 14:14:18] [INFO] App component rendered{"apiKey":"set"}
[2025-11-23 14:14:18] [INFO] App component rendered{"apiKey":"set"}
[2025-11-23 14:14:20] [INFO] App component rendered{"apiKey":"set"}
[2025-11-23 14:14:20] [INFO] App component rendered{"apiKey":"set"}
[2025-11-23 14:14:21] [INFO] App component rendered{"apiKey":"set"}
[2025-11-23 14:14:21] [INFO] App component rendered{"apiKey":"set"}
[2025-11-23 14:14:35] [INFO] App component rendered{"apiKey":"set"}
[2025-11-23 14:14:35] [INFO] App component rendered{"apiKey":"set"}
[2025-11-23 14:14:36] [INFO] App component rendered{"apiKey":"set"}
[2025-11-23 14:14:36] [INFO] App component rendered{"apiKey":"set"}
[2025-11-23 14:14:38] [INFO] App component rendered{"apiKey":"set"}
[2025-11-23 14:14:38] [INFO] App component rendered{"apiKey":"set"}
[2025-11-23 14:14:45] [INFO] App component rendered{"apiKey":"set"}
[2025-11-23 14:14:45] [INFO] App component rendered{"apiKey":"set"}
[2025-11-23 14:14:46] [INFO] App component rendered{"apiKey":"set"}
[2025-11-23 14:14:46] [INFO] App component rendered{"apiKey":"set"}
[2025-11-23 14:14:47] [INFO] App component rendered{"apiKey":"set"}
[2025-11-23 14:14:47] [INFO] App component rendered{"apiKey":"set"}
[2025-11-23 14:14:48] [INFO] App component rendered{"apiKey":"set"}
[2025-11-23 14:14:48] [INFO] App component rendered{"apiKey":"set"}
[2025-11-23 14:14:49] [INFO] App component rendered{"apiKey":"set"}
[2025-11-23 14:14:49] [INFO] App component rendered{"apiKey":"set"}
[2025-11-23 14:14:50] [INFO] App component rendered{"apiKey":"set"}
[2025-11-23 14:14:50] [INFO] App component rendered{"apiKey":"set"}
[2025-11-23 14:14:50] [INFO] App component rendered{"apiKey":"set"}
[2025-11-23 14:14:50] [INFO] App component rendered{"apiKey":"set"}
[2025-11-23 14:14:56] [INFO] App component rendered{"apiKey":"set"}
[2025-11-23 14:14:56] [INFO] App component rendered{"apiKey":"set"}
[2025-11-23 14:14:57] [INFO] App component rendered{"apiKey":"set"}
[2025-11-23 14:14:57] [INFO] App component rendered{"apiKey":"set"}
[2025-11-23 14:19:43] [INFO] App component rendered{"apiKey":"set"}
[2025-11-23 14:19:43] [INFO] App component rendered{"apiKey":"set"}
[2025-11-23 14:40:55] [INFO] App component rendered{"apiKey":"set"}
[2025-11-23 14:40:55] [INFO] App component rendered{"apiKey":"set"}
[2025-11-23 14:40:58] [INFO] App component rendered{"apiKey":"set"}
[2025-11-23 14:40:58] [INFO] App component rendered{"apiKey":"set"}
[2025-11-23 14:41:40] [INFO] App component rendered{"apiKey":"set"}
[2025-11-23 14:41:40] [INFO] App component rendered{"apiKey":"set"}
[2025-11-23 14:41:46] [INFO] App component rendered{"apiKey":"set"}
[2025-11-23 14:41:46] [INFO] App component rendered{"apiKey":"set"}
[2025-11-23 14:41:48] [INFO] App component rendered{"apiKey":"set"}
[2025-11-23 14:41:48] [INFO] App component rendered{"apiKey":"set"}
[2025-11-23 14:42:22] [INFO] App component rendered{"apiKey":"set"}
[2025-11-23 14:42:22] [INFO] App component rendered{"apiKey":"set"}
[2025-11-23 14:42:27] [INFO] App component rendered{"apiKey":"set"}
[2025-11-23 14:42:27] [INFO] App component rendered{"apiKey":"set"}
[2025-11-23 14:42:28] [INFO] App component rendered{"apiKey":"set"}
[2025-11-23 14:42:28] [INFO] App component rendered{"apiKey":"set"}
[2025-11-23 14:42:34] [INFO] App component rendered{"apiKey":"set"}
[2025-11-23 14:42:34] [INFO] App component rendered{"apiKey":"set"}
[2025-11-23 14:42:36] [INFO] App component rendered{"apiKey":"set"}
[2025-11-23 14:42:36] [INFO] App component rendered{"apiKey":"set"}
[2025-11-23 14:47:07] [INFO] App component rendered{"apiKey":"set"}
[2025-11-23 14:47:07] [INFO] App component rendered{"apiKey":"set"}
[2025-11-23 14:47:16] [INFO] App component rendered{"apiKey":"set"}
[2025-11-23 14:47:16] [INFO] App component rendered{"apiKey":"set"}
[2025-11-23 14:47:18] [INFO] App component rendered{"apiKey":"set"}
[2025-11-23 14:47:18] [INFO] App component rendered{"apiKey":"set"}
[2025-11-23 14:47:24] [INFO] App component rendered{"apiKey":"set"}
[2025-11-23 14:47:24] [INFO] App component rendered{"apiKey":"set"}
[2025-11-23 14:47:24] [INFO] App component rendered{"apiKey":"set"}
[2025-11-23 14:47:24] [INFO] App component rendered{"apiKey":"set"}
[2025-11-23 14:47:30] [INFO] App component rendered{"apiKey":"set"}
[2025-11-23 14:47:30] [INFO] App component rendered{"apiKey":"set"}
[2025-11-23 14:47:31] [INFO] App component rendered{"apiKey":"set"}
[2025-11-23 14:47:31] [INFO] App component rendered{"apiKey":"set"}
[2025-11-23 14:48:37] [INFO] App component rendered{"apiKey":"set"}
[2025-11-23 14:48:37] [INFO] App component rendered{"apiKey":"set"}
[2025-11-23 14:48:40] [INFO] App component rendered{"apiKey":"set"}
[2025-11-23 14:48:40] [INFO] App component rendered{"apiKey":"set"}
[2025-11-23 14:48:42] [INFO] App component rendered{"apiKey":"set"}
[2025-11-23 14:48:42] [INFO] App component rendered{"apiKey":"set"}
[2025-11-23 14:48:48] [INFO] App component rendered{"apiKey":"set"}
[2025-11-23 14:48:48] [INFO] App component rendered{"apiKey":"set"}
[2025-11-23 14:48:49] [INFO] App component rendered{"apiKey":"set"}
[2025-11-23 14:48:49] [INFO] App component rendered{"apiKey":"set"}
[2025-11-23 15:11:24] [INFO] App component rendered{"apiKey":"set"}
[2025-11-23 15:11:24] [INFO] App component rendered{"apiKey":"set"}
[2025-11-23 15:18:52] [INFO] App component rendered{"apiKey":"set"}
[2025-11-23 15:18:52] [INFO] App component rendered{"apiKey":"set"}
[2025-11-23 15:18:55] [INFO] App component rendered{"apiKey":"set"}
[2025-11-23 15:18:55] [INFO] App component rendered{"apiKey":"set"}
[2025-11-23 15:19:50] [INFO] App component rendered{"apiKey":"set"}
[2025-11-23 15:19:50] [INFO] App component rendered{"apiKey":"set"}
[2025-11-23 15:19:53] [INFO] App component rendered{"apiKey":"set"}
[2025-11-23 15:19:53] [INFO] App component rendered{"apiKey":"set"}
[2025-11-23 15:19:54] [INFO] App component rendered{"apiKey":"set"}
[2025-11-23 15:19:54] [INFO] App component rendered{"apiKey":"set"}
[2025-11-23 15:20:00] [INFO] App component rendered{"apiKey":"set"}
[2025-11-23 15:20:00] [INFO] App component rendered{"apiKey":"set"}
[2025-11-23 15:20:01] [INFO] App component rendered{"apiKey":"set"}
[2025-11-23 15:20:01] [INFO] App component rendered{"apiKey":"set"}
[2025-11-23 15:22:20] [INFO] App component rendered{"apiKey":"set"}
[2025-11-23 15:22:20] [INFO] App component rendered{"apiKey":"set"}
[2025-11-23 15:22:22] [INFO] App component rendered{"apiKey":"set"}
[2025-11-23 15:22:22] [INFO] App component rendered{"apiKey":"set"}
[2025-11-23 15:22:24] [INFO] App component rendered{"apiKey":"set"}
[2025-11-23 15:22:24] [INFO] App component rendered{"apiKey":"set"}
[2025-11-23 15:22:24] [INFO] App component rendered{"apiKey":"set"}
[2025-11-23 15:22:24] [INFO] App component rendered{"apiKey":"set"}
[2025-11-23 15:22:25] [INFO] App component rendered{"apiKey":"set"}
[2025-11-23 15:22:25] [INFO] App component rendered{"apiKey":"set"}
[2025-11-23 15:22:27] [INFO] App component rendered{"apiKey":"set"}
[2025-11-23 15:22:27] [INFO] App component rendered{"apiKey":"set"}
[2025-11-23 15:22:29] [INFO] App component rendered{"apiKey":"set"}
[2025-11-23 15:22:29] [INFO] App component rendered{"apiKey":"set"}
[2025-11-23 15:22:30] [INFO] App component rendered{"apiKey":"set"}
[2025-11-23 15:22:30] [INFO] App component rendered{"apiKey":"set"}
[2025-11-23 15:22:32] [INFO] App component rendered{"apiKey":"set"}
[2025-11-23 15:22:32] [INFO] App component rendered{"apiKey":"set"}
[2025-11-23 15:22:32] [INFO] [COLLECTIONS_LIST] CollectionsListPageContent component mounted{"initialCollectionsCount":513}
[2025-11-23 15:22:32] [INFO] [COLLECTIONS_LIST] CollectionsListPageContent component mounted{"initialCollectionsCount":513}
[2025-11-23 15:22:37] [INFO] App component rendered{"apiKey":"set"}
[2025-11-23 15:22:37] [INFO] App component rendered{"apiKey":"set"}
[2025-11-23 15:23:27] [INFO] App component rendered{"apiKey":"set"}
[2025-11-23 15:23:27] [INFO] App component rendered{"apiKey":"set"}
[2025-11-23 15:23:27] [INFO] [COLLECTIONS_LIST] CollectionsListPageContent component mounted{"initialCollectionsCount":513}
[2025-11-23 15:23:27] [INFO] [COLLECTIONS_LIST] CollectionsListPageContent component mounted{"initialCollectionsCount":513}
[2025-11-23 15:23:31] [INFO] App component rendered{"apiKey":"set"}
[2025-11-23 15:23:31] [INFO] App component rendered{"apiKey":"set"}
[2025-11-23 15:23:35] [INFO] App component rendered{"apiKey":"set"}
[2025-11-23 15:23:35] [INFO] App component rendered{"apiKey":"set"}
[2025-11-23 15:23:36] [INFO] App component rendered{"apiKey":"set"}
[2025-11-23 15:23:36] [INFO] App component rendered{"apiKey":"set"}
[2025-11-23 15:23:36] [INFO] [COLLECTIONS_LIST] Collections search submitted{"query":"Alphabets","statusFilter":"all"}
[2025-11-23 15:23:36] [INFO] [COLLECTIONS_LIST] Search suggestion selected{"collectionId":"gid://shopify/Collection/303004287035","collectionTitle":"Alphabets"}
[2025-11-23 15:23:37] [INFO] App component rendered{"apiKey":"set"}
[2025-11-23 15:23:37] [INFO] App component rendered{"apiKey":"set"}
[2025-11-23 15:23:40] [INFO] [COLLECTIONS_LIST] View collection in store clicked{"collectionId":"gid://shopify/Collection/303004287035","title":"Alphabets"}
[2025-11-23 15:23:43] [INFO] [COLLECTIONS_LIST] Edit collection in Shopify clicked{"collectionId":"gid://shopify/Collection/303004287035","title":"Alphabets"}
[2025-11-23 15:23:48] [INFO] [COLLECTIONS_LIST] Navigate to collection settings clicked{"collectionId":"gid://shopify/Collection/303004287035","title":"Alphabets"}
[2025-11-23 15:23:48] [INFO] App component rendered{"apiKey":"set"}
[2025-11-23 15:23:48] [INFO] App component rendered{"apiKey":"set"}
[2025-11-23 15:23:48] [INFO] App component rendered{"apiKey":"set"}
[2025-11-23 15:23:48] [INFO] App component rendered{"apiKey":"set"}
[2025-11-23 15:23:50] [INFO] App component rendered{"apiKey":"set"}
[2025-11-23 15:23:50] [INFO] App component rendered{"apiKey":"set"}
[2025-11-23 15:23:50] [INFO] App component rendered{"apiKey":"set"}
[2025-11-23 15:23:50] [INFO] App component rendered{"apiKey":"set"}
[2025-11-23 15:23:55] [INFO] App component rendered{"apiKey":"set"}
[2025-11-23 15:23:55] [INFO] App component rendered{"apiKey":"set"}
[2025-11-23 15:23:56] [INFO] App component rendered{"apiKey":"set"}
[2025-11-23 15:23:56] [INFO] App component rendered{"apiKey":"set"}
[2025-11-23 15:23:57] [INFO] App component rendered{"apiKey":"set"}
[2025-11-23 15:23:57] [INFO] App component rendered{"apiKey":"set"}
[2025-11-23 15:24:01] [INFO] App component rendered{"apiKey":"set"}
[2025-11-23 15:24:01] [INFO] App component rendered{"apiKey":"set"}
[2025-11-23 15:24:02] [INFO] App component rendered{"apiKey":"set"}
[2025-11-23 15:24:02] [INFO] App component rendered{"apiKey":"set"}
[2025-11-23 15:24:03] [INFO] App component rendered{"apiKey":"set"}
[2025-11-23 15:24:03] [INFO] App component rendered{"apiKey":"set"}
[2025-11-23 15:24:05] [INFO] App component rendered{"apiKey":"set"}
[2025-11-23 15:24:05] [INFO] App component rendered{"apiKey":"set"}
[2025-11-23 15:24:06] [INFO] App component rendered{"apiKey":"set"}
[2025-11-23 15:24:06] [INFO] App component rendered{"apiKey":"set"}
[2025-11-23 15:24:07] [INFO] App component rendered{"apiKey":"set"}
[2025-11-23 15:24:07] [INFO] App component rendered{"apiKey":"set"}
[2025-11-23 15:26:32] [INFO] App component rendered{"apiKey":"set"}
[2025-11-23 15:26:32] [INFO] App component rendered{"apiKey":"set"}
[2025-11-23 15:26:37] [INFO] App component rendered{"apiKey":"set"}
[2025-11-23 15:26:37] [INFO] App component rendered{"apiKey":"set"}
[2025-11-23 15:26:37] [INFO] App component rendered{"apiKey":"set"}
[2025-11-23 15:26:37] [INFO] App component rendered{"apiKey":"set"}
[2025-11-23 15:26:43] [INFO] App component rendered{"apiKey":"set"}
[2025-11-23 15:26:43] [INFO] App component rendered{"apiKey":"set"}
[2025-11-23 15:26:45] [INFO] App component rendered{"apiKey":"set"}
[2025-11-23 15:26:45] [INFO] App component rendered{"apiKey":"set"}
[2025-11-23 15:27:31] [INFO] App component rendered{"apiKey":"set"}
[2025-11-23 15:27:31] [INFO] App component rendered{"apiKey":"set"}
[2025-11-23 15:27:30] [INFO] App component rendered{"apiKey":"set"}
[2025-11-23 15:27:30] [INFO] App component rendered{"apiKey":"set"}
[2025-11-23 15:27:33] [INFO] App component rendered{"apiKey":"set"}
[2025-11-23 15:27:33] [INFO] App component rendered{"apiKey":"set"}
[2025-11-23 15:27:34] [INFO] App component rendered{"apiKey":"set"}
[2025-11-23 15:27:34] [INFO] App component rendered{"apiKey":"set"}
[2025-11-23 15:27:41] [INFO] App component rendered{"apiKey":"set"}
[2025-11-23 15:27:41] [INFO] App component rendered{"apiKey":"set"}
[2025-11-23 15:27:43] [INFO] App component rendered{"apiKey":"set"}
[2025-11-23 15:27:43] [INFO] App component rendered{"apiKey":"set"}
[2025-11-23 15:28:18] [INFO] App component rendered{"apiKey":"set"}
[2025-11-23 15:28:18] [INFO] App component rendered{"apiKey":"set"}
[2025-11-23 15:28:20] [INFO] App component rendered{"apiKey":"set"}
[2025-11-23 15:28:20] [INFO] App component rendered{"apiKey":"set"}
[2025-11-23 15:28:21] [INFO] App component rendered{"apiKey":"set"}
[2025-11-23 15:28:21] [INFO] App component rendered{"apiKey":"set"}
[2025-11-23 15:28:27] [INFO] App component rendered{"apiKey":"set"}
[2025-11-23 15:28:27] [INFO] App component rendered{"apiKey":"set"}
[2025-11-23 15:28:29] [INFO] App component rendered{"apiKey":"set"}
[2025-11-23 15:28:29] [INFO] App component rendered{"apiKey":"set"}
[2025-11-23 15:37:23] [INFO] App component rendered{"apiKey":"set"}
[2025-11-23 15:37:23] [INFO] App component rendered{"apiKey":"set"}
[2025-11-23 15:37:23] [INFO] [COLLECTIONS_LIST] CollectionsListPageContent component mounted{"initialCollectionsCount":514}
[2025-11-23 15:37:23] [INFO] [COLLECTIONS_LIST] CollectionsListPageContent component mounted{"initialCollectionsCount":514}
[2025-11-23 15:37:28] [INFO] App component rendered{"apiKey":"set"}
[2025-11-23 15:37:28] [INFO] App component rendered{"apiKey":"set"}
[2025-11-23 15:37:33] [INFO] App component rendered{"apiKey":"set"}
[2025-11-23 15:37:33] [INFO] App component rendered{"apiKey":"set"}
[2025-11-23 15:37:43] [INFO] App component rendered{"apiKey":"set"}
[2025-11-23 15:37:43] [INFO] App component rendered{"apiKey":"set"}
[2025-11-23 15:37:43] [INFO] App component rendered{"apiKey":"set"}
[2025-11-23 15:37:43] [INFO] App component rendered{"apiKey":"set"}
[2025-11-23 15:37:43] [INFO] App component rendered{"apiKey":"set"}
[2025-11-23 15:37:43] [INFO] App component rendered{"apiKey":"set"}
[2025-11-23 15:37:47] [INFO] [COLLECTIONS_LIST] Collection toggle triggered{"collectionId":"gid://shopify/Collection/303184085051","collectionTitle":"Bangles","from":false,"to":true}
[2025-11-23 15:37:47] [INFO] App component rendered{"apiKey":"set"}
[2025-11-23 15:37:47] [INFO] App component rendered{"apiKey":"set"}
[2025-11-23 15:37:48] [INFO] App component rendered{"apiKey":"set"}
[2025-11-23 15:37:48] [INFO] App component rendered{"apiKey":"set"}
[2025-11-23 15:37:49] [INFO] [COLLECTIONS_LIST] Edit collection in Shopify clicked{"collectionId":"gid://shopify/Collection/303184085051","title":"Bangles"}
[2025-11-23 15:37:50] [INFO] App component rendered{"apiKey":"set"}
[2025-11-23 15:37:50] [INFO] App component rendered{"apiKey":"set"}
[2025-11-23 15:37:50] [INFO] [COLLECTIONS_LIST] View collection in store clicked{"collectionId":"gid://shopify/Collection/303184085051","title":"Bangles"}
[2025-11-23 15:38:01] [INFO] [COLLECTIONS_LIST] Collections search submitted{"query":"Bangles","statusFilter":"all"}
[2025-11-23 15:38:01] [INFO] [COLLECTIONS_LIST] Search suggestion selected{"collectionId":"gid://shopify/Collection/303184085051","collectionTitle":"Bangles"}
[2025-11-23 15:38:01] [INFO] App component rendered{"apiKey":"set"}
[2025-11-23 15:38:01] [INFO] App component rendered{"apiKey":"set"}
[2025-11-23 15:38:02] [INFO] App component rendered{"apiKey":"set"}
[2025-11-23 15:38:02] [INFO] App component rendered{"apiKey":"set"}
[2025-11-23 15:38:03] [INFO] [COLLECTIONS_LIST] Collections search submitted{"query":"Bangles","statusFilter":"all"}
[2025-11-23 15:38:03] [INFO] App component rendered{"apiKey":"set"}
[2025-11-23 15:38:03] [INFO] [COLLECTIONS_LIST] Search suggestion selected{"collectionId":"gid://shopify/Collection/303184085051","collectionTitle":"Bangles"}
[2025-11-23 15:38:03] [INFO] App component rendered{"apiKey":"set"}
[2025-11-23 15:38:04] [INFO] App component rendered{"apiKey":"set"}
[2025-11-23 15:38:04] [INFO] App component rendered{"apiKey":"set"}
[2025-11-23 15:38:04] [INFO] App component rendered{"apiKey":"set"}
[2025-11-23 15:38:04] [INFO] [COLLECTIONS_LIST] Navigate to collection settings clicked{"collectionId":"gid://shopify/Collection/303184085051","title":"Bangles"}
[2025-11-23 15:38:04] [INFO] App component rendered{"apiKey":"set"}
[2025-11-23 15:38:05] [INFO] App component rendered{"apiKey":"set"}
[2025-11-23 15:38:05] [INFO] App component rendered{"apiKey":"set"}
[2025-11-23 15:38:06] [INFO] App component rendered{"apiKey":"set"}
[2025-11-23 15:38:06] [INFO] App component rendered{"apiKey":"set"}
[2025-11-23 15:38:06] [INFO] App component rendered{"apiKey":"set"}
[2025-11-23 15:38:06] [INFO] App component rendered{"apiKey":"set"}
[2025-11-23 15:38:39] [INFO] App component rendered{"apiKey":"set"}
[2025-11-23 15:38:39] [INFO] App component rendered{"apiKey":"set"}
[2025-11-23 15:38:41] [INFO] App component rendered{"apiKey":"set"}
[2025-11-23 15:38:41] [INFO] App component rendered{"apiKey":"set"}
[2025-11-23 15:38:42] [INFO] App component rendered{"apiKey":"set"}
[2025-11-23 15:38:42] [INFO] App component rendered{"apiKey":"set"}
[2025-11-23 15:39:14] [INFO] App component rendered{"apiKey":"set"}
[2025-11-23 15:39:14] [INFO] App component rendered{"apiKey":"set"}
[2025-11-23 15:39:17] [INFO] App component rendered{"apiKey":"set"}
[2025-11-23 15:39:17] [INFO] App component rendered{"apiKey":"set"}
[2025-11-23 15:39:18] [INFO] App component rendered{"apiKey":"set"}
[2025-11-23 15:39:18] [INFO] App component rendered{"apiKey":"set"}
[2025-11-23 15:39:24] [INFO] App component rendered{"apiKey":"set"}
[2025-11-23 15:39:24] [INFO] App component rendered{"apiKey":"set"}
[2025-11-23 15:39:25] [INFO] App component rendered{"apiKey":"set"}
[2025-11-23 15:39:25] [INFO] App component rendered{"apiKey":"set"}
[2025-11-23 15:39:42] [INFO] App component rendered{"apiKey":"set"}
[2025-11-23 15:39:42] [INFO] App component rendered{"apiKey":"set"}
[2025-11-23 15:39:46] [INFO] App component rendered{"apiKey":"set"}
[2025-11-23 15:39:46] [INFO] App component rendered{"apiKey":"set"}
[2025-11-23 15:39:48] [INFO] App component rendered{"apiKey":"set"}
[2025-11-23 15:39:48] [INFO] App component rendered{"apiKey":"set"}
[2025-11-23 15:39:54] [INFO] App component rendered{"apiKey":"set"}
[2025-11-23 15:39:54] [INFO] App component rendered{"apiKey":"set"}
[2025-11-23 15:39:55] [INFO] App component rendered{"apiKey":"set"}
[2025-11-23 15:39:55] [INFO] App component rendered{"apiKey":"set"}
[2025-11-23 15:40:46] [INFO] App component rendered{"apiKey":"set"}
[2025-11-23 15:40:46] [INFO] App component rendered{"apiKey":"set"}
[2025-11-23 15:40:50] [INFO] App component rendered{"apiKey":"set"}
[2025-11-23 15:40:50] [INFO] App component rendered{"apiKey":"set"}
[2025-11-23 15:40:51] [INFO] App component rendered{"apiKey":"set"}
[2025-11-23 15:40:51] [INFO] App component rendered{"apiKey":"set"}
[2025-11-23 15:40:57] [INFO] App component rendered{"apiKey":"set"}
[2025-11-23 15:40:57] [INFO] App component rendered{"apiKey":"set"}
[2025-11-23 15:40:59] [INFO] App component rendered{"apiKey":"set"}
[2025-11-23 15:40:59] [INFO] App component rendered{"apiKey":"set"}
[2025-11-23 15:41:11] [INFO] App component rendered{"apiKey":"set"}
[2025-11-23 15:41:11] [INFO] App component rendered{"apiKey":"set"}
[2025-11-23 15:41:14] [INFO] App component rendered{"apiKey":"set"}
[2025-11-23 15:41:14] [INFO] App component rendered{"apiKey":"set"}
[2025-11-23 15:41:15] [INFO] App component rendered{"apiKey":"set"}
[2025-11-23 15:41:15] [INFO] App component rendered{"apiKey":"set"}
[2025-11-23 15:41:16] [INFO] App component rendered{"apiKey":"set"}
[2025-11-23 15:41:16] [INFO] App component rendered{"apiKey":"set"}
[2025-11-23 15:41:16] [INFO] App component rendered{"apiKey":"set"}
[2025-11-23 15:41:16] [INFO] App component rendered{"apiKey":"set"}
[2025-11-23 15:41:17] [INFO] App component rendered{"apiKey":"set"}
[2025-11-23 15:41:17] [INFO] App component rendered{"apiKey":"set"}
[2025-11-23 15:41:18] [INFO] App component rendered{"apiKey":"set"}
[2025-11-23 15:41:18] [INFO] App component rendered{"apiKey":"set"}
[2025-11-23 15:41:42] [INFO] App component rendered{"apiKey":"set"}
[2025-11-23 15:41:42] [INFO] App component rendered{"apiKey":"set"}
[2025-11-23 15:41:45] [INFO] App component rendered{"apiKey":"set"}
[2025-11-23 15:41:45] [INFO] App component rendered{"apiKey":"set"}
[2025-11-23 15:41:46] [INFO] App component rendered{"apiKey":"set"}
[2025-11-23 15:41:46] [INFO] App component rendered{"apiKey":"set"}
[2025-11-23 15:41:52] [INFO] App component rendered{"apiKey":"set"}
[2025-11-23 15:41:52] [INFO] App component rendered{"apiKey":"set"}
[2025-11-23 15:41:54] [INFO] App component rendered{"apiKey":"set"}
[2025-11-23 15:41:54] [INFO] App component rendered{"apiKey":"set"}
[2025-11-23 15:42:38] [INFO] App component rendered{"apiKey":"set"}
[2025-11-23 15:42:38] [INFO] App component rendered{"apiKey":"set"}
[2025-11-23 15:42:41] [INFO] App component rendered{"apiKey":"set"}
[2025-11-23 15:42:41] [INFO] App component rendered{"apiKey":"set"}
[2025-11-23 15:42:42] [INFO] App component rendered{"apiKey":"set"}
[2025-11-23 15:42:42] [INFO] App component rendered{"apiKey":"set"}
[2025-11-23 15:42:43] [INFO] App component rendered{"apiKey":"set"}
[2025-11-23 15:42:43] [INFO] App component rendered{"apiKey":"set"}
[2025-11-23 15:43:06] [INFO] App component rendered{"apiKey":"set"}
[2025-11-23 15:43:06] [INFO] App component rendered{"apiKey":"set"}
[2025-11-23 15:43:07] [INFO] App component rendered{"apiKey":"set"}
[2025-11-23 15:43:07] [INFO] App component rendered{"apiKey":"set"}
[2025-11-23 15:43:09] [INFO] App component rendered{"apiKey":"set"}
[2025-11-23 15:43:09] [INFO] App component rendered{"apiKey":"set"}
[2025-11-23 15:43:33] [INFO] App component rendered{"apiKey":"set"}
[2025-11-23 15:43:33] [INFO] App component rendered{"apiKey":"set"}
[2025-11-23 15:43:36] [INFO] App component rendered{"apiKey":"set"}
[2025-11-23 15:43:36] [INFO] App component rendered{"apiKey":"set"}
[2025-11-23 15:43:36] [INFO] App component rendered{"apiKey":"set"}
[2025-11-23 15:43:36] [INFO] App component rendered{"apiKey":"set"}
[2025-11-23 15:43:42] [INFO] App component rendered{"apiKey":"set"}
[2025-11-23 15:43:42] [INFO] App component rendered{"apiKey":"set"}
[2025-11-23 15:43:44] [INFO] App component rendered{"apiKey":"set"}
[2025-11-23 15:43:44] [INFO] App component rendered{"apiKey":"set"}
[2025-11-23 15:45:37] [INFO] App component rendered{"apiKey":"set"}
[2025-11-23 15:45:37] [INFO] App component rendered{"apiKey":"set"}
[2025-11-23 15:45:37] [INFO] App component rendered{"apiKey":"set"}
[2025-11-23 15:45:37] [INFO] App component rendered{"apiKey":"set"}
[2025-11-23 15:45:38] [INFO] App component rendered{"apiKey":"set"}
[2025-11-23 15:45:38] [INFO] App component rendered{"apiKey":"set"}
[2025-11-23 15:45:40] [INFO] App component rendered{"apiKey":"set"}
[2025-11-23 15:45:40] [INFO] App component rendered{"apiKey":"set"}
[2025-11-23 15:48:20] [INFO] App component rendered{"apiKey":"set"}
[2025-11-23 15:48:20] [INFO] App component rendered{"apiKey":"set"}
[2025-11-23 15:48:21] [INFO] App component rendered{"apiKey":"set"}
[2025-11-23 15:48:21] [INFO] App component rendered{"apiKey":"set"}
[2025-11-23 15:48:25] [INFO] App component rendered{"apiKey":"set"}
[2025-11-23 15:48:25] [INFO] App component rendered{"apiKey":"set"}
[2025-11-23 15:55:52] [INFO] App component rendered{"apiKey":"set"}
[2025-11-23 15:55:52] [INFO] App component rendered{"apiKey":"set"}
[2025-11-23 15:55:56] [INFO] App component rendered{"apiKey":"set"}
[2025-11-23 15:55:56] [INFO] App component rendered{"apiKey":"set"}
[2025-11-23 15:55:57] [INFO] App component rendered{"apiKey":"set"}
[2025-11-23 15:55:57] [INFO] App component rendered{"apiKey":"set"}
[2025-11-23 15:55:58] [INFO] App component rendered{"apiKey":"set"}
[2025-11-23 15:55:58] [INFO] App component rendered{"apiKey":"set"}
[2025-11-23 15:55:58] [INFO] App component rendered{"apiKey":"set"}
[2025-11-23 15:55:58] [INFO] App component rendered{"apiKey":"set"}
[2025-11-23 15:55:59] [INFO] App component rendered{"apiKey":"set"}
[2025-11-23 15:55:59] [INFO] App component rendered{"apiKey":"set"}
[2025-11-23 15:56:05] [INFO] App component rendered{"apiKey":"set"}
[2025-11-23 15:56:05] [INFO] App component rendered{"apiKey":"set"}
[2025-11-23 15:56:07] [INFO] App component rendered{"apiKey":"set"}
[2025-11-23 15:56:07] [INFO] App component rendered{"apiKey":"set"}
[2025-11-23 15:56:34] [INFO] App component rendered{"apiKey":"set"}
[2025-11-23 15:56:34] [INFO] App component rendered{"apiKey":"set"}
[2025-11-23 15:56:35] [INFO] App component rendered{"apiKey":"set"}
[2025-11-23 15:56:35] [INFO] App component rendered{"apiKey":"set"}
[2025-11-23 15:56:36] [INFO] App component rendered{"apiKey":"set"}
[2025-11-23 15:56:36] [INFO] App component rendered{"apiKey":"set"}
[2025-11-23 15:56:37] [INFO] App component rendered{"apiKey":"set"}
[2025-11-23 15:56:37] [INFO] App component rendered{"apiKey":"set"}
[2025-11-23 15:56:38] [INFO] App component rendered{"apiKey":"set"}
[2025-11-23 15:56:38] [INFO] App component rendered{"apiKey":"set"}
[2025-11-23 15:56:39] [INFO] App component rendered{"apiKey":"set"}
[2025-11-23 15:56:39] [INFO] App component rendered{"apiKey":"set"}
[2025-11-23 15:56:40] [INFO] App component rendered{"apiKey":"set"}
[2025-11-23 15:56:40] [INFO] App component rendered{"apiKey":"set"}
[2025-11-23 15:56:41] [INFO] App component rendered{"apiKey":"set"}
[2025-11-23 15:56:41] [INFO] App component rendered{"apiKey":"set"}
[2025-11-23 15:56:43] [INFO] App component rendered{"apiKey":"set"}
[2025-11-23 15:56:43] [INFO] App component rendered{"apiKey":"set"}
[2025-11-23 15:56:44] [INFO] App component rendered{"apiKey":"set"}
[2025-11-23 15:56:44] [INFO] App component rendered{"apiKey":"set"}
[2025-11-23 15:57:32] [INFO] App component rendered{"apiKey":"set"}
[2025-11-23 15:57:32] [INFO] App component rendered{"apiKey":"set"}
[2025-11-23 15:57:33] [INFO] App component rendered{"apiKey":"set"}
[2025-11-23 15:57:33] [INFO] App component rendered{"apiKey":"set"}
[2025-11-23 15:57:34] [INFO] App component rendered{"apiKey":"set"}
[2025-11-23 15:57:34] [INFO] App component rendered{"apiKey":"set"}
[2025-11-23 15:57:41] [INFO] App component rendered{"apiKey":"set"}
[2025-11-23 15:57:41] [INFO] App component rendered{"apiKey":"set"}
[2025-11-23 15:57:42] [INFO] App component rendered{"apiKey":"set"}
[2025-11-23 15:57:42] [INFO] App component rendered{"apiKey":"set"}
[2025-11-23 15:57:43] [INFO] App component rendered{"apiKey":"set"}
[2025-11-23 15:57:43] [INFO] App component rendered{"apiKey":"set"}
[2025-11-23 15:57:49] [INFO] App component rendered{"apiKey":"set"}
[2025-11-23 15:57:49] [INFO] App component rendered{"apiKey":"set"}
[2025-11-23 15:57:50] [INFO] App component rendered{"apiKey":"set"}
[2025-11-23 15:57:50] [INFO] App component rendered{"apiKey":"set"}
[2025-11-23 15:57:51] [INFO] App component rendered{"apiKey":"set"}
[2025-11-23 15:57:51] [INFO] App component rendered{"apiKey":"set"}
[2025-11-23 15:57:55] [INFO] App component rendered{"apiKey":"set"}
[2025-11-23 15:57:55] [INFO] App component rendered{"apiKey":"set"}
[2025-11-23 15:57:56] [INFO] App component rendered{"apiKey":"set"}
[2025-11-23 15:57:56] [INFO] App component rendered{"apiKey":"set"}
[2025-11-23 15:57:57] [INFO] App component rendered{"apiKey":"set"}
[2025-11-23 15:57:57] [INFO] App component rendered{"apiKey":"set"}
[2025-11-23 15:57:59] [INFO] App component rendered{"apiKey":"set"}
[2025-11-23 15:57:59] [INFO] App component rendered{"apiKey":"set"}
[2025-11-23 15:58:00] [INFO] App component rendered{"apiKey":"set"}
[2025-11-23 15:58:00] [INFO] App component rendered{"apiKey":"set"}
[2025-11-23 15:58:05] [INFO] App component rendered{"apiKey":"set"}
[2025-11-23 15:58:05] [INFO] App component rendered{"apiKey":"set"}
[2025-11-23 15:58:06] [INFO] App component rendered{"apiKey":"set"}
[2025-11-23 15:58:06] [INFO] App component rendered{"apiKey":"set"}
[2025-11-23 15:59:46] [INFO] App component rendered{"apiKey":"set"}
[2025-11-23 15:59:46] [INFO] App component rendered{"apiKey":"set"}
[2025-11-23 15:59:48] [INFO] App component rendered{"apiKey":"set"}
[2025-11-23 15:59:48] [INFO] App component rendered{"apiKey":"set"}
[2025-11-23 15:59:48] [INFO] App component rendered{"apiKey":"set"}
[2025-11-23 15:59:48] [INFO] App component rendered{"apiKey":"set"}
[2025-11-23 15:59:49] [INFO] App component rendered{"apiKey":"set"}
[2025-11-23 15:59:49] [INFO] App component rendered{"apiKey":"set"}
[2025-11-23 15:59:50] [INFO] App component rendered{"apiKey":"set"}
[2025-11-23 15:59:50] [INFO] App component rendered{"apiKey":"set"}
[2025-11-23 15:59:51] [INFO] App component rendered{"apiKey":"set"}
[2025-11-23 15:59:51] [INFO] App component rendered{"apiKey":"set"}
[2025-11-23 15:59:52] [INFO] App component rendered{"apiKey":"set"}
[2025-11-23 15:59:52] [INFO] App component rendered{"apiKey":"set"}
[2025-11-23 15:59:53] [INFO] App component rendered{"apiKey":"set"}
[2025-11-23 15:59:53] [INFO] App component rendered{"apiKey":"set"}
[2025-11-23 15:59:54] [INFO] App component rendered{"apiKey":"set"}
[2025-11-23 15:59:54] [INFO] App component rendered{"apiKey":"set"}
[2025-11-23 16:02:15] [INFO] App component rendered{"apiKey":"set"}
[2025-11-23 16:02:15] [INFO] App component rendered{"apiKey":"set"}
[2025-11-23 16:02:18] [INFO] App component rendered{"apiKey":"set"}
[2025-11-23 16:02:18] [INFO] App component rendered{"apiKey":"set"}
[2025-11-23 16:02:39] [INFO] App component rendered{"apiKey":"set"}
[2025-11-23 16:02:39] [INFO] App component rendered{"apiKey":"set"}
[2025-11-23 16:02:43] [INFO] App component rendered{"apiKey":"set"}
[2025-11-23 16:02:43] [INFO] App component rendered{"apiKey":"set"}
[2025-11-23 16:02:44] [INFO] App component rendered{"apiKey":"set"}
[2025-11-23 16:02:44] [INFO] App component rendered{"apiKey":"set"}
[2025-11-23 16:02:45] [INFO] App component rendered{"apiKey":"set"}
[2025-11-23 16:02:45] [INFO] App component rendered{"apiKey":"set"}
[2025-11-23 16:02:59] [INFO] App component rendered{"apiKey":"set"}
[2025-11-23 16:02:59] [INFO] App component rendered{"apiKey":"set"}
[2025-11-23 16:03:00] [INFO] App component rendered{"apiKey":"set"}
[2025-11-23 16:03:00] [INFO] App component rendered{"apiKey":"set"}
[2025-11-23 16:03:00] [INFO] App component rendered{"apiKey":"set"}
[2025-11-23 16:03:00] [INFO] App component rendered{"apiKey":"set"}
[2025-11-23 16:03:00] [INFO] App component rendered{"apiKey":"set"}
[2025-11-23 16:03:00] [INFO] App component rendered{"apiKey":"set"}
[2025-11-23 16:03:01] [INFO] App component rendered{"apiKey":"set"}
[2025-11-23 16:03:01] [INFO] App component rendered{"apiKey":"set"}
[2025-11-23 16:03:04] [INFO] App component rendered{"apiKey":"set"}
[2025-11-23 16:03:04] [INFO] App component rendered{"apiKey":"set"}
[2025-11-23 16:03:04] [INFO] App component rendered{"apiKey":"set"}
[2025-11-23 16:03:04] [INFO] App component rendered{"apiKey":"set"}
[2025-11-23 16:03:11] [INFO] App component rendered{"apiKey":"set"}
[2025-11-23 16:03:11] [INFO] App component rendered{"apiKey":"set"}
[2025-11-23 16:03:12] [INFO] App component rendered{"apiKey":"set"}
[2025-11-23 16:03:12] [INFO] App component rendered{"apiKey":"set"}
[2025-11-23 16:03:43] [INFO] App component rendered{"apiKey":"set"}
[2025-11-23 16:03:43] [INFO] App component rendered{"apiKey":"set"}
[2025-11-23 16:03:44] [INFO] App component rendered{"apiKey":"set"}
[2025-11-23 16:03:44] [INFO] App component rendered{"apiKey":"set"}
[2025-11-23 16:03:49] [INFO] App component rendered{"apiKey":"set"}
[2025-11-23 16:03:49] [INFO] App component rendered{"apiKey":"set"}
[2025-11-23 16:03:55] [INFO] App component rendered{"apiKey":"set"}
[2025-11-23 16:03:55] [INFO] App component rendered{"apiKey":"set"}
[2025-11-23 16:03:56] [INFO] App component rendered{"apiKey":"set"}
[2025-11-23 16:03:56] [INFO] App component rendered{"apiKey":"set"}
[2025-11-23 16:04:03] [INFO] App component rendered{"apiKey":"set"}
[2025-11-23 16:04:03] [INFO] App component rendered{"apiKey":"set"}
[2025-11-23 16:04:04] [INFO] App component rendered{"apiKey":"set"}
[2025-11-23 16:04:04] [INFO] App component rendered{"apiKey":"set"}
[2025-11-23 16:04:05] [INFO] App component rendered{"apiKey":"set"}
[2025-11-23 16:04:05] [INFO] App component rendered{"apiKey":"set"}
[2025-11-23 16:04:08] [INFO] App component rendered{"apiKey":"set"}
[2025-11-23 16:04:08] [INFO] App component rendered{"apiKey":"set"}
[2025-11-23 16:04:09] [INFO] App component rendered{"apiKey":"set"}
[2025-11-23 16:04:09] [INFO] App component rendered{"apiKey":"set"}
[2025-11-23 16:04:10] [INFO] App component rendered{"apiKey":"set"}
[2025-11-23 16:04:10] [INFO] App component rendered{"apiKey":"set"}
[2025-11-23 16:04:11] [INFO] App component rendered{"apiKey":"set"}
[2025-11-23 16:04:11] [INFO] App component rendered{"apiKey":"set"}
[2025-11-23 16:04:12] [INFO] App component rendered{"apiKey":"set"}
[2025-11-23 16:04:12] [INFO] App component rendered{"apiKey":"set"}
[2025-11-23 16:04:15] [INFO] App component rendered{"apiKey":"set"}
[2025-11-23 16:04:15] [INFO] App component rendered{"apiKey":"set"}
[2025-11-23 16:04:15] [INFO] App component rendered{"apiKey":"set"}
[2025-11-23 16:04:15] [INFO] App component rendered{"apiKey":"set"}
[2025-11-23 16:04:17] [INFO] App component rendered{"apiKey":"set"}
[2025-11-23 16:04:17] [INFO] App component rendered{"apiKey":"set"}
[2025-11-23 16:04:19] [INFO] App component rendered{"apiKey":"set"}
[2025-11-23 16:04:19] [INFO] App component rendered{"apiKey":"set"}
[2025-11-23 16:04:20] [INFO] App component rendered{"apiKey":"set"}
[2025-11-23 16:04:20] [INFO] App component rendered{"apiKey":"set"}
[2025-11-23 16:04:21] [INFO] App component rendered{"apiKey":"set"}
[2025-11-23 16:04:21] [INFO] App component rendered{"apiKey":"set"}
[2025-11-23 16:04:27] [INFO] App component rendered{"apiKey":"set"}
[2025-11-23 16:04:27] [INFO] App component rendered{"apiKey":"set"}
[2025-11-23 16:04:27] [INFO] App component rendered{"apiKey":"set"}
[2025-11-23 16:04:27] [INFO] App component rendered{"apiKey":"set"}
[2025-11-23 16:04:29] [INFO] App component rendered{"apiKey":"set"}
[2025-11-23 16:04:29] [INFO] App component rendered{"apiKey":"set"}
[2025-11-23 16:04:30] [INFO] App component rendered{"apiKey":"set"}
[2025-11-23 16:04:30] [INFO] App component rendered{"apiKey":"set"}
[2025-11-23 16:04:31] [INFO] App component rendered{"apiKey":"set"}
[2025-11-23 16:04:31] [INFO] App component rendered{"apiKey":"set"}
[2025-11-23 16:04:32] [INFO] App component rendered{"apiKey":"set"}
[2025-11-23 16:04:32] [INFO] App component rendered{"apiKey":"set"}
[2025-11-23 16:04:40] [INFO] App component rendered{"apiKey":"set"}
[2025-11-23 16:04:40] [INFO] App component rendered{"apiKey":"set"}
[2025-11-23 16:04:41] [INFO] App component rendered{"apiKey":"set"}
[2025-11-23 16:04:41] [INFO] App component rendered{"apiKey":"set"}
[2025-11-23 16:04:42] [INFO] App component rendered{"apiKey":"set"}
[2025-11-23 16:04:42] [INFO] App component rendered{"apiKey":"set"}
[2025-11-23 16:04:49] [INFO] App component rendered{"apiKey":"set"}
[2025-11-23 16:04:49] [INFO] App component rendered{"apiKey":"set"}
[2025-11-23 16:04:50] [INFO] App component rendered{"apiKey":"set"}
[2025-11-23 16:04:50] [INFO] App component rendered{"apiKey":"set"}
[2025-11-23 16:04:51] [INFO] App component rendered{"apiKey":"set"}
[2025-11-23 16:04:51] [INFO] App component rendered{"apiKey":"set"}
[2025-11-23 16:04:52] [INFO] App component rendered{"apiKey":"set"}
[2025-11-23 16:04:52] [INFO] App component rendered{"apiKey":"set"}
[2025-11-23 16:04:53] [INFO] App component rendered{"apiKey":"set"}
[2025-11-23 16:04:53] [INFO] App component rendered{"apiKey":"set"}
[2025-11-23 16:04:54] [INFO] App component rendered{"apiKey":"set"}
[2025-11-23 16:04:54] [INFO] App component rendered{"apiKey":"set"}
[2025-11-23 16:05:00] [INFO] App component rendered{"apiKey":"set"}
[2025-11-23 16:05:00] [INFO] App component rendered{"apiKey":"set"}
[2025-11-23 16:05:02] [INFO] App component rendered{"apiKey":"set"}
[2025-11-23 16:05:02] [INFO] App component rendered{"apiKey":"set"}
[2025-11-23 16:05:08] [INFO] App component rendered{"apiKey":"set"}
[2025-11-23 16:05:08] [INFO] App component rendered{"apiKey":"set"}
[2025-11-23 16:05:09] [INFO] App component rendered{"apiKey":"set"}
[2025-11-23 16:05:09] [INFO] App component rendered{"apiKey":"set"}
[2025-11-23 16:05:10] [INFO] App component rendered{"apiKey":"set"}
[2025-11-23 16:05:10] [INFO] App component rendered{"apiKey":"set"}
[2025-11-23 16:05:12] [INFO] App component rendered{"apiKey":"set"}
[2025-11-23 16:05:12] [INFO] App component rendered{"apiKey":"set"}
[2025-11-23 16:05:13] [INFO] App component rendered{"apiKey":"set"}
[2025-11-23 16:05:13] [INFO] App component rendered{"apiKey":"set"}
[2025-11-23 16:05:14] [INFO] App component rendered{"apiKey":"set"}
[2025-11-23 16:05:14] [INFO] App component rendered{"apiKey":"set"}
[2025-11-23 16:05:16] [INFO] App component rendered{"apiKey":"set"}
[2025-11-23 16:05:16] [INFO] App component rendered{"apiKey":"set"}
[2025-11-23 16:05:16] [INFO] App component rendered{"apiKey":"set"}
[2025-11-23 16:05:16] [INFO] App component rendered{"apiKey":"set"}
[2025-11-23 16:05:17] [INFO] App component rendered{"apiKey":"set"}
[2025-11-23 16:05:17] [INFO] App component rendered{"apiKey":"set"}
[2025-11-23 16:05:35] [INFO] App component rendered{"apiKey":"set"}
[2025-11-23 16:05:35] [INFO] App component rendered{"apiKey":"set"}
[2025-11-23 16:05:36] [INFO] App component rendered{"apiKey":"set"}
[2025-11-23 16:05:36] [INFO] App component rendered{"apiKey":"set"}
[2025-11-23 16:05:37] [INFO] App component rendered{"apiKey":"set"}
[2025-11-23 16:05:37] [INFO] App component rendered{"apiKey":"set"}
[2025-11-23 16:05:38] [INFO] App component rendered{"apiKey":"set"}
[2025-11-23 16:05:38] [INFO] App component rendered{"apiKey":"set"}
[2025-11-23 16:05:39] [INFO] App component rendered{"apiKey":"set"}
[2025-11-23 16:05:39] [INFO] App component rendered{"apiKey":"set"}
[2025-11-23 16:05:42] [INFO] App component rendered{"apiKey":"set"}
[2025-11-23 16:05:42] [INFO] App component rendered{"apiKey":"set"}
[2025-11-23 16:05:43] [INFO] App component rendered{"apiKey":"set"}
[2025-11-23 16:05:43] [INFO] App component rendered{"apiKey":"set"}
[2025-11-23 16:05:44] [INFO] App component rendered{"apiKey":"set"}
[2025-11-23 16:05:44] [INFO] App component rendered{"apiKey":"set"}
[2025-11-23 16:05:45] [INFO] App component rendered{"apiKey":"set"}
[2025-11-23 16:05:45] [INFO] App component rendered{"apiKey":"set"}
[2025-11-23 16:05:46] [INFO] App component rendered{"apiKey":"set"}
[2025-11-23 16:05:46] [INFO] App component rendered{"apiKey":"set"}
[2025-11-23 16:05:47] [INFO] App component rendered{"apiKey":"set"}
[2025-11-23 16:05:47] [INFO] App component rendered{"apiKey":"set"}
[2025-11-23 16:06:04] [INFO] App component rendered{"apiKey":"set"}
[2025-11-23 16:06:04] [INFO] App component rendered{"apiKey":"set"}
[2025-11-23 16:06:05] [INFO] App component rendered{"apiKey":"set"}
[2025-11-23 16:06:05] [INFO] App component rendered{"apiKey":"set"}
[2025-11-23 16:06:06] [INFO] App component rendered{"apiKey":"set"}
[2025-11-23 16:06:06] [INFO] App component rendered{"apiKey":"set"}
[2025-11-23 16:06:09] [INFO] App component rendered{"apiKey":"set"}
[2025-11-23 16:06:09] [INFO] App component rendered{"apiKey":"set"}
[2025-11-23 16:06:10] [INFO] App component rendered{"apiKey":"set"}
[2025-11-23 16:06:10] [INFO] App component rendered{"apiKey":"set"}
[2025-11-23 16:06:11] [INFO] App component rendered{"apiKey":"set"}
[2025-11-23 16:06:11] [INFO] App component rendered{"apiKey":"set"}
[2025-11-23 16:06:14] [INFO] App component rendered{"apiKey":"set"}
[2025-11-23 16:06:14] [INFO] App component rendered{"apiKey":"set"}
[2025-11-23 16:06:15] [INFO] App component rendered{"apiKey":"set"}
[2025-11-23 16:06:15] [INFO] App component rendered{"apiKey":"set"}
[2025-11-23 16:06:16] [INFO] App component rendered{"apiKey":"set"}
[2025-11-23 16:06:16] [INFO] App component rendered{"apiKey":"set"}
[2025-11-23 16:06:17] [INFO] App component rendered{"apiKey":"set"}
[2025-11-23 16:06:17] [INFO] App component rendered{"apiKey":"set"}
[2025-11-23 16:06:17] [INFO] App component rendered{"apiKey":"set"}
[2025-11-23 16:06:17] [INFO] App component rendered{"apiKey":"set"}
[2025-11-23 16:06:18] [INFO] App component rendered{"apiKey":"set"}
[2025-11-23 16:06:18] [INFO] App component rendered{"apiKey":"set"}
[2025-11-23 16:06:19] [INFO] App component rendered{"apiKey":"set"}
[2025-11-23 16:06:19] [INFO] App component rendered{"apiKey":"set"}
[2025-11-23 16:06:20] [INFO] App component rendered{"apiKey":"set"}
[2025-11-23 16:06:20] [INFO] App component rendered{"apiKey":"set"}
[2025-11-23 16:06:33] [INFO] App component rendered{"apiKey":"set"}
[2025-11-23 16:06:33] [INFO] App component rendered{"apiKey":"set"}
[2025-11-23 16:06:34] [INFO] App component rendered{"apiKey":"set"}
[2025-11-23 16:06:34] [INFO] App component rendered{"apiKey":"set"}
[2025-11-23 16:06:35] [INFO] App component rendered{"apiKey":"set"}
[2025-11-23 16:06:35] [INFO] App component rendered{"apiKey":"set"}
[2025-11-23 16:06:52] [INFO] App component rendered{"apiKey":"set"}
[2025-11-23 16:06:52] [INFO] App component rendered{"apiKey":"set"}
[2025-11-23 16:06:52] [INFO] App component rendered{"apiKey":"set"}
[2025-11-23 16:06:52] [INFO] App component rendered{"apiKey":"set"}
[2025-11-23 16:06:54] [INFO] App component rendered{"apiKey":"set"}
[2025-11-23 16:06:54] [INFO] App component rendered{"apiKey":"set"}
[2025-11-23 16:06:56] [INFO] App component rendered{"apiKey":"set"}
[2025-11-23 16:06:56] [INFO] App component rendered{"apiKey":"set"}
[2025-11-23 16:06:57] [INFO] App component rendered{"apiKey":"set"}
[2025-11-23 16:06:57] [INFO] App component rendered{"apiKey":"set"}
[2025-11-23 16:07:03] [INFO] App component rendered{"apiKey":"set"}
[2025-11-23 16:07:03] [INFO] App component rendered{"apiKey":"set"}
[2025-11-23 16:07:04] [INFO] App component rendered{"apiKey":"set"}
[2025-11-23 16:07:04] [INFO] App component rendered{"apiKey":"set"}
[2025-11-23 16:08:28] [INFO] App component rendered{"apiKey":"set"}
[2025-11-23 16:08:28] [INFO] App component rendered{"apiKey":"set"}
[2025-11-23 16:08:31] [INFO] App component rendered{"apiKey":"set"}
[2025-11-23 16:08:31] [INFO] App component rendered{"apiKey":"set"}
[2025-11-23 16:08:41] [INFO] App component rendered{"apiKey":"set"}
[2025-11-23 16:08:41] [INFO] App component rendered{"apiKey":"set"}
[2025-11-23 16:11:11] [INFO] App component rendered{"apiKey":"set"}
[2025-11-23 16:11:11] [INFO] App component rendered{"apiKey":"set"}
[2025-11-23 16:11:11] [INFO] App component rendered{"apiKey":"set"}
[2025-11-23 16:11:11] [INFO] App component rendered{"apiKey":"set"}
[2025-11-23 16:11:13] [INFO] App component rendered{"apiKey":"set"}
[2025-11-23 16:11:13] [INFO] App component rendered{"apiKey":"set"}
[2025-11-23 16:11:14] [INFO] App component rendered{"apiKey":"set"}
[2025-11-23 16:11:14] [INFO] App component rendered{"apiKey":"set"}
[2025-11-23 16:11:14] [INFO] App component rendered{"apiKey":"set"}
[2025-11-23 16:11:14] [INFO] App component rendered{"apiKey":"set"}
[2025-11-23 16:11:15] [INFO] App component rendered{"apiKey":"set"}
[2025-11-23 16:11:15] [INFO] App component rendered{"apiKey":"set"}
[2025-11-23 16:11:15] [INFO] App component rendered{"apiKey":"set"}
[2025-11-23 16:11:15] [INFO] App component rendered{"apiKey":"set"}
[2025-11-23 16:11:16] [INFO] App component rendered{"apiKey":"set"}
[2025-11-23 16:11:16] [INFO] App component rendered{"apiKey":"set"}
[2025-11-23 16:11:17] [INFO] App component rendered{"apiKey":"set"}
[2025-11-23 16:11:17] [INFO] App component rendered{"apiKey":"set"}
[2025-11-23 16:11:19] [INFO] App component rendered{"apiKey":"set"}
[2025-11-23 16:11:19] [INFO] App component rendered{"apiKey":"set"}
[2025-11-23 16:11:20] [INFO] App component rendered{"apiKey":"set"}
[2025-11-23 16:11:20] [INFO] App component rendered{"apiKey":"set"}
[2025-11-23 16:11:20] [INFO] App component rendered{"apiKey":"set"}
[2025-11-23 16:11:20] [INFO] App component rendered{"apiKey":"set"}
[2025-11-23 16:11:21] [INFO] App component rendered{"apiKey":"set"}
[2025-11-23 16:11:21] [INFO] App component rendered{"apiKey":"set"}
[2025-11-23 16:11:22] [INFO] App component rendered{"apiKey":"set"}
[2025-11-23 16:11:22] [INFO] App component rendered{"apiKey":"set"}
[2025-11-23 16:11:22] [INFO] App component rendered{"apiKey":"set"}
[2025-11-23 16:11:22] [INFO] App component rendered{"apiKey":"set"}
[2025-11-23 16:11:23] [INFO] App component rendered{"apiKey":"set"}
[2025-11-23 16:11:23] [INFO] App component rendered{"apiKey":"set"}
[2025-11-23 16:11:26] [INFO] App component rendered{"apiKey":"set"}
[2025-11-23 16:11:26] [INFO] App component rendered{"apiKey":"set"}
[2025-11-23 16:11:26] [INFO] App component rendered{"apiKey":"set"}
[2025-11-23 16:11:26] [INFO] App component rendered{"apiKey":"set"}
[2025-11-23 16:11:28] [INFO] App component rendered{"apiKey":"set"}
[2025-11-23 16:11:28] [INFO] App component rendered{"apiKey":"set"}
[2025-11-23 16:11:35] [INFO] App component rendered{"apiKey":"set"}
[2025-11-23 16:11:35] [INFO] App component rendered{"apiKey":"set"}
[2025-11-23 16:11:35] [INFO] App component rendered{"apiKey":"set"}
[2025-11-23 16:11:35] [INFO] App component rendered{"apiKey":"set"}
[2025-11-23 16:11:36] [INFO] App component rendered{"apiKey":"set"}
[2025-11-23 16:11:36] [INFO] App component rendered{"apiKey":"set"}
[2025-11-23 16:11:37] [INFO] App component rendered{"apiKey":"set"}
[2025-11-23 16:11:37] [INFO] App component rendered{"apiKey":"set"}
[2025-11-23 16:11:43] [INFO] App component rendered{"apiKey":"set"}
[2025-11-23 16:11:43] [INFO] App component rendered{"apiKey":"set"}
[2025-11-23 16:11:44] [INFO] App component rendered{"apiKey":"set"}
[2025-11-23 16:11:44] [INFO] App component rendered{"apiKey":"set"}
[2025-11-23 16:12:13] [INFO] App component rendered{"apiKey":"set"}
[2025-11-23 16:12:13] [INFO] App component rendered{"apiKey":"set"}
[2025-11-23 16:12:14] [INFO] App component rendered{"apiKey":"set"}
[2025-11-23 16:12:14] [INFO] App component rendered{"apiKey":"set"}
[2025-11-23 16:12:15] [INFO] App component rendered{"apiKey":"set"}
[2025-11-23 16:12:15] [INFO] App component rendered{"apiKey":"set"}
[2025-11-23 16:12:16] [INFO] App component rendered{"apiKey":"set"}
[2025-11-23 16:12:16] [INFO] App component rendered{"apiKey":"set"}
[2025-11-23 16:12:17] [INFO] App component rendered{"apiKey":"set"}
[2025-11-23 16:12:17] [INFO] App component rendered{"apiKey":"set"}
[2025-11-23 16:12:23] [INFO] App component rendered{"apiKey":"set"}
[2025-11-23 16:12:23] [INFO] App component rendered{"apiKey":"set"}
[2025-11-23 16:12:24] [INFO] App component rendered{"apiKey":"set"}
[2025-11-23 16:12:24] [INFO] App component rendered{"apiKey":"set"}
[2025-11-23 16:12:47] [INFO] App component rendered{"apiKey":"set"}
[2025-11-23 16:12:47] [INFO] App component rendered{"apiKey":"set"}
[2025-11-23 16:12:48] [INFO] App component rendered{"apiKey":"set"}
[2025-11-23 16:12:48] [INFO] App component rendered{"apiKey":"set"}
[2025-11-23 16:12:49] [INFO] App component rendered{"apiKey":"set"}
[2025-11-23 16:12:49] [INFO] App component rendered{"apiKey":"set"}
[2025-11-23 16:12:49] [INFO] App component rendered{"apiKey":"set"}
[2025-11-23 16:12:49] [INFO] App component rendered{"apiKey":"set"}
[2025-11-23 16:12:50] [INFO] App component rendered{"apiKey":"set"}
[2025-11-23 16:12:50] [INFO] App component rendered{"apiKey":"set"}
[2025-11-23 16:12:56] [INFO] App component rendered{"apiKey":"set"}
[2025-11-23 16:12:56] [INFO] App component rendered{"apiKey":"set"}
[2025-11-23 16:12:57] [INFO] App component rendered{"apiKey":"set"}
[2025-11-23 16:12:57] [INFO] App component rendered{"apiKey":"set"}
[2025-11-23 16:13:12] [INFO] App component rendered{"apiKey":"set"}
[2025-11-23 16:13:12] [INFO] App component rendered{"apiKey":"set"}
[2025-11-23 16:13:14] [INFO] App component rendered{"apiKey":"set"}
[2025-11-23 16:13:14] [INFO] App component rendered{"apiKey":"set"}
[2025-11-23 16:13:15] [INFO] App component rendered{"apiKey":"set"}
[2025-11-23 16:13:15] [INFO] App component rendered{"apiKey":"set"}
[2025-11-23 16:13:20] [INFO] App component rendered{"apiKey":"set"}
[2025-11-23 16:13:20] [INFO] App component rendered{"apiKey":"set"}
[2025-11-23 16:13:21] [INFO] App component rendered{"apiKey":"set"}
[2025-11-23 16:13:21] [INFO] App component rendered{"apiKey":"set"}
[2025-11-23 16:13:22] [INFO] App component rendered{"apiKey":"set"}
[2025-11-23 16:13:22] [INFO] App component rendered{"apiKey":"set"}
[2025-11-23 16:13:23] [INFO] App component rendered{"apiKey":"set"}
[2025-11-23 16:13:23] [INFO] App component rendered{"apiKey":"set"}
[2025-11-23 16:13:29] [INFO] App component rendered{"apiKey":"set"}
[2025-11-23 16:13:29] [INFO] App component rendered{"apiKey":"set"}
[2025-11-23 16:13:29] [INFO] App component rendered{"apiKey":"set"}
[2025-11-23 16:13:29] [INFO] App component rendered{"apiKey":"set"}
[2025-11-23 16:13:31] [INFO] App component rendered{"apiKey":"set"}
[2025-11-23 16:13:31] [INFO] App component rendered{"apiKey":"set"}
[2025-11-23 16:13:32] [INFO] App component rendered{"apiKey":"set"}
[2025-11-23 16:13:32] [INFO] App component rendered{"apiKey":"set"}
[2025-11-23 16:24:19] [INFO] App component rendered{"apiKey":"set"}
[2025-11-23 16:24:19] [INFO] App component rendered{"apiKey":"set"}
[2025-11-23 16:24:21] [INFO] App component rendered{"apiKey":"set"}
[2025-11-23 16:24:21] [INFO] App component rendered{"apiKey":"set"}
[2025-11-23 16:24:22] [INFO] App component rendered{"apiKey":"set"}
[2025-11-23 16:24:22] [INFO] App component rendered{"apiKey":"set"}
[2025-11-23 16:24:23] [INFO] App component rendered{"apiKey":"set"}
[2025-11-23 16:24:23] [INFO] App component rendered{"apiKey":"set"}
[2025-11-23 16:24:39] [INFO] App component rendered{"apiKey":"set"}
[2025-11-23 16:24:39] [INFO] App component rendered{"apiKey":"set"}
[2025-11-23 16:24:40] [INFO] App component rendered{"apiKey":"set"}
[2025-11-23 16:24:40] [INFO] App component rendered{"apiKey":"set"}
[2025-11-23 16:24:41] [INFO] App component rendered{"apiKey":"set"}
[2025-11-23 16:24:41] [INFO] App component rendered{"apiKey":"set"}
[2025-11-23 16:25:08] [INFO] App component rendered{"apiKey":"set"}
[2025-11-23 16:25:08] [INFO] App component rendered{"apiKey":"set"}
[2025-11-23 16:25:09] [INFO] App component rendered{"apiKey":"set"}
[2025-11-23 16:25:09] [INFO] App component rendered{"apiKey":"set"}
[2025-11-23 16:25:11] [INFO] App component rendered{"apiKey":"set"}
[2025-11-23 16:25:11] [INFO] App component rendered{"apiKey":"set"}
