[2025-11-21 09:03:46] [INFO] App component rendered{"apiKey":"set"}
[2025-11-21 09:03:46] [INFO] App component rendered{"apiKey":"set"}
[2025-11-21 09:03:46] [INFO] [COLLECTIONS_LIST] CollectionsListPageContent component mounted{"initialCollectionsCount":512}
[2025-11-21 09:03:46] [INFO] [COLLECTIONS_LIST] CollectionsListPageContent component mounted{"initialCollectionsCount":512}
[2025-11-21 09:03:49] [INFO] App component rendered{"apiKey":"set"}
[2025-11-21 09:03:49] [INFO] App component rendered{"apiKey":"set"}
[2025-11-21 09:05:50] [INFO] App component rendered{"apiKey":"set"}
[2025-11-21 09:05:50] [INFO] App component rendered{"apiKey":"set"}
[2025-11-21 09:05:50] [INFO] [COLLECTIONS_LIST] CollectionsListPageContent component mounted{"initialCollectionsCount":512}
[2025-11-21 09:05:50] [INFO] [COLLECTIONS_LIST] CollectionsListPageContent component mounted{"initialCollectionsCount":512}
[2025-11-21 09:05:56] [INFO] App component rendered{"apiKey":"set"}
[2025-11-21 09:05:56] [INFO] App component rendered{"apiKey":"set"}
[2025-11-21 09:07:34] [INFO] App component rendered{"apiKey":"set"}
[2025-11-21 09:07:34] [INFO] TopNavbar submenu navigation{"from":"/app","to":"/app/NewArrivals","submenu":"New Arrivals","timestamp":"2025-11-21T03:37:34.627Z","userAgent":"Mozilla/5.0 (Windows NT 10.0; Win64; x64) AppleWebKit/537.36 (KHTML, like Gecko) Chrome/142.0.0.0 Safari/537.36 Edg/142.0.0.0"}
[2025-11-21 09:07:34] [INFO] TopNavbar navigation triggered{"from":"/app","to":"/app/NewArrivals","section":"RE-SORT APP","userAgent":"Mozilla/5.0 (Windows NT 10.0; Win64; x64) AppleWebKit/537.36 (KHTML, like Gecko) Chrome/142.0.0.0 Safari/537.36 Edg/142.0.0.0","timestamp":"2025-11-21T03:37:34.628Z"}
[2025-11-21 09:07:34] [INFO] App component rendered{"apiKey":"set"}
[2025-11-21 09:07:36] [INFO] App component rendered{"apiKey":"set"}
[2025-11-21 09:07:36] [INFO] App component rendered{"apiKey":"set"}
[2025-11-21 09:07:38] [INFO] App component rendered{"apiKey":"set"}
[2025-11-21 09:07:38] [INFO] App component rendered{"apiKey":"set"}
[2025-11-21 09:07:38] [INFO] App component rendered{"apiKey":"set"}
[2025-11-21 09:07:38] [INFO] App component rendered{"apiKey":"set"}
[2025-11-21 09:07:43] [INFO] App component rendered{"apiKey":"set"}
[2025-11-21 09:07:43] [INFO] App component rendered{"apiKey":"set"}
[2025-11-21 09:07:44] [INFO] [NEW_ARRIVALS] NewArrivalsPage component mounted{"initialNewArrivals":1016,"initialPeriod":"60","initialSearch":""}
[2025-11-21 09:07:44] [INFO] [NEW_ARRIVALS] NewArrivalsPage component mounted{"initialNewArrivals":1016,"initialPeriod":"60","initialSearch":""}
[2025-11-21 09:07:45] [INFO] App component rendered{"apiKey":"set"}
[2025-11-21 09:07:45] [INFO] App component rendered{"apiKey":"set"}
[2025-11-21 09:07:46] [INFO] App component rendered{"apiKey":"set"}
[2025-11-21 09:07:46] [INFO] App component rendered{"apiKey":"set"}
[2025-11-21 09:07:47] [INFO] App component rendered{"apiKey":"set"}
[2025-11-21 09:07:47] [INFO] App component rendered{"apiKey":"set"}
[2025-11-21 09:07:47] [INFO] App component rendered{"apiKey":"set"}
[2025-11-21 09:07:47] [INFO] App component rendered{"apiKey":"set"}
[2025-11-21 09:07:48] [INFO] App component rendered{"apiKey":"set"}
[2025-11-21 09:07:48] [INFO] App component rendered{"apiKey":"set"}
[2025-11-21 09:20:05] [INFO] App component rendered{"apiKey":"set"}
[2025-11-21 09:20:05] [INFO] App component rendered{"apiKey":"set"}
[2025-11-21 09:20:08] [INFO] [NEW_ARRIVALS] NewArrivalsPage component mounted{"initialNewArrivals":1016,"initialPeriod":"60","initialSearch":"","totalRevenue":13082.9,"totalSalesCount":376}
[2025-11-21 09:20:08] [INFO] [NEW_ARRIVALS] NewArrivalsPage component mounted{"initialNewArrivals":1016,"initialPeriod":"60","initialSearch":"","totalRevenue":13082.9,"totalSalesCount":376}
[2025-11-21 09:20:07] [INFO] App component rendered{"apiKey":"set"}
[2025-11-21 09:20:07] [INFO] App component rendered{"apiKey":"set"}
[2025-11-21 09:21:16] [INFO] App component rendered{"apiKey":"set"}
[2025-11-21 09:21:16] [INFO] App component rendered{"apiKey":"set"}
[2025-11-21 09:21:16] [INFO] [COLLECTIONS_LIST] CollectionsListPageContent component mounted{"initialCollectionsCount":512}
[2025-11-21 09:21:16] [INFO] [COLLECTIONS_LIST] CollectionsListPageContent component mounted{"initialCollectionsCount":512}
[2025-11-21 09:21:19] [INFO] App component rendered{"apiKey":"set"}
[2025-11-21 09:21:19] [INFO] App component rendered{"apiKey":"set"}
[2025-11-21 09:21:19] [INFO] App component rendered{"apiKey":"set"}
[2025-11-21 09:21:19] [INFO] App component rendered{"apiKey":"set"}
[2025-11-21 09:21:19] [INFO] App component rendered{"apiKey":"set"}
[2025-11-21 09:21:19] [INFO] App component rendered{"apiKey":"set"}
[2025-11-21 09:21:20] [INFO] App component rendered{"apiKey":"set"}
[2025-11-21 09:21:20] [INFO] App component rendered{"apiKey":"set"}
[2025-11-21 09:21:20] [INFO] App component rendered{"apiKey":"set"}
[2025-11-21 09:21:20] [INFO] App component rendered{"apiKey":"set"}
[2025-11-21 09:21:20] [INFO] App component rendered{"apiKey":"set"}
[2025-11-21 09:21:20] [INFO] App component rendered{"apiKey":"set"}
[2025-11-21 09:21:20] [INFO] App component rendered{"apiKey":"set"}
[2025-11-21 09:21:20] [INFO] App component rendered{"apiKey":"set"}
[2025-11-21 09:21:20] [INFO] App component rendered{"apiKey":"set"}
[2025-11-21 09:21:20] [INFO] App component rendered{"apiKey":"set"}
[2025-11-21 09:21:21] [INFO] App component rendered{"apiKey":"set"}
[2025-11-21 09:21:21] [INFO] App component rendered{"apiKey":"set"}
[2025-11-21 09:21:21] [INFO] App component rendered{"apiKey":"set"}
[2025-11-21 09:21:21] [INFO] App component rendered{"apiKey":"set"}
[2025-11-21 09:21:21] [INFO] App component rendered{"apiKey":"set"}
[2025-11-21 09:21:21] [INFO] App component rendered{"apiKey":"set"}
[2025-11-21 09:21:22] [INFO] App component rendered{"apiKey":"set"}
[2025-11-21 09:21:22] [INFO] App component rendered{"apiKey":"set"}
[2025-11-21 09:21:22] [INFO] App component rendered{"apiKey":"set"}
[2025-11-21 09:21:22] [INFO] App component rendered{"apiKey":"set"}
[2025-11-21 09:21:23] [INFO] TopNavbar navigation triggered{"from":"/app","to":"/app/NewArrivals","section":"RE-SORT APP","userAgent":"Mozilla/5.0 (Windows NT 10.0; Win64; x64) AppleWebKit/537.36 (KHTML, like Gecko) Chrome/142.0.0.0 Safari/537.36 Edg/142.0.0.0","timestamp":"2025-11-21T03:51:23.555Z"}
[2025-11-21 09:21:23] [INFO] TopNavbar submenu navigation{"from":"/app","to":"/app/NewArrivals","submenu":"New Arrivals","timestamp":"2025-11-21T03:51:23.554Z","userAgent":"Mozilla/5.0 (Windows NT 10.0; Win64; x64) AppleWebKit/537.36 (KHTML, like Gecko) Chrome/142.0.0.0 Safari/537.36 Edg/142.0.0.0"}
[2025-11-21 09:21:23] [INFO] App component rendered{"apiKey":"set"}
[2025-11-21 09:21:23] [INFO] App component rendered{"apiKey":"set"}
[2025-11-21 09:21:24] [INFO] App component rendered{"apiKey":"set"}
[2025-11-21 09:21:24] [INFO] App component rendered{"apiKey":"set"}
[2025-11-21 09:21:29] [INFO] App component rendered{"apiKey":"set"}
[2025-11-21 09:21:29] [INFO] App component rendered{"apiKey":"set"}
[2025-11-21 09:21:30] [INFO] App component rendered{"apiKey":"set"}
[2025-11-21 09:21:30] [INFO] App component rendered{"apiKey":"set"}
[2025-11-21 09:21:30] [INFO] App component rendered{"apiKey":"set"}
[2025-11-21 09:21:30] [INFO] App component rendered{"apiKey":"set"}
[2025-11-21 09:21:31] [INFO] App component rendered{"apiKey":"set"}
[2025-11-21 09:21:31] [INFO] App component rendered{"apiKey":"set"}
[2025-11-21 09:21:31] [INFO] App component rendered{"apiKey":"set"}
[2025-11-21 09:21:31] [INFO] App component rendered{"apiKey":"set"}
[2025-11-21 09:21:33] [INFO] [NEW_ARRIVALS] NewArrivalsPage component mounted{"initialNewArrivals":1016,"initialPeriod":"60","initialSearch":"","totalRevenue":13082.9,"totalSalesCount":376}
[2025-11-21 09:21:33] [INFO] [NEW_ARRIVALS] NewArrivalsPage component mounted{"initialNewArrivals":1016,"initialPeriod":"60","initialSearch":"","totalRevenue":13082.9,"totalSalesCount":376}
[2025-11-21 09:21:34] [INFO] App component rendered{"apiKey":"set"}
[2025-11-21 09:21:34] [INFO] App component rendered{"apiKey":"set"}
[2025-11-21 09:21:35] [INFO] App component rendered{"apiKey":"set"}
[2025-11-21 09:21:35] [INFO] App component rendered{"apiKey":"set"}
[2025-11-21 09:24:49] [INFO] [NEW_ARRIVALS] Period changed{"from":"60","to":"7"}
[2025-11-21 09:24:50] [INFO] App component rendered{"apiKey":"set"}
[2025-11-21 09:24:50] [INFO] App component rendered{"apiKey":"set"}
[2025-11-21 09:24:56] [INFO] App component rendered{"apiKey":"set"}
[2025-11-21 09:24:56] [INFO] App component rendered{"apiKey":"set"}
[2025-11-21 09:26:10] [INFO] App component rendered{"apiKey":"set"}
[2025-11-21 09:26:10] [INFO] App component rendered{"apiKey":"set"}
[2025-11-21 09:26:34] [INFO] App component rendered{"apiKey":"set"}
[2025-11-21 09:26:34] [INFO] App component rendered{"apiKey":"set"}
[2025-11-21 09:26:35] [INFO] [NEW_ARRIVALS] NewArrivalsPage component mounted{"initialNewArrivals":1004,"initialPeriod":"14","initialSearch":"","totalRevenue":7196.7,"totalSalesCount":136}
[2025-11-21 09:26:35] [INFO] [NEW_ARRIVALS] NewArrivalsPage component mounted{"initialNewArrivals":1004,"initialPeriod":"14","initialSearch":"","totalRevenue":7196.7,"totalSalesCount":136}
[2025-11-21 09:31:51] [INFO] App component rendered{"apiKey":"set"}
[2025-11-21 09:31:51] [INFO] App component rendered{"apiKey":"set"}
[2025-11-21 09:31:53] [INFO] [NEW_ARRIVALS] NewArrivalsPage component mounted{"initialNewArrivals":1004,"initialPeriod":"14","initialSearch":"","totalRevenue":7196.7,"totalSalesCount":136}
[2025-11-21 09:31:53] [INFO] [NEW_ARRIVALS] NewArrivalsPage component mounted{"initialNewArrivals":1004,"initialPeriod":"14","initialSearch":"","totalRevenue":7196.7,"totalSalesCount":136}
[2025-11-21 09:33:36] [INFO] App component rendered{"apiKey":"set"}
[2025-11-21 09:33:36] [INFO] App component rendered{"apiKey":"set"}
[2025-11-21 09:33:36] [INFO] [COLLECTIONS_LIST] CollectionsListPageContent component mounted{"initialCollectionsCount":512}
[2025-11-21 09:33:36] [INFO] [COLLECTIONS_LIST] CollectionsListPageContent component mounted{"initialCollectionsCount":512}
[2025-11-21 09:33:40] [INFO] App component rendered{"apiKey":"set"}
[2025-11-21 09:33:40] [INFO] App component rendered{"apiKey":"set"}
[2025-11-21 09:34:40] [INFO] App component rendered{"apiKey":"set"}
[2025-11-21 09:34:39] [INFO] TopNavbar navigation triggered{"from":"/app","to":"/app/NewArrivals","section":"RE-SORT APP","userAgent":"Mozilla/5.0 (Windows NT 10.0; Win64; x64) AppleWebKit/537.36 (KHTML, like Gecko) Chrome/142.0.0.0 Safari/537.36 Edg/142.0.0.0","timestamp":"2025-11-21T04:04:39.025Z"}
[2025-11-21 09:34:39] [INFO] App component rendered{"apiKey":"set"}
[2025-11-21 09:34:40] [INFO] App component rendered{"apiKey":"set"}
[2025-11-21 09:34:39] [INFO] TopNavbar submenu navigation{"from":"/app","to":"/app/NewArrivals","submenu":"New Arrivals","timestamp":"2025-11-21T04:04:39.025Z","userAgent":"Mozilla/5.0 (Windows NT 10.0; Win64; x64) AppleWebKit/537.36 (KHTML, like Gecko) Chrome/142.0.0.0 Safari/537.36 Edg/142.0.0.0"}
[2025-11-21 09:34:39] [INFO] App component rendered{"apiKey":"set"}
[2025-11-21 09:34:45] [INFO] App component rendered{"apiKey":"set"}
[2025-11-21 09:34:45] [INFO] App component rendered{"apiKey":"set"}
[2025-11-21 09:34:48] [INFO] [NEW_ARRIVALS] NewArrivalsPage component mounted{"initialNewArrivals":1016,"initialPeriod":"60","initialSearch":"","totalRevenue":13082.9,"totalSalesCount":376,"totalWithSales":15}
[2025-11-21 09:34:48] [INFO] [NEW_ARRIVALS] NewArrivalsPage component mounted{"initialNewArrivals":1016,"initialPeriod":"60","initialSearch":"","totalRevenue":13082.9,"totalSalesCount":376,"totalWithSales":15}
[2025-11-21 09:34:48] [INFO] App component rendered{"apiKey":"set"}
[2025-11-21 09:34:48] [INFO] App component rendered{"apiKey":"set"}
[2025-11-21 09:47:35] [INFO] App component rendered{"apiKey":"set"}
[2025-11-21 09:47:35] [INFO] App component rendered{"apiKey":"set"}
[2025-11-21 09:47:36] [INFO] [NEW_ARRIVALS] NewArrivalsPage component mounted{"initialNewArrivals":1016,"initialPeriod":"60","initialSearch":"","totalRevenue":13082.9,"totalSalesCount":376,"totalWithSales":15}
[2025-11-21 09:47:35] [INFO] App component rendered{"apiKey":"set"}
[2025-11-21 09:47:35] [INFO] App component rendered{"apiKey":"set"}
[2025-11-21 09:47:36] [INFO] [NEW_ARRIVALS] NewArrivalsPage component mounted{"initialNewArrivals":1016,"initialPeriod":"60","initialSearch":"","totalRevenue":13082.9,"totalSalesCount":376,"totalWithSales":15}
[2025-11-21 09:52:54] [INFO] App component rendered{"apiKey":"set"}
[2025-11-21 09:52:54] [INFO] App component rendered{"apiKey":"set"}
[2025-11-21 09:53:14] [INFO] [NEW_ARRIVALS] NewArrivalsPage component mounted{"initialNewArrivals":1016,"initialPeriod":"60","initialSearch":"","totalRevenue":13082.9,"totalSalesCount":376,"totalWithSales":15}
[2025-11-21 09:53:14] [INFO] [NEW_ARRIVALS] NewArrivalsPage component mounted{"initialNewArrivals":1016,"initialPeriod":"60","initialSearch":"","totalRevenue":13082.9,"totalSalesCount":376,"totalWithSales":15}
[2025-11-21 09:59:01] [INFO] App component rendered{"apiKey":"set"}
[2025-11-21 09:59:01] [INFO] App component rendered{"apiKey":"set"}
[2025-11-21 09:59:16] [INFO] App component rendered{"apiKey":"set"}
[2025-11-21 10:03:00] [INFO] App component rendered{"apiKey":"set"}
[2025-11-21 10:03:00] [INFO] App component rendered{"apiKey":"set"}
[2025-11-21 10:03:56] [INFO] [NEW_ARRIVALS] NewArrivalsPage component mounted{"initialNewArrivals":1016,"initialPeriod":"60","initialSearch":"","totalRevenue":13082.9,"totalSalesCount":376,"totalWithSales":15}
[2025-11-21 10:03:56] [INFO] [NEW_ARRIVALS] NewArrivalsPage component mounted{"initialNewArrivals":1016,"initialPeriod":"60","initialSearch":"","totalRevenue":13082.9,"totalSalesCount":376,"totalWithSales":15}
[2025-11-21 10:08:45] [INFO] App component rendered{"apiKey":"set"}
[2025-11-21 10:08:45] [INFO] App component rendered{"apiKey":"set"}
[2025-11-21 10:15:41] [INFO] App component rendered{"apiKey":"set"}
[2025-11-21 10:15:41] [INFO] App component rendered{"apiKey":"set"}
[2025-11-21 10:15:41] [INFO] [COLLECTIONS_LIST] CollectionsListPageContent component mounted{"initialCollectionsCount":512}
[2025-11-21 10:15:41] [INFO] [COLLECTIONS_LIST] CollectionsListPageContent component mounted{"initialCollectionsCount":512}
[2025-11-21 10:15:45] [INFO] App component rendered{"apiKey":"set"}
[2025-11-21 10:15:45] [INFO] App component rendered{"apiKey":"set"}
[2025-11-21 10:15:45] [INFO] App component rendered{"apiKey":"set"}
[2025-11-21 10:15:45] [INFO] App component rendered{"apiKey":"set"}
[2025-11-21 10:15:45] [INFO] App component rendered{"apiKey":"set"}
[2025-11-21 10:15:45] [INFO] App component rendered{"apiKey":"set"}
[2025-11-21 10:15:46] [INFO] App component rendered{"apiKey":"set"}
[2025-11-21 10:15:46] [INFO] App component rendered{"apiKey":"set"}
[2025-11-21 10:15:46] [INFO] App component rendered{"apiKey":"set"}
[2025-11-21 10:15:46] [INFO] App component rendered{"apiKey":"set"}
[2025-11-21 10:15:46] [INFO] App component rendered{"apiKey":"set"}
[2025-11-21 10:15:46] [INFO] App component rendered{"apiKey":"set"}
[2025-11-21 10:15:46] [INFO] App component rendered{"apiKey":"set"}
[2025-11-21 10:15:46] [INFO] App component rendered{"apiKey":"set"}
[2025-11-21 10:15:48] [INFO] App component rendered{"apiKey":"set"}
[2025-11-21 10:15:48] [INFO] App component rendered{"apiKey":"set"}
[2025-11-21 10:15:50] [INFO] TopNavbar navigation triggered{"from":"/app","to":"/app/_index","section":"RE-SORT APP","userAgent":"Mozilla/5.0 (Windows NT 10.0; Win64; x64) AppleWebKit/537.36 (KHTML, like Gecko) Chrome/142.0.0.0 Safari/537.36 Edg/142.0.0.0","timestamp":"2025-11-21T04:45:50.491Z"}
[2025-11-21 10:15:50] [INFO] App component rendered{"apiKey":"set"}
[2025-11-21 10:15:50] [INFO] App component rendered{"apiKey":"set"}
[2025-11-21 10:15:50] [INFO] App component rendered{"apiKey":"set"}
[2025-11-21 10:15:50] [INFO] App component rendered{"apiKey":"set"}
[2025-11-21 10:15:50] [INFO] App component rendered{"apiKey":"set"}
[2025-11-21 10:15:50] [INFO] App component rendered{"apiKey":"set"}
[2025-11-21 10:15:50] [INFO] App component rendered{"apiKey":"set"}
[2025-11-21 10:15:50] [INFO] App component rendered{"apiKey":"set"}
[2025-11-21 10:15:51] [INFO] App component rendered{"apiKey":"set"}
[2025-11-21 10:15:51] [INFO] App component rendered{"apiKey":"set"}
[2025-11-21 10:16:12] [INFO] App component rendered{"apiKey":"set"}
[2025-11-21 10:16:12] [INFO] App component rendered{"apiKey":"set"}
[2025-11-21 10:16:12] [INFO] [COLLECTIONS_LIST] CollectionsListPageContent component mounted{"initialCollectionsCount":512}
[2025-11-21 10:16:12] [INFO] [COLLECTIONS_LIST] CollectionsListPageContent component mounted{"initialCollectionsCount":512}
[2025-11-21 10:16:22] [INFO] App component rendered{"apiKey":"set"}
[2025-11-21 10:16:22] [INFO] App component rendered{"apiKey":"set"}
[2025-11-21 10:16:22] [INFO] [COLLECTIONS_LIST] CollectionsListPageContent component mounted{"initialCollectionsCount":512}
[2025-11-21 10:16:22] [INFO] [COLLECTIONS_LIST] CollectionsListPageContent component mounted{"initialCollectionsCount":512}
[2025-11-21 10:16:24] [INFO] App component rendered{"apiKey":"set"}
[2025-11-21 10:16:24] [INFO] App component rendered{"apiKey":"set"}
[2025-11-21 10:16:26] [INFO] App component rendered{"apiKey":"set"}
[2025-11-21 10:16:26] [INFO] App component rendered{"apiKey":"set"}
[2025-11-21 10:16:26] [INFO] App component rendered{"apiKey":"set"}
[2025-11-21 10:16:26] [INFO] App component rendered{"apiKey":"set"}
[2025-11-21 10:16:27] [INFO] App component rendered{"apiKey":"set"}
[2025-11-21 10:16:27] [INFO] App component rendered{"apiKey":"set"}
[2025-11-21 10:16:44] [INFO] App component rendered{"apiKey":"set"}
[2025-11-21 10:16:44] [INFO] App component rendered{"apiKey":"set"}
[2025-11-21 10:16:46] [INFO] [COLLECTIONS_LIST] Search suggestion selected{"collectionId":"gid://shopify/Collection/303072182331","collectionTitle":"Modern Fans"}
[2025-11-21 10:16:44] [INFO] App component rendered{"apiKey":"set"}
[2025-11-21 10:16:46] [INFO] App component rendered{"apiKey":"set"}
[2025-11-21 10:16:46] [INFO] App component rendered{"apiKey":"set"}
[2025-11-21 10:16:44] [INFO] App component rendered{"apiKey":"set"}
[2025-11-21 10:16:46] [INFO] [COLLECTIONS_LIST] Collections search submitted{"query":"Modern Fans","statusFilter":"all"}
[2025-11-21 10:16:49] [INFO] [COLLECTIONS_LIST] Edit collection in Shopify clicked{"collectionId":"gid://shopify/Collection/303072182331","title":"Modern Fans"}
[2025-11-21 10:16:49] [INFO] App component rendered{"apiKey":"set"}
[2025-11-21 10:16:49] [INFO] App component rendered{"apiKey":"set"}
[2025-11-21 10:16:50] [INFO] [COLLECTIONS_LIST] View collection in store clicked{"collectionId":"gid://shopify/Collection/303072182331","title":"Modern Fans"}
[2025-11-21 10:17:06] [INFO] [COLLECTIONS_LIST] Navigate to collection settings clicked{"collectionId":"gid://shopify/Collection/303072182331","title":"Modern Fans"}
[2025-11-21 10:17:06] [INFO] App component rendered{"apiKey":"set"}
[2025-11-21 10:17:06] [INFO] App component rendered{"apiKey":"set"}
[2025-11-21 10:17:06] [INFO] App component rendered{"apiKey":"set"}
[2025-11-21 10:17:06] [INFO] App component rendered{"apiKey":"set"}
[2025-11-21 10:17:09] [INFO] App component rendered{"apiKey":"set"}
[2025-11-21 10:17:09] [INFO] App component rendered{"apiKey":"set"}
[2025-11-21 10:17:09] [INFO] App component rendered{"apiKey":"set"}
[2025-11-21 10:17:09] [INFO] App component rendered{"apiKey":"set"}
[2025-11-21 10:17:53] [INFO] App component rendered{"apiKey":"set"}
[2025-11-21 10:17:53] [INFO] App component rendered{"apiKey":"set"}
[2025-11-21 10:17:53] [INFO] [COLLECTIONS_LIST] CollectionsListPageContent component mounted{"initialCollectionsCount":512}
[2025-11-21 10:17:53] [INFO] [COLLECTIONS_LIST] CollectionsListPageContent component mounted{"initialCollectionsCount":512}
[2025-11-21 10:17:56] [INFO] App component rendered{"apiKey":"set"}
[2025-11-21 10:17:56] [INFO] App component rendered{"apiKey":"set"}
[2025-11-21 10:17:57] [INFO] App component rendered{"apiKey":"set"}
[2025-11-21 10:17:57] [INFO] App component rendered{"apiKey":"set"}
[2025-11-21 10:17:57] [INFO] App component rendered{"apiKey":"set"}
[2025-11-21 10:17:57] [INFO] App component rendered{"apiKey":"set"}
[2025-11-21 10:17:57] [INFO] App component rendered{"apiKey":"set"}
[2025-11-21 10:17:57] [INFO] App component rendered{"apiKey":"set"}
[2025-11-21 10:17:58] [INFO] App component rendered{"apiKey":"set"}
[2025-11-21 10:17:58] [INFO] App component rendered{"apiKey":"set"}
[2025-11-21 10:17:58] [INFO] App component rendered{"apiKey":"set"}
[2025-11-21 10:17:58] [INFO] App component rendered{"apiKey":"set"}
[2025-11-21 10:17:59] [INFO] App component rendered{"apiKey":"set"}
[2025-11-21 10:17:59] [INFO] App component rendered{"apiKey":"set"}
[2025-11-21 10:18:00] [INFO] App component rendered{"apiKey":"set"}
[2025-11-21 10:18:00] [INFO] App component rendered{"apiKey":"set"}
[2025-11-21 10:18:01] [INFO] App component rendered{"apiKey":"set"}
[2025-11-21 10:18:01] [INFO] App component rendered{"apiKey":"set"}
[2025-11-21 10:18:03] [INFO] [COLLECTIONS_LIST] Collections search submitted{"query":"Modern Fans","statusFilter":"all"}
[2025-11-21 10:18:03] [INFO] App component rendered{"apiKey":"set"}
[2025-11-21 10:18:03] [INFO] App component rendered{"apiKey":"set"}
[2025-11-21 10:18:03] [INFO] [COLLECTIONS_LIST] Search suggestion selected{"collectionId":"gid://shopify/Collection/303072182331","collectionTitle":"Modern Fans"}
[2025-11-21 10:18:05] [INFO] App component rendered{"apiKey":"set"}
[2025-11-21 10:18:05] [INFO] App component rendered{"apiKey":"set"}
[2025-11-21 10:18:08] [INFO] App component rendered{"apiKey":"set"}
[2025-11-21 10:18:08] [INFO] App component rendered{"apiKey":"set"}
[2025-11-21 10:18:08] [INFO] [COLLECTIONS_LIST] Search suggestion selected{"collectionId":"gid://shopify/Collection/303072182331","collectionTitle":"Modern Fans"}
[2025-11-21 10:18:08] [INFO] [COLLECTIONS_LIST] Collections search submitted{"query":"Modern Fans","statusFilter":"all"}
[2025-11-21 10:18:09] [INFO] App component rendered{"apiKey":"set"}
[2025-11-21 10:18:09] [INFO] App component rendered{"apiKey":"set"}
[2025-11-21 10:18:11] [INFO] [COLLECTIONS_LIST] Navigate to collection settings clicked{"collectionId":"gid://shopify/Collection/303072182331","title":"Modern Fans"}
[2025-11-21 10:18:11] [INFO] App component rendered{"apiKey":"set"}
[2025-11-21 10:18:11] [INFO] App component rendered{"apiKey":"set"}
[2025-11-21 10:18:11] [INFO] App component rendered{"apiKey":"set"}
[2025-11-21 10:18:11] [INFO] App component rendered{"apiKey":"set"}
[2025-11-21 10:18:14] [INFO] App component rendered{"apiKey":"set"}
[2025-11-21 10:18:14] [INFO] App component rendered{"apiKey":"set"}
[2025-11-21 10:18:14] [INFO] App component rendered{"apiKey":"set"}
[2025-11-21 10:18:14] [INFO] App component rendered{"apiKey":"set"}
[2025-11-21 10:18:48] [INFO] App component rendered{"apiKey":"set"}
[2025-11-21 10:18:48] [INFO] App component rendered{"apiKey":"set"}
[2025-11-21 10:18:52] [INFO] App component rendered{"apiKey":"set"}
[2025-11-21 10:18:52] [INFO] App component rendered{"apiKey":"set"}
[2025-11-21 10:18:53] [INFO] App component rendered{"apiKey":"set"}
[2025-11-21 10:18:53] [INFO] App component rendered{"apiKey":"set"}
[2025-11-21 10:18:58] [INFO] App component rendered{"apiKey":"set"}
[2025-11-21 10:18:58] [INFO] App component rendered{"apiKey":"set"}
[2025-11-21 10:18:59] [INFO] App component rendered{"apiKey":"set"}
[2025-11-21 10:18:59] [INFO] App component rendered{"apiKey":"set"}
[2025-11-21 10:19:00] [INFO] App component rendered{"apiKey":"set"}
[2025-11-21 10:19:00] [INFO] App component rendered{"apiKey":"set"}
[2025-11-21 10:19:20] [INFO] App component rendered{"apiKey":"set"}
[2025-11-21 10:19:20] [INFO] App component rendered{"apiKey":"set"}
[2025-11-21 10:19:21] [INFO] App component rendered{"apiKey":"set"}
[2025-11-21 10:19:21] [INFO] App component rendered{"apiKey":"set"}
[2025-11-21 10:19:22] [INFO] App component rendered{"apiKey":"set"}
[2025-11-21 10:19:22] [INFO] App component rendered{"apiKey":"set"}
[2025-11-21 10:19:55] [INFO] App component rendered{"apiKey":"set"}
[2025-11-21 10:19:56] [INFO] App component rendered{"apiKey":"set"}
[2025-11-21 10:19:56] [INFO] App component rendered{"apiKey":"set"}
[2025-11-21 10:19:55] [INFO] App component rendered{"apiKey":"set"}
[2025-11-21 10:20:03] [INFO] App component rendered{"apiKey":"set"}
[2025-11-21 10:20:03] [INFO] App component rendered{"apiKey":"set"}
[2025-11-21 10:20:04] [INFO] App component rendered{"apiKey":"set"}
[2025-11-21 10:20:04] [INFO] App component rendered{"apiKey":"set"}
[2025-11-21 10:20:36] [INFO] App component rendered{"apiKey":"set"}
[2025-11-21 10:20:36] [INFO] App component rendered{"apiKey":"set"}
[2025-11-21 10:20:36] [INFO] App component rendered{"apiKey":"set"}
[2025-11-21 10:20:36] [INFO] App component rendered{"apiKey":"set"}
[2025-11-21 10:20:39] [INFO] App component rendered{"apiKey":"set"}
[2025-11-21 10:20:39] [INFO] App component rendered{"apiKey":"set"}
[2025-11-21 10:20:41] [INFO] App component rendered{"apiKey":"set"}
[2025-11-21 10:20:41] [INFO] App component rendered{"apiKey":"set"}
[2025-11-21 10:20:42] [INFO] App component rendered{"apiKey":"set"}
[2025-11-21 10:20:42] [INFO] App component rendered{"apiKey":"set"}
[2025-11-21 10:20:50] [INFO] App component rendered{"apiKey":"set"}
[2025-11-21 10:20:50] [INFO] App component rendered{"apiKey":"set"}
[2025-11-21 10:20:53] [INFO] App component rendered{"apiKey":"set"}
[2025-11-21 10:20:53] [INFO] App component rendered{"apiKey":"set"}
[2025-11-21 10:23:08] [INFO] App component rendered{"apiKey":"set"}
[2025-11-21 10:23:08] [INFO] App component rendered{"apiKey":"set"}
[2025-11-21 10:25:55] [INFO] App component rendered{"apiKey":"set"}
[2025-11-21 10:25:58] [INFO] App component rendered{"apiKey":"set"}
[2025-11-21 10:25:55] [INFO] App component rendered{"apiKey":"set"}
[2025-11-21 10:25:58] [INFO] App component rendered{"apiKey":"set"}
[2025-11-21 10:26:05] [INFO] App component rendered{"apiKey":"set"}
[2025-11-21 10:26:05] [INFO] App component rendered{"apiKey":"set"}
[2025-11-21 10:26:06] [INFO] App component rendered{"apiKey":"set"}
[2025-11-21 10:26:06] [INFO] App component rendered{"apiKey":"set"}
[2025-11-21 10:26:27] [INFO] App component rendered{"apiKey":"set"}
[2025-11-21 10:26:27] [INFO] App component rendered{"apiKey":"set"}
[2025-11-21 10:26:28] [INFO] App component rendered{"apiKey":"set"}
[2025-11-21 10:26:28] [INFO] App component rendered{"apiKey":"set"}
[2025-11-21 10:26:29] [INFO] App component rendered{"apiKey":"set"}
[2025-11-21 10:26:29] [INFO] App component rendered{"apiKey":"set"}
[2025-11-21 10:26:32] [INFO] App component rendered{"apiKey":"set"}
[2025-11-21 10:26:32] [INFO] App component rendered{"apiKey":"set"}
[2025-11-21 10:26:33] [INFO] App component rendered{"apiKey":"set"}
[2025-11-21 10:26:33] [INFO] App component rendered{"apiKey":"set"}
[2025-11-21 10:26:34] [INFO] App component rendered{"apiKey":"set"}
[2025-11-21 10:26:34] [INFO] App component rendered{"apiKey":"set"}
[2025-11-21 10:26:35] [INFO] App component rendered{"apiKey":"set"}
[2025-11-21 10:26:35] [INFO] App component rendered{"apiKey":"set"}
[2025-11-21 10:26:36] [INFO] App component rendered{"apiKey":"set"}
[2025-11-21 10:26:36] [INFO] App component rendered{"apiKey":"set"}
[2025-11-21 10:27:45] [INFO] App component rendered{"apiKey":"set"}
[2025-11-21 10:27:45] [INFO] App component rendered{"apiKey":"set"}
[2025-11-21 10:27:47] [INFO] App component rendered{"apiKey":"set"}
[2025-11-21 10:27:47] [INFO] App component rendered{"apiKey":"set"}
[2025-11-21 10:27:47] [INFO] [COLLECTIONS_LIST] CollectionsListPageContent component mounted{"initialCollectionsCount":512}
[2025-11-21 10:27:47] [INFO] [COLLECTIONS_LIST] CollectionsListPageContent component mounted{"initialCollectionsCount":512}
[2025-11-21 10:27:50] [INFO] App component rendered{"apiKey":"set"}
[2025-11-21 10:27:50] [INFO] App component rendered{"apiKey":"set"}
[2025-11-21 10:28:13] [INFO] App component rendered{"apiKey":"set"}
[2025-11-21 10:28:14] [INFO] App component rendered{"apiKey":"set"}
[2025-11-21 10:28:14] [INFO] App component rendered{"apiKey":"set"}
[2025-11-21 10:28:13] [INFO] App component rendered{"apiKey":"set"}
[2025-11-21 10:28:16] [INFO] App component rendered{"apiKey":"set"}
[2025-11-21 10:28:16] [INFO] App component rendered{"apiKey":"set"}
[2025-11-21 10:28:18] [INFO] [COLLECTIONS_LIST] Search suggestion selected{"collectionId":"gid://shopify/Collection/303072182331","collectionTitle":"Modern Fans"}
[2025-11-21 10:28:18] [INFO] App component rendered{"apiKey":"set"}
[2025-11-21 10:28:18] [INFO] [COLLECTIONS_LIST] Collections search submitted{"query":"Modern Fans","statusFilter":"all"}
[2025-11-21 10:28:18] [INFO] App component rendered{"apiKey":"set"}
[2025-11-21 10:28:19] [INFO] App component rendered{"apiKey":"set"}
[2025-11-21 10:28:19] [INFO] App component rendered{"apiKey":"set"}
[2025-11-21 10:28:20] [INFO] [COLLECTIONS_LIST] Edit collection in Shopify clicked{"collectionId":"gid://shopify/Collection/303072182331","title":"Modern Fans"}
[2025-11-21 10:28:57] [INFO] App component rendered{"apiKey":"set"}
[2025-11-21 10:28:57] [INFO] App component rendered{"apiKey":"set"}
[2025-11-21 10:28:59] [INFO] App component rendered{"apiKey":"set"}
[2025-11-21 10:28:59] [INFO] App component rendered{"apiKey":"set"}
[2025-11-21 10:28:59] [INFO] App component rendered{"apiKey":"set"}
[2025-11-21 10:28:59] [INFO] App component rendered{"apiKey":"set"}
[2025-11-21 10:29:00] [INFO] App component rendered{"apiKey":"set"}
[2025-11-21 10:29:00] [INFO] App component rendered{"apiKey":"set"}
[2025-11-21 10:29:01] [INFO] App component rendered{"apiKey":"set"}
[2025-11-21 10:29:01] [INFO] App component rendered{"apiKey":"set"}
[2025-11-21 10:54:40] [INFO] App component rendered{"apiKey":"set"}
[2025-11-21 10:54:40] [INFO] App component rendered{"apiKey":"set"}
[2025-11-21 10:54:40] [INFO] [COLLECTIONS_LIST] CollectionsListPageContent component mounted{"initialCollectionsCount":512}
[2025-11-21 10:54:40] [INFO] [COLLECTIONS_LIST] CollectionsListPageContent component mounted{"initialCollectionsCount":512}
[2025-11-21 10:54:44] [INFO] App component rendered{"apiKey":"set"}
[2025-11-21 10:54:44] [INFO] App component rendered{"apiKey":"set"}
[2025-11-21 10:57:46] [INFO] App component rendered{"apiKey":"set"}
[2025-11-21 10:57:46] [INFO] App component rendered{"apiKey":"set"}
[2025-11-21 10:57:46] [INFO] [COLLECTIONS_LIST] CollectionsListPageContent component mounted{"initialCollectionsCount":512}
[2025-11-21 10:57:46] [INFO] [COLLECTIONS_LIST] CollectionsListPageContent component mounted{"initialCollectionsCount":512}
[2025-11-21 10:57:54] [INFO] App component rendered{"apiKey":"set"}
[2025-11-21 10:57:54] [INFO] App component rendered{"apiKey":"set"}
[2025-11-21 10:58:50] [INFO] App component rendered{"apiKey":"set"}
[2025-11-21 10:58:50] [INFO] App component rendered{"apiKey":"set"}
[2025-11-21 10:58:50] [INFO] App component rendered{"apiKey":"set"}
[2025-11-21 10:58:50] [INFO] App component rendered{"apiKey":"set"}
[2025-11-21 10:58:52] [INFO] [COLLECTIONS_LIST] Search suggestion selected{"collectionId":"gid://shopify/Collection/303072182331","collectionTitle":"Modern Fans"}
[2025-11-21 10:58:52] [INFO] [COLLECTIONS_LIST] Collections search submitted{"query":"Modern Fans","statusFilter":"all"}
[2025-11-21 10:58:52] [INFO] App component rendered{"apiKey":"set"}
[2025-11-21 10:58:52] [INFO] App component rendered{"apiKey":"set"}
[2025-11-21 10:58:57] [INFO] App component rendered{"apiKey":"set"}
[2025-11-21 10:58:57] [INFO] App component rendered{"apiKey":"set"}
[2025-11-21 10:59:02] [INFO] [COLLECTIONS_LIST] View collection in store clicked{"collectionId":"gid://shopify/Collection/303072182331","title":"Modern Fans"}
[2025-11-21 10:59:05] [INFO] App component rendered{"apiKey":"set"}
[2025-11-21 10:59:00] [INFO] [COLLECTIONS_LIST] Edit collection in Shopify clicked{"collectionId":"gid://shopify/Collection/303072182331","title":"Modern Fans"}
[2025-11-21 10:59:05] [INFO] App component rendered{"apiKey":"set"}
[2025-11-21 10:59:05] [INFO] [COLLECTIONS_LIST] Navigate to collection settings clicked{"collectionId":"gid://shopify/Collection/303072182331","title":"Modern Fans"}
[2025-11-21 10:59:06] [INFO] App component rendered{"apiKey":"set"}
[2025-11-21 10:59:06] [INFO] [COLLECTIONS_LIST] Navigate to collection settings clicked{"collectionId":"gid://shopify/Collection/303072182331","title":"Modern Fans"}
[2025-11-21 10:59:06] [INFO] App component rendered{"apiKey":"set"}
[2025-11-21 10:59:10] [INFO] App component rendered{"apiKey":"set"}
[2025-11-21 10:59:10] [INFO] App component rendered{"apiKey":"set"}
[2025-11-21 10:59:20] [INFO] App component rendered{"apiKey":"set"}
[2025-11-21 10:59:20] [INFO] App component rendered{"apiKey":"set"}
[2025-11-21 10:59:20] [INFO] App component rendered{"apiKey":"set"}
[2025-11-21 10:59:20] [INFO] App component rendered{"apiKey":"set"}
[2025-11-21 10:59:44] [INFO] App component rendered{"apiKey":"set"}
[2025-11-21 10:59:44] [INFO] App component rendered{"apiKey":"set"}
[2025-11-21 10:59:48] [INFO] App component rendered{"apiKey":"set"}
[2025-11-21 10:59:48] [INFO] App component rendered{"apiKey":"set"}
[2025-11-21 10:59:54] [INFO] App component rendered{"apiKey":"set"}
[2025-11-21 10:59:54] [INFO] [COLLECTIONS_LIST] CollectionsListPageContent component mounted{"initialCollectionsCount":512}
[2025-11-21 10:59:54] [INFO] [COLLECTIONS_LIST] CollectionsListPageContent component mounted{"initialCollectionsCount":512}
[2025-11-21 10:59:54] [INFO] App component rendered{"apiKey":"set"}
[2025-11-21 10:59:59] [INFO] App component rendered{"apiKey":"set"}
[2025-11-21 10:59:59] [INFO] App component rendered{"apiKey":"set"}
[2025-11-21 11:01:37] [INFO] App component rendered{"apiKey":"set"}
[2025-11-21 11:01:37] [INFO] App component rendered{"apiKey":"set"}
[2025-11-21 11:01:37] [INFO] [COLLECTIONS_LIST] CollectionsListPageContent component mounted{"initialCollectionsCount":512}
[2025-11-21 11:01:37] [INFO] [COLLECTIONS_LIST] CollectionsListPageContent component mounted{"initialCollectionsCount":512}
[2025-11-21 11:01:56] [INFO] App component rendered{"apiKey":"set"}
[2025-11-21 11:01:56] [INFO] App component rendered{"apiKey":"set"}
[2025-11-21 11:01:59] [INFO] [COLLECTIONS_LIST] Collections search submitted{"query":"Modern Fans","statusFilter":"all"}
[2025-11-21 11:01:59] [INFO] [COLLECTIONS_LIST] Search suggestion selected{"collectionId":"gid://shopify/Collection/303072182331","collectionTitle":"Modern Fans"}
[2025-11-21 11:01:59] [INFO] App component rendered{"apiKey":"set"}
[2025-11-21 11:01:59] [INFO] App component rendered{"apiKey":"set"}
[2025-11-21 11:02:10] [INFO] App component rendered{"apiKey":"set"}
[2025-11-21 11:02:10] [INFO] [COLLECTIONS_LIST] Navigate to collection settings clicked{"collectionId":"gid://shopify/Collection/303072182331","title":"Modern Fans"}
[2025-11-21 11:02:10] [INFO] App component rendered{"apiKey":"set"}
[2025-11-21 11:03:44] [INFO] App component rendered{"apiKey":"set"}
[2025-11-21 11:03:44] [INFO] App component rendered{"apiKey":"set"}
[2025-11-21 11:03:44] [INFO] [COLLECTIONS_LIST] CollectionsListPageContent component mounted{"initialCollectionsCount":512}
[2025-11-21 11:03:44] [INFO] [COLLECTIONS_LIST] CollectionsListPageContent component mounted{"initialCollectionsCount":512}
[2025-11-21 11:04:00] [INFO] App component rendered{"apiKey":"set"}
[2025-11-21 11:09:18] [INFO] App component rendered{"apiKey":"set"}
[2025-11-21 11:09:34] [INFO] App component rendered{"apiKey":"set"}
[2025-11-21 11:10:15] [INFO] App component rendered{"apiKey":"set"}
[2025-11-21 11:10:15] [INFO] App component rendered{"apiKey":"set"}
[2025-11-21 11:10:15] [INFO] App component rendered{"apiKey":"set"}
[2025-11-21 11:10:15] [INFO] App component rendered{"apiKey":"set"}
[2025-11-21 11:10:46] [INFO] App component rendered{"apiKey":"set"}
[2025-11-21 11:10:46] [INFO] App component rendered{"apiKey":"set"}
[2025-11-21 11:10:56] [INFO] App component rendered{"apiKey":"set"}
[2025-11-21 11:10:56] [INFO] App component rendered{"apiKey":"set"}
[2025-11-21 11:10:56] [INFO] App component rendered{"apiKey":"set"}
[2025-11-21 11:10:56] [INFO] App component rendered{"apiKey":"set"}
[2025-11-21 11:11:47] [INFO] App component rendered{"apiKey":"set"}
[2025-11-21 11:12:56] [INFO] App component rendered{"apiKey":"set"}
[2025-11-21 11:13:13] [INFO] App component rendered{"apiKey":"set"}
[2025-11-21 11:13:13] [INFO] App component rendered{"apiKey":"set"}
[2025-11-21 11:13:13] [INFO] App component rendered{"apiKey":"set"}
[2025-11-21 11:13:13] [INFO] App component rendered{"apiKey":"set"}
[2025-11-21 11:13:24] [INFO] App component rendered{"apiKey":"set"}
[2025-11-21 11:13:24] [INFO] App component rendered{"apiKey":"set"}
[2025-11-21 11:13:54] [INFO] App component rendered{"apiKey":"set"}
[2025-11-21 11:13:54] [INFO] App component rendered{"apiKey":"set"}
[2025-11-21 11:19:22] [INFO] App component rendered{"apiKey":"set"}
[2025-11-21 11:19:22] [INFO] App component rendered{"apiKey":"set"}
[2025-11-21 11:24:05] [INFO] App component rendered{"apiKey":"set"}
[2025-11-21 11:24:05] [INFO] App component rendered{"apiKey":"set"}
[2025-11-21 11:52:20] [INFO] App component rendered{"apiKey":"set"}
[2025-11-21 11:52:20] [INFO] App component rendered{"apiKey":"set"}
[2025-11-21 11:52:20] [INFO] [COLLECTIONS_LIST] CollectionsListPageContent component mounted{"initialCollectionsCount":512}
[2025-11-21 11:52:24] [INFO] App component rendered{"apiKey":"set"}
[2025-11-21 11:52:24] [INFO] App component rendered{"apiKey":"set"}
[2025-11-21 11:54:25] [INFO] App component rendered{"apiKey":"set"}
[2025-11-21 11:54:25] [INFO] App component rendered{"apiKey":"set"}
[2025-11-21 11:54:47] [INFO] App component rendered{"apiKey":"set"}
[2025-11-21 11:54:47] [INFO] App component rendered{"apiKey":"set"}
[2025-11-21 11:54:48] [INFO] App component rendered{"apiKey":"set"}
[2025-11-21 11:54:48] [INFO] App component rendered{"apiKey":"set"}
[2025-11-21 11:54:49] [INFO] App component rendered{"apiKey":"set"}
[2025-11-21 11:54:49] [INFO] App component rendered{"apiKey":"set"}
[2025-11-21 11:54:51] [INFO] App component rendered{"apiKey":"set"}
[2025-11-21 11:54:51] [INFO] App component rendered{"apiKey":"set"}
[2025-11-21 11:54:53] [INFO] App component rendered{"apiKey":"set"}
[2025-11-21 11:54:53] [INFO] App component rendered{"apiKey":"set"}
[2025-11-21 11:54:54] [INFO] App component rendered{"apiKey":"set"}
[2025-11-21 11:54:54] [INFO] App component rendered{"apiKey":"set"}
[2025-11-21 11:55:03] [INFO] App component rendered{"apiKey":"set"}
[2025-11-21 11:55:03] [INFO] App component rendered{"apiKey":"set"}
[2025-11-21 11:55:14] [INFO] App component rendered{"apiKey":"set"}
[2025-11-21 11:55:15] [INFO] App component rendered{"apiKey":"set"}
[2025-11-21 11:55:14] [INFO] App component rendered{"apiKey":"set"}
[2025-11-21 11:55:15] [INFO] App component rendered{"apiKey":"set"}
[2025-11-21 11:55:16] [INFO] App component rendered{"apiKey":"set"}
[2025-11-21 11:55:16] [INFO] App component rendered{"apiKey":"set"}
[2025-11-21 11:55:20] [INFO] App component rendered{"apiKey":"set"}
[2025-11-21 11:55:21] [INFO] App component rendered{"apiKey":"set"}
[2025-11-21 11:55:21] [INFO] App component rendered{"apiKey":"set"}
[2025-11-21 11:55:20] [INFO] App component rendered{"apiKey":"set"}
[2025-11-21 11:55:29] [INFO] App component rendered{"apiKey":"set"}
[2025-11-21 11:55:29] [INFO] App component rendered{"apiKey":"set"}
[2025-11-21 11:55:37] [INFO] App component rendered{"apiKey":"set"}
[2025-11-21 11:55:37] [INFO] App component rendered{"apiKey":"set"}
[2025-11-21 11:56:09] [INFO] App component rendered{"apiKey":"set"}
[2025-11-21 11:57:53] [INFO] App component rendered{"apiKey":"set"}
[2025-11-21 11:57:53] [INFO] App component rendered{"apiKey":"set"}
[2025-11-21 11:57:56] [INFO] App component rendered{"apiKey":"set"}
[2025-11-21 11:57:56] [INFO] App component rendered{"apiKey":"set"}
[2025-11-21 11:57:57] [INFO] App component rendered{"apiKey":"set"}
[2025-11-21 11:57:57] [INFO] App component rendered{"apiKey":"set"}
[2025-11-21 11:58:02] [INFO] App component rendered{"apiKey":"set"}
[2025-11-21 11:58:02] [INFO] App component rendered{"apiKey":"set"}
[2025-11-21 11:59:19] [INFO] App component rendered{"apiKey":"set"}
[2025-11-21 11:59:24] [INFO] App component rendered{"apiKey":"set"}
[2025-11-21 11:59:25] [INFO] App component rendered{"apiKey":"set"}
[2025-11-21 11:59:25] [INFO] App component rendered{"apiKey":"set"}
[2025-11-21 11:59:24] [INFO] App component rendered{"apiKey":"set"}
[2025-11-21 11:59:34] [INFO] App component rendered{"apiKey":"set"}
[2025-11-21 11:59:34] [INFO] App component rendered{"apiKey":"set"}
[2025-11-21 11:59:44] [INFO] App component rendered{"apiKey":"set"}
[2025-11-21 11:59:44] [INFO] App component rendered{"apiKey":"set"}
[2025-11-21 12:00:55] [INFO] App component rendered{"apiKey":"set"}
[2025-11-21 12:00:55] [INFO] App component rendered{"apiKey":"set"}
[2025-11-21 12:00:58] [INFO] App component rendered{"apiKey":"set"}
[2025-11-21 12:00:58] [INFO] App component rendered{"apiKey":"set"}
[2025-11-21 12:01:03] [INFO] App component rendered{"apiKey":"set"}
[2025-11-21 12:01:03] [INFO] App component rendered{"apiKey":"set"}
[2025-11-21 12:01:12] [INFO] App component rendered{"apiKey":"set"}
[2025-11-21 12:01:12] [INFO] App component rendered{"apiKey":"set"}
[2025-11-21 12:01:26] [INFO] App component rendered{"apiKey":"set"}
[2025-11-21 12:01:26] [INFO] App component rendered{"apiKey":"set"}
[2025-11-21 12:02:04] [INFO] App component rendered{"apiKey":"set"}
[2025-11-21 12:02:15] [INFO] App component rendered{"apiKey":"set"}
[2025-11-21 12:02:15] [INFO] App component rendered{"apiKey":"set"}
[2025-11-21 12:02:21] [INFO] App component rendered{"apiKey":"set"}
[2025-11-21 12:02:20] [INFO] App component rendered{"apiKey":"set"}
[2025-11-21 12:02:51] [INFO] App component rendered{"apiKey":"set"}
[2025-11-21 12:02:51] [INFO] App component rendered{"apiKey":"set"}
[2025-11-21 12:03:07] [INFO] App component rendered{"apiKey":"set"}
[2025-11-21 12:03:07] [INFO] App component rendered{"apiKey":"set"}
[2025-11-21 12:05:00] [INFO] App component rendered{"apiKey":"set"}
[2025-11-21 13:05:28] [INFO] App component rendered{"apiKey":"set"}
[2025-11-21 13:05:28] [INFO] App component rendered{"apiKey":"set"}
[2025-11-21 13:05:42] [INFO] App component rendered{"apiKey":"set"}
[2025-11-21 13:05:42] [INFO] App component rendered{"apiKey":"set"}
[2025-11-21 13:06:02] [INFO] App component rendered{"apiKey":"set"}
[2025-11-21 13:06:02] [INFO] App component rendered{"apiKey":"set"}
[2025-11-21 13:06:30] [INFO] App component rendered{"apiKey":"set"}
[2025-11-21 13:06:30] [INFO] App component rendered{"apiKey":"set"}
[2025-11-21 13:07:30] [INFO] App component rendered{"apiKey":"set"}
[2025-11-21 13:11:01] [INFO] App component rendered{"apiKey":"set"}
[2025-11-21 13:11:01] [INFO] App component rendered{"apiKey":"set"}
[2025-11-21 13:11:01] [INFO] [COLLECTIONS_LIST] CollectionsListPageContent component mounted{"initialCollectionsCount":513}
[2025-11-21 13:15:48] [INFO] App component rendered{"apiKey":"set"}
[2025-11-21 13:15:48] [INFO] App component rendered{"apiKey":"set"}
[2025-11-21 13:16:44] [INFO] App component rendered{"apiKey":"set"}
[2025-11-21 13:16:44] [INFO] App component rendered{"apiKey":"set"}
[2025-11-21 13:17:17] [INFO] App component rendered{"apiKey":"set"}
[2025-11-21 13:17:17] [INFO] App component rendered{"apiKey":"set"}
[2025-11-21 13:18:00] [INFO] App component rendered{"apiKey":"set"}
[2025-11-21 13:18:00] [INFO] App component rendered{"apiKey":"set"}
[2025-11-21 13:18:25] [INFO] App component rendered{"apiKey":"set"}
[2025-11-21 13:18:25] [INFO] App component rendered{"apiKey":"set"}
[2025-11-21 13:18:25] [INFO] [COLLECTIONS_LIST] Navigate to collection settings clicked{"collectionId":"gid://shopify/Collection/303119171643","title":"Hijabs"}
[2025-11-21 13:19:19] [INFO] App component rendered{"apiKey":"set"}
[2025-11-21 13:19:19] [INFO] App component rendered{"apiKey":"set"}
[2025-11-21 13:25:28] [INFO] App component rendered{"apiKey":"set"}
[2025-11-21 13:25:28] [INFO] App component rendered{"apiKey":"set"}
[2025-11-21 13:25:28] [INFO] [COLLECTIONS_LIST] CollectionsListPageContent component mounted{"initialCollectionsCount":513}
[2025-11-21 13:25:28] [INFO] [COLLECTIONS_LIST] CollectionsListPageContent component mounted{"initialCollectionsCount":513}
[2025-11-21 13:25:32] [INFO] App component rendered{"apiKey":"set"}
[2025-11-21 13:25:32] [INFO] App component rendered{"apiKey":"set"}
[2025-11-21 13:25:32] [INFO] App component rendered{"apiKey":"set"}
[2025-11-21 13:25:32] [INFO] App component rendered{"apiKey":"set"}
[2025-11-21 13:25:34] [INFO] App component rendered{"apiKey":"set"}
[2025-11-21 13:25:34] [INFO] App component rendered{"apiKey":"set"}
[2025-11-21 13:25:34] [INFO] App component rendered{"apiKey":"set"}
[2025-11-21 13:25:35] [INFO] App component rendered{"apiKey":"set"}
[2025-11-21 13:25:34] [INFO] App component rendered{"apiKey":"set"}
[2025-11-21 13:25:35] [INFO] App component rendered{"apiKey":"set"}
[2025-11-21 13:25:39] [INFO] App component rendered{"apiKey":"set"}
[2025-11-21 13:25:39] [INFO] App component rendered{"apiKey":"set"}
[2025-11-21 13:25:44] [INFO] App component rendered{"apiKey":"set"}
[2025-11-21 13:25:44] [INFO] App component rendered{"apiKey":"set"}
[2025-11-21 13:25:44] [INFO] [COLLECTIONS_LIST] Navigate to collection settings clicked{"collectionId":"gid://shopify/Collection/303119171643","title":"Hijabs"}
[2025-11-21 13:25:45] [INFO] App component rendered{"apiKey":"set"}
[2025-11-21 13:25:45] [INFO] App component rendered{"apiKey":"set"}
[2025-11-21 13:25:48] [INFO] App component rendered{"apiKey":"set"}
[2025-11-21 13:25:48] [INFO] App component rendered{"apiKey":"set"}
[2025-11-21 13:25:48] [INFO] App component rendered{"apiKey":"set"}
[2025-11-21 13:25:48] [INFO] App component rendered{"apiKey":"set"}
[2025-11-21 13:26:46] [INFO] App component rendered{"apiKey":"set"}
[2025-11-21 13:26:46] [INFO] App component rendered{"apiKey":"set"}
[2025-11-21 13:26:48] [INFO] App component rendered{"apiKey":"set"}
[2025-11-21 13:26:48] [INFO] App component rendered{"apiKey":"set"}
[2025-11-21 13:26:51] [INFO] App component rendered{"apiKey":"set"}
[2025-11-21 13:26:51] [INFO] App component rendered{"apiKey":"set"}
[2025-11-21 13:26:51] [INFO] App component rendered{"apiKey":"set"}
[2025-11-21 13:27:01] [INFO] App component rendered{"apiKey":"set"}
[2025-11-21 13:27:01] [INFO] App component rendered{"apiKey":"set"}
[2025-11-21 13:27:07] [INFO] App component rendered{"apiKey":"set"}
[2025-11-21 13:27:07] [INFO] App component rendered{"apiKey":"set"}
[2025-11-21 13:27:21] [INFO] App component rendered{"apiKey":"set"}
[2025-11-21 13:27:21] [INFO] App component rendered{"apiKey":"set"}
[2025-11-21 13:27:23] [INFO] App component rendered{"apiKey":"set"}
[2025-11-21 13:27:24] [INFO] App component rendered{"apiKey":"set"}
[2025-11-21 13:27:24] [INFO] App component rendered{"apiKey":"set"}
[2025-11-21 13:27:23] [INFO] App component rendered{"apiKey":"set"}
[2025-11-21 13:27:26] [INFO] App component rendered{"apiKey":"set"}
[2025-11-21 13:27:26] [INFO] App component rendered{"apiKey":"set"}
[2025-11-21 13:27:27] [INFO] App component rendered{"apiKey":"set"}
[2025-11-21 13:27:27] [INFO] App component rendered{"apiKey":"set"}
[2025-11-21 13:27:28] [INFO] App component rendered{"apiKey":"set"}
[2025-11-21 13:27:28] [INFO] App component rendered{"apiKey":"set"}
[2025-11-21 13:27:36] [INFO] App component rendered{"apiKey":"set"}
[2025-11-21 13:27:36] [INFO] App component rendered{"apiKey":"set"}
[2025-11-21 13:27:44] [INFO] App component rendered{"apiKey":"set"}
[2025-11-21 13:27:44] [INFO] App component rendered{"apiKey":"set"}
[2025-11-21 13:28:02] [INFO] App component rendered{"apiKey":"set"}
[2025-11-21 13:28:02] [INFO] App component rendered{"apiKey":"set"}
[2025-11-21 13:28:04] [INFO] App component rendered{"apiKey":"set"}
[2025-11-21 13:28:04] [INFO] App component rendered{"apiKey":"set"}
[2025-11-21 13:28:09] [INFO] App component rendered{"apiKey":"set"}
[2025-11-21 13:28:09] [INFO] App component rendered{"apiKey":"set"}
[2025-11-21 13:30:07] [INFO] App component rendered{"apiKey":"set"}
[2025-11-21 13:30:07] [INFO] App component rendered{"apiKey":"set"}
[2025-11-21 13:30:30] [INFO] App component rendered{"apiKey":"set"}
[2025-11-21 13:30:30] [INFO] App component rendered{"apiKey":"set"}
[2025-11-21 13:31:09] [INFO] App component rendered{"apiKey":"set"}
[2025-11-21 13:31:09] [INFO] App component rendered{"apiKey":"set"}
[2025-11-21 13:31:52] [INFO] App component rendered{"apiKey":"set"}
[2025-11-21 13:31:52] [INFO] App component rendered{"apiKey":"set"}
[2025-11-21 13:32:05] [INFO] App component rendered{"apiKey":"set"}
[2025-11-21 13:32:05] [INFO] App component rendered{"apiKey":"set"}
[2025-11-21 13:32:13] [INFO] App component rendered{"apiKey":"set"}
[2025-11-21 13:32:14] [INFO] App component rendered{"apiKey":"set"}
[2025-11-21 13:32:14] [INFO] App component rendered{"apiKey":"set"}
[2025-11-21 13:32:13] [INFO] App component rendered{"apiKey":"set"}
[2025-11-21 13:32:24] [INFO] App component rendered{"apiKey":"set"}
[2025-11-21 13:32:24] [INFO] App component rendered{"apiKey":"set"}
[2025-11-21 13:32:32] [INFO] App component rendered{"apiKey":"set"}
[2025-11-21 13:32:32] [INFO] App component rendered{"apiKey":"set"}
[2025-11-21 13:32:37] [INFO] App component rendered{"apiKey":"set"}
[2025-11-21 13:32:37] [INFO] App component rendered{"apiKey":"set"}
[2025-11-21 13:32:43] [INFO] App component rendered{"apiKey":"set"}
[2025-11-21 13:32:43] [INFO] App component rendered{"apiKey":"set"}
[2025-11-21 13:32:50] [INFO] App component rendered{"apiKey":"set"}
[2025-11-21 13:32:50] [INFO] App component rendered{"apiKey":"set"}
[2025-11-21 13:35:58] [INFO] App component rendered{"apiKey":"set"}
[2025-11-21 13:35:58] [INFO] App component rendered{"apiKey":"set"}
[2025-11-21 13:41:08] [INFO] App component rendered{"apiKey":"set"}
[2025-11-21 13:41:08] [INFO] App component rendered{"apiKey":"set"}
[2025-11-21 13:46:07] [INFO] App component rendered{"apiKey":"set"}
[2025-11-21 13:46:07] [INFO] App component rendered{"apiKey":"set"}
[2025-11-21 13:51:09] [INFO] App component rendered{"apiKey":"set"}
[2025-11-21 13:51:09] [INFO] App component rendered{"apiKey":"set"}
[2025-11-21 13:52:53] [INFO] App component rendered{"apiKey":"set"}
[2025-11-21 13:52:53] [INFO] App component rendered{"apiKey":"set"}
[2025-11-21 13:52:58] [INFO] App component rendered{"apiKey":"set"}
[2025-11-21 13:52:58] [INFO] App component rendered{"apiKey":"set"}
[2025-11-21 13:52:59] [INFO] App component rendered{"apiKey":"set"}
[2025-11-21 13:52:59] [INFO] App component rendered{"apiKey":"set"}
[2025-11-21 13:53:29] [INFO] App component rendered{"apiKey":"set"}
[2025-11-21 13:53:29] [INFO] App component rendered{"apiKey":"set"}
[2025-11-21 13:56:01] [INFO] App component rendered{"apiKey":"set"}
[2025-11-21 13:56:01] [INFO] App component rendered{"apiKey":"set"}
[2025-11-21 14:01:28] [INFO] App component rendered{"apiKey":"set"}
[2025-11-21 14:01:28] [INFO] App component rendered{"apiKey":"set"}
[2025-11-21 14:26:26] [INFO] App component rendered{"apiKey":"set"}
[2025-11-21 14:28:28] [INFO] App component rendered{"apiKey":"set"}
[2025-11-21 14:28:28] [INFO] App component rendered{"apiKey":"set"}
[2025-11-21 14:28:49] [INFO] App component rendered{"apiKey":"set"}
[2025-11-21 14:28:49] [INFO] App component rendered{"apiKey":"set"}
[2025-11-21 14:29:00] [INFO] App component rendered{"apiKey":"set"}
[2025-11-21 14:31:41] [INFO] App component rendered{"apiKey":"set"}
[2025-11-21 14:32:03] [INFO] App component rendered{"apiKey":"set"}
[2025-11-21 14:32:03] [INFO] App component rendered{"apiKey":"set"}
[2025-11-21 14:32:07] [INFO] App component rendered{"apiKey":"set"}
[2025-11-21 14:32:07] [INFO] App component rendered{"apiKey":"set"}
[2025-11-21 14:33:31] [INFO] App component rendered{"apiKey":"set"}
[2025-11-21 14:33:31] [INFO] App component rendered{"apiKey":"set"}
[2025-11-21 14:33:31] [INFO] App component rendered{"apiKey":"set"}
[2025-11-21 14:33:31] [INFO] App component rendered{"apiKey":"set"}
[2025-11-21 14:34:41] [INFO] App component rendered{"apiKey":"set"}
[2025-11-21 14:34:41] [INFO] App component rendered{"apiKey":"set"}
[2025-11-21 14:35:29] [INFO] App component rendered{"apiKey":"set"}
[2025-11-21 14:35:28] [INFO] App component rendered{"apiKey":"set"}
[2025-11-21 14:35:28] [INFO] App component rendered{"apiKey":"set"}
[2025-11-21 14:35:29] [INFO] App component rendered{"apiKey":"set"}
[2025-11-21 14:36:57] [INFO] App component rendered{"apiKey":"set"}
[2025-11-21 14:36:57] [INFO] App component rendered{"apiKey":"set"}
[2025-11-21 14:45:07] [INFO] App component rendered{"apiKey":"set"}
[2025-11-21 14:45:07] [INFO] App component rendered{"apiKey":"set"}
[2025-11-21 14:45:30] [INFO] App component rendered{"apiKey":"set"}
[2025-11-21 14:45:30] [INFO] App component rendered{"apiKey":"set"}
[2025-11-21 14:45:31] [INFO] [COLLECTIONS_LIST] Search suggestion selected{"collectionId":"gid://shopify/Collection/303119171643","collectionTitle":"Hijabs"}
[2025-11-21 14:45:28] [INFO] App component rendered{"apiKey":"set"}
[2025-11-21 14:45:28] [INFO] App component rendered{"apiKey":"set"}
[2025-11-21 14:45:31] [INFO] App component rendered{"apiKey":"set"}
[2025-11-21 14:45:31] [INFO] App component rendered{"apiKey":"set"}
[2025-11-21 14:45:31] [INFO] [COLLECTIONS_LIST] Collections search submitted{"query":"Hijabs","statusFilter":"all"}
[2025-11-21 14:48:49] [INFO] App component rendered{"apiKey":"set"}
[2025-11-21 14:48:50] [INFO] [COLLECTIONS_LIST] CollectionsListPageContent component mounted{"initialCollectionsCount":513}
[2025-11-21 14:48:50] [INFO] [COLLECTIONS_LIST] CollectionsListPageContent component mounted{"initialCollectionsCount":513}
[2025-11-21 14:48:49] [INFO] App component rendered{"apiKey":"set"}
[2025-11-21 14:54:20] [INFO] App component rendered{"apiKey":"set"}
[2025-11-21 14:54:55] [INFO] App component rendered{"apiKey":"set"}
[2025-11-21 14:54:55] [INFO] App component rendered{"apiKey":"set"}
[2025-11-21 14:57:53] [INFO] App component rendered{"apiKey":"set"}
[2025-11-21 14:57:54] [INFO] App component rendered{"apiKey":"set"}
[2025-11-21 14:57:53] [INFO] App component rendered{"apiKey":"set"}
[2025-11-21 14:57:54] [INFO] App component rendered{"apiKey":"set"}
[2025-11-21 15:01:03] [INFO] App component rendered{"apiKey":"set"}
[2025-11-21 15:01:03] [INFO] App component rendered{"apiKey":"set"}
[2025-11-21 15:01:23] [INFO] App component rendered{"apiKey":"set"}
[2025-11-21 15:01:23] [INFO] App component rendered{"apiKey":"set"}
[2025-11-21 15:01:24] [INFO] App component rendered{"apiKey":"set"}
[2025-11-21 15:01:24] [INFO] App component rendered{"apiKey":"set"}
[2025-11-21 15:01:25] [INFO] App component rendered{"apiKey":"set"}
[2025-11-21 15:01:25] [INFO] App component rendered{"apiKey":"set"}
[2025-11-21 15:01:29] [INFO] App component rendered{"apiKey":"set"}
[2025-11-21 15:01:29] [INFO] App component rendered{"apiKey":"set"}
[2025-11-21 15:01:31] [INFO] App component rendered{"apiKey":"set"}
[2025-11-21 15:01:31] [INFO] App component rendered{"apiKey":"set"}
[2025-11-21 15:01:37] [INFO] App component rendered{"apiKey":"set"}
[2025-11-21 15:01:37] [INFO] App component rendered{"apiKey":"set"}
[2025-11-21 15:01:38] [INFO] App component rendered{"apiKey":"set"}
[2025-11-21 15:01:38] [INFO] App component rendered{"apiKey":"set"}
[2025-11-21 15:02:27] [INFO] App component rendered{"apiKey":"set"}
[2025-11-21 15:02:27] [INFO] App component rendered{"apiKey":"set"}
[2025-11-21 15:02:28] [INFO] App component rendered{"apiKey":"set"}
[2025-11-21 15:02:28] [INFO] App component rendered{"apiKey":"set"}
[2025-11-21 15:02:29] [INFO] App component rendered{"apiKey":"set"}
[2025-11-21 15:02:29] [INFO] App component rendered{"apiKey":"set"}
[2025-11-21 15:02:31] [INFO] App component rendered{"apiKey":"set"}
[2025-11-21 15:02:31] [INFO] App component rendered{"apiKey":"set"}
[2025-11-21 15:02:32] [INFO] App component rendered{"apiKey":"set"}
[2025-11-21 15:02:32] [INFO] App component rendered{"apiKey":"set"}
[2025-11-21 15:02:38] [INFO] App component rendered{"apiKey":"set"}
[2025-11-21 15:02:38] [INFO] App component rendered{"apiKey":"set"}
[2025-11-21 15:02:39] [INFO] App component rendered{"apiKey":"set"}
[2025-11-21 15:02:39] [INFO] App component rendered{"apiKey":"set"}
[2025-11-21 15:03:09] [INFO] App component rendered{"apiKey":"set"}
[2025-11-21 15:03:09] [INFO] App component rendered{"apiKey":"set"}
[2025-11-21 15:03:10] [INFO] App component rendered{"apiKey":"set"}
[2025-11-21 15:03:10] [INFO] App component rendered{"apiKey":"set"}
[2025-11-21 15:03:10] [INFO] App component rendered{"apiKey":"set"}
[2025-11-21 15:03:10] [INFO] App component rendered{"apiKey":"set"}
[2025-11-21 15:03:11] [INFO] App component rendered{"apiKey":"set"}
[2025-11-21 15:03:11] [INFO] App component rendered{"apiKey":"set"}
[2025-11-21 15:03:12] [INFO] App component rendered{"apiKey":"set"}
[2025-11-21 15:03:12] [INFO] App component rendered{"apiKey":"set"}
[2025-11-21 15:03:15] [INFO] App component rendered{"apiKey":"set"}
[2025-11-21 15:03:15] [INFO] App component rendered{"apiKey":"set"}
[2025-11-21 15:03:16] [INFO] App component rendered{"apiKey":"set"}
[2025-11-21 15:03:16] [INFO] App component rendered{"apiKey":"set"}
[2025-11-21 15:03:22] [INFO] App component rendered{"apiKey":"set"}
[2025-11-21 15:03:22] [INFO] App component rendered{"apiKey":"set"}
[2025-11-21 15:03:23] [INFO] App component rendered{"apiKey":"set"}
[2025-11-21 15:03:23] [INFO] App component rendered{"apiKey":"set"}
[2025-11-21 15:06:51] [INFO] App component rendered{"apiKey":"set"}
[2025-11-21 15:06:51] [INFO] App component rendered{"apiKey":"set"}
[2025-11-21 15:06:52] [INFO] App component rendered{"apiKey":"set"}
[2025-11-21 15:06:52] [INFO] App component rendered{"apiKey":"set"}
[2025-11-21 15:06:54] [INFO] App component rendered{"apiKey":"set"}
[2025-11-21 15:06:54] [INFO] App component rendered{"apiKey":"set"}
[2025-11-21 15:06:54] [INFO] App component rendered{"apiKey":"set"}
[2025-11-21 15:06:54] [INFO] App component rendered{"apiKey":"set"}
[2025-11-21 15:06:56] [INFO] App component rendered{"apiKey":"set"}
[2025-11-21 15:06:56] [INFO] App component rendered{"apiKey":"set"}
[2025-11-21 15:07:02] [INFO] App component rendered{"apiKey":"set"}
[2025-11-21 15:07:02] [INFO] App component rendered{"apiKey":"set"}
[2025-11-21 15:07:03] [INFO] App component rendered{"apiKey":"set"}
[2025-11-21 15:07:03] [INFO] App component rendered{"apiKey":"set"}
[2025-11-21 15:07:38] [INFO] App component rendered{"apiKey":"set"}
[2025-11-21 15:07:38] [INFO] App component rendered{"apiKey":"set"}
[2025-11-21 15:07:38] [INFO] App component rendered{"apiKey":"set"}
[2025-11-21 15:07:38] [INFO] App component rendered{"apiKey":"set"}
[2025-11-21 15:07:39] [INFO] App component rendered{"apiKey":"set"}
[2025-11-21 15:07:39] [INFO] App component rendered{"apiKey":"set"}
[2025-11-21 15:07:41] [INFO] App component rendered{"apiKey":"set"}
[2025-11-21 15:07:41] [INFO] App component rendered{"apiKey":"set"}
[2025-11-21 15:07:41] [INFO] App component rendered{"apiKey":"set"}
[2025-11-21 15:07:41] [INFO] App component rendered{"apiKey":"set"}
[2025-11-21 15:07:48] [INFO] App component rendered{"apiKey":"set"}
[2025-11-21 15:07:48] [INFO] App component rendered{"apiKey":"set"}
[2025-11-21 15:07:49] [INFO] App component rendered{"apiKey":"set"}
[2025-11-21 15:07:49] [INFO] App component rendered{"apiKey":"set"}
[2025-11-21 15:08:35] [INFO] App component rendered{"apiKey":"set"}
[2025-11-21 15:08:35] [INFO] App component rendered{"apiKey":"set"}
[2025-11-21 15:08:36] [INFO] App component rendered{"apiKey":"set"}
[2025-11-21 15:08:36] [INFO] App component rendered{"apiKey":"set"}
[2025-11-21 15:08:37] [INFO] App component rendered{"apiKey":"set"}
[2025-11-21 15:08:37] [INFO] App component rendered{"apiKey":"set"}
[2025-11-21 15:08:46] [INFO] App component rendered{"apiKey":"set"}
[2025-11-21 15:08:46] [INFO] App component rendered{"apiKey":"set"}
[2025-11-21 15:08:47] [INFO] App component rendered{"apiKey":"set"}
[2025-11-21 15:08:47] [INFO] App component rendered{"apiKey":"set"}
[2025-11-21 15:08:53] [INFO] App component rendered{"apiKey":"set"}
[2025-11-21 15:08:53] [INFO] App component rendered{"apiKey":"set"}
[2025-11-21 15:08:55] [INFO] App component rendered{"apiKey":"set"}
[2025-11-21 15:08:55] [INFO] App component rendered{"apiKey":"set"}
[2025-11-21 15:10:24] [INFO] App component rendered{"apiKey":"set"}
[2025-11-21 15:10:24] [INFO] App component rendered{"apiKey":"set"}
[2025-11-21 15:10:26] [INFO] App component rendered{"apiKey":"set"}
[2025-11-21 15:10:26] [INFO] App component rendered{"apiKey":"set"}
[2025-11-21 15:10:27] [INFO] App component rendered{"apiKey":"set"}
[2025-11-21 15:10:27] [INFO] App component rendered{"apiKey":"set"}
[2025-11-21 15:10:28] [INFO] App component rendered{"apiKey":"set"}
[2025-11-21 15:10:28] [INFO] App component rendered{"apiKey":"set"}
[2025-11-21 15:11:05] [INFO] App component rendered{"apiKey":"set"}
[2025-11-21 15:11:05] [INFO] App component rendered{"apiKey":"set"}
[2025-11-21 15:11:06] [INFO] App component rendered{"apiKey":"set"}
[2025-11-21 15:11:06] [INFO] App component rendered{"apiKey":"set"}
[2025-11-21 15:11:07] [INFO] App component rendered{"apiKey":"set"}
[2025-11-21 15:11:07] [INFO] App component rendered{"apiKey":"set"}
[2025-11-21 15:11:22] [INFO] App component rendered{"apiKey":"set"}
[2025-11-21 15:11:22] [INFO] App component rendered{"apiKey":"set"}
[2025-11-21 15:11:23] [INFO] App component rendered{"apiKey":"set"}
[2025-11-21 15:11:23] [INFO] App component rendered{"apiKey":"set"}
[2025-11-21 15:11:24] [INFO] App component rendered{"apiKey":"set"}
[2025-11-21 15:11:24] [INFO] App component rendered{"apiKey":"set"}
[2025-11-21 15:11:26] [INFO] App component rendered{"apiKey":"set"}
[2025-11-21 15:11:26] [INFO] App component rendered{"apiKey":"set"}
[2025-11-21 15:11:27] [INFO] App component rendered{"apiKey":"set"}
[2025-11-21 15:11:27] [INFO] App component rendered{"apiKey":"set"}
[2025-11-21 15:11:33] [INFO] App component rendered{"apiKey":"set"}
[2025-11-21 15:11:33] [INFO] App component rendered{"apiKey":"set"}
[2025-11-21 15:11:34] [INFO] App component rendered{"apiKey":"set"}
[2025-11-21 15:11:34] [INFO] App component rendered{"apiKey":"set"}
[2025-11-21 15:12:17] [INFO] App component rendered{"apiKey":"set"}
[2025-11-21 15:12:17] [INFO] App component rendered{"apiKey":"set"}
[2025-11-21 15:12:19] [INFO] App component rendered{"apiKey":"set"}
[2025-11-21 15:12:19] [INFO] App component rendered{"apiKey":"set"}
[2025-11-21 15:12:20] [INFO] App component rendered{"apiKey":"set"}
[2025-11-21 15:12:20] [INFO] App component rendered{"apiKey":"set"}
[2025-11-21 15:12:21] [INFO] App component rendered{"apiKey":"set"}
[2025-11-21 15:12:21] [INFO] App component rendered{"apiKey":"set"}
[2025-11-21 15:12:24] [INFO] App component rendered{"apiKey":"set"}
[2025-11-21 15:12:24] [INFO] App component rendered{"apiKey":"set"}
[2025-11-21 15:12:24] [INFO] App component rendered{"apiKey":"set"}
[2025-11-21 15:12:24] [INFO] App component rendered{"apiKey":"set"}
[2025-11-21 15:12:26] [INFO] App component rendered{"apiKey":"set"}
[2025-11-21 15:12:26] [INFO] App component rendered{"apiKey":"set"}
[2025-11-21 15:12:27] [INFO] App component rendered{"apiKey":"set"}
[2025-11-21 15:12:27] [INFO] App component rendered{"apiKey":"set"}
[2025-11-21 15:12:53] [INFO] App component rendered{"apiKey":"set"}
[2025-11-21 15:12:53] [INFO] App component rendered{"apiKey":"set"}
[2025-11-21 15:12:54] [INFO] App component rendered{"apiKey":"set"}
[2025-11-21 15:12:54] [INFO] App component rendered{"apiKey":"set"}
[2025-11-21 15:12:55] [INFO] App component rendered{"apiKey":"set"}
[2025-11-21 15:12:55] [INFO] App component rendered{"apiKey":"set"}
[2025-11-21 15:13:03] [INFO] App component rendered{"apiKey":"set"}
[2025-11-21 15:13:03] [INFO] App component rendered{"apiKey":"set"}
[2025-11-21 15:13:04] [INFO] App component rendered{"apiKey":"set"}
[2025-11-21 15:13:04] [INFO] App component rendered{"apiKey":"set"}
[2025-11-21 15:13:05] [INFO] App component rendered{"apiKey":"set"}
[2025-11-21 15:13:05] [INFO] App component rendered{"apiKey":"set"}
[2025-11-21 15:13:07] [INFO] App component rendered{"apiKey":"set"}
[2025-11-21 15:13:07] [INFO] App component rendered{"apiKey":"set"}
[2025-11-21 15:13:08] [INFO] App component rendered{"apiKey":"set"}
[2025-11-21 15:13:08] [INFO] App component rendered{"apiKey":"set"}
[2025-11-21 15:13:14] [INFO] App component rendered{"apiKey":"set"}
[2025-11-21 15:13:14] [INFO] App component rendered{"apiKey":"set"}
[2025-11-21 15:13:16] [INFO] App component rendered{"apiKey":"set"}
[2025-11-21 15:13:16] [INFO] App component rendered{"apiKey":"set"}
[2025-11-21 15:13:52] [INFO] App component rendered{"apiKey":"set"}
[2025-11-21 15:13:52] [INFO] App component rendered{"apiKey":"set"}
[2025-11-21 15:13:52] [INFO] App component rendered{"apiKey":"set"}
[2025-11-21 15:13:52] [INFO] App component rendered{"apiKey":"set"}
[2025-11-21 15:13:54] [INFO] App component rendered{"apiKey":"set"}
[2025-11-21 15:13:54] [INFO] App component rendered{"apiKey":"set"}
[2025-11-21 15:13:55] [INFO] App component rendered{"apiKey":"set"}
[2025-11-21 15:13:55] [INFO] App component rendered{"apiKey":"set"}
[2025-11-21 15:13:55] [INFO] App component rendered{"apiKey":"set"}
[2025-11-21 15:13:55] [INFO] App component rendered{"apiKey":"set"}
[2025-11-21 15:13:56] [INFO] App component rendered{"apiKey":"set"}
[2025-11-21 15:13:56] [INFO] App component rendered{"apiKey":"set"}
[2025-11-21 15:14:06] [INFO] App component rendered{"apiKey":"set"}
[2025-11-21 15:14:06] [INFO] App component rendered{"apiKey":"set"}
[2025-11-21 15:14:07] [INFO] App component rendered{"apiKey":"set"}
[2025-11-21 15:14:07] [INFO] App component rendered{"apiKey":"set"}
[2025-11-21 15:14:08] [INFO] App component rendered{"apiKey":"set"}
[2025-11-21 15:14:08] [INFO] App component rendered{"apiKey":"set"}
[2025-11-21 15:14:10] [INFO] App component rendered{"apiKey":"set"}
[2025-11-21 15:14:10] [INFO] App component rendered{"apiKey":"set"}
[2025-11-21 15:14:11] [INFO] App component rendered{"apiKey":"set"}
[2025-11-21 15:14:11] [INFO] App component rendered{"apiKey":"set"}
[2025-11-21 15:14:17] [INFO] App component rendered{"apiKey":"set"}
[2025-11-21 15:14:17] [INFO] App component rendered{"apiKey":"set"}
[2025-11-21 15:14:18] [INFO] App component rendered{"apiKey":"set"}
[2025-11-21 15:14:18] [INFO] App component rendered{"apiKey":"set"}
[2025-11-21 15:15:36] [INFO] App component rendered{"apiKey":"set"}
[2025-11-21 15:15:36] [INFO] App component rendered{"apiKey":"set"}
[2025-11-21 15:15:38] [INFO] App component rendered{"apiKey":"set"}
[2025-11-21 15:15:38] [INFO] App component rendered{"apiKey":"set"}
[2025-11-21 15:15:39] [INFO] App component rendered{"apiKey":"set"}
[2025-11-21 15:15:39] [INFO] App component rendered{"apiKey":"set"}
[2025-11-21 15:15:42] [INFO] App component rendered{"apiKey":"set"}
[2025-11-21 15:15:42] [INFO] App component rendered{"apiKey":"set"}
[2025-11-21 15:15:43] [INFO] App component rendered{"apiKey":"set"}
[2025-11-21 15:15:43] [INFO] App component rendered{"apiKey":"set"}
[2025-11-21 15:15:49] [INFO] App component rendered{"apiKey":"set"}
[2025-11-21 15:15:49] [INFO] App component rendered{"apiKey":"set"}
[2025-11-21 15:15:50] [INFO] App component rendered{"apiKey":"set"}
[2025-11-21 15:15:50] [INFO] App component rendered{"apiKey":"set"}
[2025-11-21 15:16:42] [INFO] App component rendered{"apiKey":"set"}
[2025-11-21 15:16:42] [INFO] App component rendered{"apiKey":"set"}
[2025-11-21 15:16:43] [INFO] App component rendered{"apiKey":"set"}
[2025-11-21 15:16:43] [INFO] App component rendered{"apiKey":"set"}
[2025-11-21 15:16:44] [INFO] App component rendered{"apiKey":"set"}
[2025-11-21 15:16:44] [INFO] App component rendered{"apiKey":"set"}
[2025-11-21 15:16:48] [INFO] App component rendered{"apiKey":"set"}
[2025-11-21 15:16:48] [INFO] App component rendered{"apiKey":"set"}
[2025-11-21 15:16:49] [INFO] App component rendered{"apiKey":"set"}
[2025-11-21 15:16:49] [INFO] App component rendered{"apiKey":"set"}
[2025-11-21 15:16:55] [INFO] App component rendered{"apiKey":"set"}
[2025-11-21 15:16:55] [INFO] App component rendered{"apiKey":"set"}
[2025-11-21 15:16:56] [INFO] App component rendered{"apiKey":"set"}
[2025-11-21 15:16:56] [INFO] App component rendered{"apiKey":"set"}
[2025-11-21 15:24:25] [INFO] App component rendered{"apiKey":"set"}
[2025-11-21 15:24:25] [INFO] App component rendered{"apiKey":"set"}
[2025-11-21 15:24:25] [INFO] [COLLECTIONS_LIST] CollectionsListPageContent component mounted{"initialCollectionsCount":513}
[2025-11-21 15:24:25] [INFO] [COLLECTIONS_LIST] CollectionsListPageContent component mounted{"initialCollectionsCount":513}
[2025-11-21 15:24:34] [INFO] App component rendered{"apiKey":"set"}
[2025-11-21 15:24:34] [INFO] App component rendered{"apiKey":"set"}
[2025-11-21 15:24:48] [INFO] App component rendered{"apiKey":"set"}
[2025-11-21 15:24:48] [INFO] App component rendered{"apiKey":"set"}
[2025-11-21 15:24:49] [INFO] App component rendered{"apiKey":"set"}
[2025-11-21 15:24:49] [INFO] App component rendered{"apiKey":"set"}
[2025-11-21 15:24:50] [INFO] App component rendered{"apiKey":"set"}
[2025-11-21 15:24:50] [INFO] App component rendered{"apiKey":"set"}
[2025-11-21 15:24:50] [INFO] App component rendered{"apiKey":"set"}
[2025-11-21 15:24:50] [INFO] App component rendered{"apiKey":"set"}
[2025-11-21 15:24:52] [INFO] [COLLECTIONS_LIST] Collections search submitted{"query":"Hijabs","statusFilter":"all"}
[2025-11-21 15:24:52] [INFO] [COLLECTIONS_LIST] Search suggestion selected{"collectionId":"gid://shopify/Collection/303119171643","collectionTitle":"Hijabs"}
[2025-11-21 15:24:52] [INFO] App component rendered{"apiKey":"set"}
[2025-11-21 15:24:52] [INFO] App component rendered{"apiKey":"set"}
[2025-11-21 15:24:56] [INFO] App component rendered{"apiKey":"set"}
[2025-11-21 15:24:56] [INFO] App component rendered{"apiKey":"set"}
[2025-11-21 15:25:01] [INFO] [COLLECTIONS_LIST] Navigate to collection settings clicked{"collectionId":"gid://shopify/Collection/303119171643","title":"Hijabs"}
[2025-11-21 15:25:01] [INFO] App component rendered{"apiKey":"set"}
[2025-11-21 15:25:01] [INFO] App component rendered{"apiKey":"set"}
[2025-11-21 15:25:05] [INFO] App component rendered{"apiKey":"set"}
[2025-11-21 15:25:05] [INFO] [COLLECTIONS_LIST] Collections search submitted{"query":"Hijabs","statusFilter":"all"}
[2025-11-21 15:25:06] [INFO] App component rendered{"apiKey":"set"}
[2025-11-21 15:25:06] [INFO] App component rendered{"apiKey":"set"}
[2025-11-21 15:25:06] [INFO] [COLLECTIONS_LIST] Navigate to collection settings clicked{"collectionId":"gid://shopify/Collection/303119171643","title":"Hijabs"}
[2025-11-21 15:25:05] [INFO] [COLLECTIONS_LIST] Search suggestion selected{"collectionId":"gid://shopify/Collection/303119171643","collectionTitle":"Hijabs"}
[2025-11-21 15:25:05] [INFO] App component rendered{"apiKey":"set"}
[2025-11-21 15:25:10] [INFO] App component rendered{"apiKey":"set"}
[2025-11-21 15:25:10] [INFO] App component rendered{"apiKey":"set"}
[2025-11-21 15:25:16] [INFO] App component rendered{"apiKey":"set"}
[2025-11-21 15:25:16] [INFO] App component rendered{"apiKey":"set"}
[2025-11-21 15:25:16] [INFO] App component rendered{"apiKey":"set"}
[2025-11-21 15:25:16] [INFO] App component rendered{"apiKey":"set"}
[2025-11-21 15:27:55] [INFO] App component rendered{"apiKey":"set"}
[2025-11-21 15:27:55] [INFO] App component rendered{"apiKey":"set"}
[2025-11-21 15:27:58] [INFO] App component rendered{"apiKey":"set"}
[2025-11-21 15:27:58] [INFO] App component rendered{"apiKey":"set"}
[2025-11-21 15:27:59] [INFO] App component rendered{"apiKey":"set"}
[2025-11-21 15:27:59] [INFO] App component rendered{"apiKey":"set"}
[2025-11-21 15:28:07] [INFO] App component rendered{"apiKey":"set"}
[2025-11-21 15:28:07] [INFO] App component rendered{"apiKey":"set"}
[2025-11-21 15:28:11] [INFO] App component rendered{"apiKey":"set"}
[2025-11-21 15:28:11] [INFO] App component rendered{"apiKey":"set"}
[2025-11-21 15:31:05] [INFO] App component rendered{"apiKey":"set"}
[2025-11-21 15:31:09] [INFO] App component rendered{"apiKey":"set"}
[2025-11-21 15:31:09] [INFO] App component rendered{"apiKey":"set"}
[2025-11-21 15:31:09] [INFO] App component rendered{"apiKey":"set"}
[2025-11-21 15:31:09] [INFO] App component rendered{"apiKey":"set"}
[2025-11-21 15:31:17] [INFO] App component rendered{"apiKey":"set"}
[2025-11-21 15:31:17] [INFO] App component rendered{"apiKey":"set"}
[2025-11-21 15:31:18] [INFO] App component rendered{"apiKey":"set"}
[2025-11-21 15:31:18] [INFO] App component rendered{"apiKey":"set"}
[2025-11-21 15:31:29] [INFO] App component rendered{"apiKey":"set"}
[2025-11-21 15:31:29] [INFO] App component rendered{"apiKey":"set"}
[2025-11-21 15:31:37] [INFO] App component rendered{"apiKey":"set"}
[2025-11-21 15:31:37] [INFO] App component rendered{"apiKey":"set"}
[2025-11-21 15:33:20] [INFO] App component rendered{"apiKey":"set"}
[2025-11-21 15:33:20] [INFO] App component rendered{"apiKey":"set"}
[2025-11-21 15:33:24] [INFO] App component rendered{"apiKey":"set"}
[2025-11-21 15:33:24] [INFO] App component rendered{"apiKey":"set"}
[2025-11-21 15:33:43] [INFO] App component rendered{"apiKey":"set"}
[2025-11-21 15:33:43] [INFO] App component rendered{"apiKey":"set"}
[2025-11-21 15:33:52] [INFO] App component rendered{"apiKey":"set"}
[2025-11-21 15:33:52] [INFO] App component rendered{"apiKey":"set"}
[2025-11-21 15:34:55] [INFO] App component rendered{"apiKey":"set"}
[2025-11-21 15:34:58] [INFO] App component rendered{"apiKey":"set"}
[2025-11-21 15:34:58] [INFO] App component rendered{"apiKey":"set"}
[2025-11-21 15:34:55] [INFO] App component rendered{"apiKey":"set"}
[2025-11-21 15:35:00] [INFO] App component rendered{"apiKey":"set"}
[2025-11-21 15:35:00] [INFO] App component rendered{"apiKey":"set"}
[2025-11-21 15:35:06] [INFO] App component rendered{"apiKey":"set"}
[2025-11-21 15:35:07] [INFO] App component rendered{"apiKey":"set"}
[2025-11-21 15:35:06] [INFO] App component rendered{"apiKey":"set"}
[2025-11-21 15:35:07] [INFO] App component rendered{"apiKey":"set"}
[2025-11-21 15:35:14] [INFO] App component rendered{"apiKey":"set"}
[2025-11-21 15:35:14] [INFO] App component rendered{"apiKey":"set"}
[2025-11-21 15:35:28] [INFO] App component rendered{"apiKey":"set"}
[2025-11-21 15:35:28] [INFO] App component rendered{"apiKey":"set"}
[2025-11-21 15:36:39] [INFO] App component rendered{"apiKey":"set"}
[2025-11-21 15:36:39] [INFO] App component rendered{"apiKey":"set"}
[2025-11-21 15:36:45] [INFO] App component rendered{"apiKey":"set"}
[2025-11-21 15:36:45] [INFO] App component rendered{"apiKey":"set"}
[2025-11-21 15:36:54] [INFO] App component rendered{"apiKey":"set"}
[2025-11-21 15:36:54] [INFO] App component rendered{"apiKey":"set"}
[2025-11-21 15:37:01] [INFO] App component rendered{"apiKey":"set"}
[2025-11-21 15:37:01] [INFO] App component rendered{"apiKey":"set"}
[2025-11-21 15:37:05] [INFO] App component rendered{"apiKey":"set"}
[2025-11-21 15:37:05] [INFO] App component rendered{"apiKey":"set"}
[2025-11-21 15:37:12] [INFO] App component rendered{"apiKey":"set"}
[2025-11-21 15:37:12] [INFO] App component rendered{"apiKey":"set"}
[2025-11-21 15:38:17] [INFO] App component rendered{"apiKey":"set"}
[2025-11-21 15:38:18] [INFO] App component rendered{"apiKey":"set"}
[2025-11-21 15:38:18] [INFO] App component rendered{"apiKey":"set"}
[2025-11-21 15:38:17] [INFO] App component rendered{"apiKey":"set"}
[2025-11-21 15:38:40] [INFO] App component rendered{"apiKey":"set"}
[2025-11-21 15:38:40] [INFO] App component rendered{"apiKey":"set"}
[2025-11-21 15:39:00] [INFO] App component rendered{"apiKey":"set"}
[2025-11-21 15:39:00] [INFO] App component rendered{"apiKey":"set"}
[2025-11-21 15:39:11] [INFO] App component rendered{"apiKey":"set"}
[2025-11-21 15:39:11] [INFO] App component rendered{"apiKey":"set"}
[2025-11-21 15:40:02] [INFO] App component rendered{"apiKey":"set"}
[2025-11-21 15:40:27] [INFO] App component rendered{"apiKey":"set"}
[2025-11-21 15:40:27] [INFO] App component rendered{"apiKey":"set"}
[2025-11-21 15:40:47] [INFO] App component rendered{"apiKey":"set"}
[2025-11-21 15:40:47] [INFO] App component rendered{"apiKey":"set"}
[2025-11-21 15:41:07] [INFO] App component rendered{"apiKey":"set"}
[2025-11-21 15:41:07] [INFO] App component rendered{"apiKey":"set"}
[2025-11-21 15:41:15] [INFO] App component rendered{"apiKey":"set"}
[2025-11-21 15:41:15] [INFO] App component rendered{"apiKey":"set"}
[2025-11-21 15:41:20] [INFO] App component rendered{"apiKey":"set"}
[2025-11-21 15:41:20] [INFO] App component rendered{"apiKey":"set"}
[2025-11-21 15:42:06] [INFO] App component rendered{"apiKey":"set"}
[2025-11-21 15:42:49] [INFO] App component rendered{"apiKey":"set"}
[2025-11-21 15:42:49] [INFO] App component rendered{"apiKey":"set"}
[2025-11-21 15:43:07] [INFO] App component rendered{"apiKey":"set"}
[2025-11-21 15:43:07] [INFO] App component rendered{"apiKey":"set"}
[2025-11-21 15:43:22] [INFO] App component rendered{"apiKey":"set"}
[2025-11-21 15:43:22] [INFO] App component rendered{"apiKey":"set"}
[2025-11-21 15:43:33] [INFO] App component rendered{"apiKey":"set"}
[2025-11-21 15:43:33] [INFO] App component rendered{"apiKey":"set"}
[2025-11-21 15:43:44] [INFO] App component rendered{"apiKey":"set"}
[2025-11-21 15:43:44] [INFO] App component rendered{"apiKey":"set"}
[2025-11-21 15:44:06] [INFO] App component rendered{"apiKey":"set"}
[2025-11-21 15:44:06] [INFO] App component rendered{"apiKey":"set"}
[2025-11-21 15:44:42] [INFO] App component rendered{"apiKey":"set"}
[2025-11-21 15:44:42] [INFO] App component rendered{"apiKey":"set"}
[2025-11-21 15:44:55] [INFO] App component rendered{"apiKey":"set"}
[2025-11-21 15:44:55] [INFO] App component rendered{"apiKey":"set"}
[2025-11-21 15:45:00] [INFO] App component rendered{"apiKey":"set"}
[2025-11-21 15:45:00] [INFO] App component rendered{"apiKey":"set"}
[2025-11-21 15:45:00] [INFO] [COLLECTIONS_LIST] Navigate to collection settings clicked{"collectionId":"gid://shopify/Collection/303119171643","title":"Hijabs"}
[2025-11-21 15:45:13] [INFO] App component rendered{"apiKey":"set"}
[2025-11-21 15:45:13] [INFO] App component rendered{"apiKey":"set"}
[2025-11-21 15:45:14] [INFO] App component rendered{"apiKey":"set"}
[2025-11-21 15:45:14] [INFO] App component rendered{"apiKey":"set"}
[2025-11-21 15:45:27] [INFO] App component rendered{"apiKey":"set"}
[2025-11-21 15:45:27] [INFO] App component rendered{"apiKey":"set"}
[2025-11-21 15:45:33] [INFO] App component rendered{"apiKey":"set"}
[2025-11-21 15:45:33] [INFO] App component rendered{"apiKey":"set"}
[2025-11-21 15:45:49] [INFO] App component rendered{"apiKey":"set"}
[2025-11-21 15:45:49] [INFO] App component rendered{"apiKey":"set"}
[2025-11-21 15:47:19] [INFO] App component rendered{"apiKey":"set"}
[2025-11-21 15:48:30] [INFO] App component rendered{"apiKey":"set"}
[2025-11-21 15:48:30] [INFO] App component rendered{"apiKey":"set"}
[2025-11-21 16:08:09] [INFO] App component rendered{"apiKey":"set"}
[2025-11-21 16:08:09] [INFO] App component rendered{"apiKey":"set"}
[2025-11-21 16:08:26] [INFO] App component rendered{"apiKey":"set"}
[2025-11-21 16:08:26] [INFO] App component rendered{"apiKey":"set"}
[2025-11-21 16:08:27] [INFO] App component rendered{"apiKey":"set"}
[2025-11-21 16:08:27] [INFO] App component rendered{"apiKey":"set"}
[2025-11-21 16:08:28] [INFO] App component rendered{"apiKey":"set"}
[2025-11-21 16:08:28] [INFO] App component rendered{"apiKey":"set"}
[2025-11-21 16:08:33] [INFO] App component rendered{"apiKey":"set"}
[2025-11-21 16:08:33] [INFO] App component rendered{"apiKey":"set"}
[2025-11-21 16:08:34] [INFO] App component rendered{"apiKey":"set"}
[2025-11-21 16:08:34] [INFO] App component rendered{"apiKey":"set"}
[2025-11-21 16:08:35] [INFO] App component rendered{"apiKey":"set"}
[2025-11-21 16:08:35] [INFO] App component rendered{"apiKey":"set"}
[2025-11-21 16:08:43] [INFO] App component rendered{"apiKey":"set"}
[2025-11-21 16:08:43] [INFO] App component rendered{"apiKey":"set"}
[2025-11-21 16:08:44] [INFO] App component rendered{"apiKey":"set"}
[2025-11-21 16:08:44] [INFO] App component rendered{"apiKey":"set"}
[2025-11-21 16:08:45] [INFO] App component rendered{"apiKey":"set"}
[2025-11-21 16:08:45] [INFO] App component rendered{"apiKey":"set"}
[2025-11-21 16:08:45] [INFO] App component rendered{"apiKey":"set"}
[2025-11-21 16:08:45] [INFO] App component rendered{"apiKey":"set"}
[2025-11-21 16:08:46] [INFO] App component rendered{"apiKey":"set"}
[2025-11-21 16:08:46] [INFO] App component rendered{"apiKey":"set"}
[2025-11-21 16:08:49] [INFO] App component rendered{"apiKey":"set"}
[2025-11-21 16:08:49] [INFO] App component rendered{"apiKey":"set"}
[2025-11-21 16:08:50] [INFO] App component rendered{"apiKey":"set"}
[2025-11-21 16:08:50] [INFO] App component rendered{"apiKey":"set"}
[2025-11-21 16:08:52] [INFO] App component rendered{"apiKey":"set"}
[2025-11-21 16:08:52] [INFO] App component rendered{"apiKey":"set"}
[2025-11-21 16:08:54] [INFO] App component rendered{"apiKey":"set"}
[2025-11-21 16:08:54] [INFO] App component rendered{"apiKey":"set"}
[2025-11-21 16:09:12] [INFO] App component rendered{"apiKey":"set"}
[2025-11-21 16:09:12] [INFO] App component rendered{"apiKey":"set"}
[2025-11-21 16:09:21] [INFO] App component rendered{"apiKey":"set"}
[2025-11-21 16:09:21] [INFO] App component rendered{"apiKey":"set"}
[2025-11-21 16:09:22] [INFO] App component rendered{"apiKey":"set"}
[2025-11-21 16:09:22] [INFO] App component rendered{"apiKey":"set"}
[2025-11-21 16:09:23] [INFO] App component rendered{"apiKey":"set"}
[2025-11-21 16:09:23] [INFO] App component rendered{"apiKey":"set"}
[2025-11-21 16:09:34] [INFO] App component rendered{"apiKey":"set"}
[2025-11-21 16:09:34] [INFO] App component rendered{"apiKey":"set"}
[2025-11-21 16:09:35] [INFO] App component rendered{"apiKey":"set"}
[2025-11-21 16:09:35] [INFO] App component rendered{"apiKey":"set"}
[2025-11-21 16:09:36] [INFO] App component rendered{"apiKey":"set"}
[2025-11-21 16:09:36] [INFO] App component rendered{"apiKey":"set"}
[2025-11-21 16:09:37] [INFO] App component rendered{"apiKey":"set"}
[2025-11-21 16:09:37] [INFO] App component rendered{"apiKey":"set"}
[2025-11-21 16:09:39] [INFO] App component rendered{"apiKey":"set"}
[2025-11-21 16:09:39] [INFO] App component rendered{"apiKey":"set"}
[2025-11-21 16:09:45] [INFO] App component rendered{"apiKey":"set"}
[2025-11-21 16:09:45] [INFO] App component rendered{"apiKey":"set"}
[2025-11-21 16:09:47] [INFO] App component rendered{"apiKey":"set"}
[2025-11-21 16:09:47] [INFO] App component rendered{"apiKey":"set"}
[2025-11-21 16:11:18] [INFO] App component rendered{"apiKey":"set"}
[2025-11-21 16:11:18] [INFO] App component rendered{"apiKey":"set"}
[2025-11-21 16:11:20] [INFO] App component rendered{"apiKey":"set"}
[2025-11-21 16:11:20] [INFO] App component rendered{"apiKey":"set"}
[2025-11-21 16:11:22] [INFO] App component rendered{"apiKey":"set"}
[2025-11-21 16:11:22] [INFO] App component rendered{"apiKey":"set"}
[2025-11-21 16:11:22] [INFO] App component rendered{"apiKey":"set"}
[2025-11-21 16:11:22] [INFO] App component rendered{"apiKey":"set"}
[2025-11-21 16:11:24] [INFO] App component rendered{"apiKey":"set"}
[2025-11-21 16:11:24] [INFO] App component rendered{"apiKey":"set"}
[2025-11-21 16:11:30] [INFO] App component rendered{"apiKey":"set"}
[2025-11-21 16:11:30] [INFO] App component rendered{"apiKey":"set"}
[2025-11-21 16:11:31] [INFO] App component rendered{"apiKey":"set"}
[2025-11-21 16:11:31] [INFO] App component rendered{"apiKey":"set"}
[2025-11-21 16:11:52] [INFO] App component rendered{"apiKey":"set"}
[2025-11-21 16:11:52] [INFO] App component rendered{"apiKey":"set"}
[2025-11-21 16:11:52] [INFO] App component rendered{"apiKey":"set"}
[2025-11-21 16:11:52] [INFO] App component rendered{"apiKey":"set"}
[2025-11-21 16:11:54] [INFO] App component rendered{"apiKey":"set"}
[2025-11-21 16:11:54] [INFO] App component rendered{"apiKey":"set"}
[2025-11-21 16:11:59] [INFO] App component rendered{"apiKey":"set"}
[2025-11-21 16:11:59] [INFO] App component rendered{"apiKey":"set"}
[2025-11-21 16:12:01] [INFO] App component rendered{"apiKey":"set"}
[2025-11-21 16:12:01] [INFO] App component rendered{"apiKey":"set"}
[2025-11-21 16:13:40] [INFO] App component rendered{"apiKey":"set"}
[2025-11-21 16:13:40] [INFO] App component rendered{"apiKey":"set"}
[2025-11-21 16:13:42] [INFO] App component rendered{"apiKey":"set"}
[2025-11-21 16:13:42] [INFO] App component rendered{"apiKey":"set"}
[2025-11-21 16:13:44] [INFO] App component rendered{"apiKey":"set"}
[2025-11-21 16:13:44] [INFO] App component rendered{"apiKey":"set"}
[2025-11-21 16:13:44] [INFO] App component rendered{"apiKey":"set"}
[2025-11-21 16:13:44] [INFO] App component rendered{"apiKey":"set"}
[2025-11-21 16:13:50] [INFO] App component rendered{"apiKey":"set"}
[2025-11-21 16:13:50] [INFO] App component rendered{"apiKey":"set"}
[2025-11-21 16:13:51] [INFO] App component rendered{"apiKey":"set"}
[2025-11-21 16:13:51] [INFO] App component rendered{"apiKey":"set"}
[2025-11-21 16:14:37] [INFO] App component rendered{"apiKey":"set"}
[2025-11-21 16:14:37] [INFO] App component rendered{"apiKey":"set"}
[2025-11-21 16:14:39] [INFO] App component rendered{"apiKey":"set"}
[2025-11-21 16:14:39] [INFO] App component rendered{"apiKey":"set"}
[2025-11-21 16:14:40] [INFO] App component rendered{"apiKey":"set"}
[2025-11-21 16:14:40] [INFO] App component rendered{"apiKey":"set"}
[2025-11-21 16:14:41] [INFO] App component rendered{"apiKey":"set"}
[2025-11-21 16:14:41] [INFO] App component rendered{"apiKey":"set"}
[2025-11-21 16:14:42] [INFO] App component rendered{"apiKey":"set"}
[2025-11-21 16:14:42] [INFO] App component rendered{"apiKey":"set"}
[2025-11-21 16:14:47] [INFO] App component rendered{"apiKey":"set"}
[2025-11-21 16:14:47] [INFO] App component rendered{"apiKey":"set"}
[2025-11-21 16:14:49] [INFO] App component rendered{"apiKey":"set"}
[2025-11-21 16:14:49] [INFO] App component rendered{"apiKey":"set"}
[2025-11-21 16:52:54] [INFO] App component rendered{"apiKey":"set"}
[2025-11-21 16:52:54] [INFO] App component rendered{"apiKey":"set"}
[2025-11-21 16:53:17] [INFO] App component rendered{"apiKey":"set"}
[2025-11-21 16:53:17] [INFO] App component rendered{"apiKey":"set"}
[2025-11-21 16:53:17] [INFO] App component rendered{"apiKey":"set"}
[2025-11-21 16:53:17] [INFO] App component rendered{"apiKey":"set"}
[2025-11-21 16:53:18] [INFO] App component rendered{"apiKey":"set"}
[2025-11-21 16:53:18] [INFO] App component rendered{"apiKey":"set"}
[2025-11-21 16:53:20] [INFO] App component rendered{"apiKey":"set"}
[2025-11-21 16:53:20] [INFO] App component rendered{"apiKey":"set"}
[2025-11-21 16:53:21] [INFO] App component rendered{"apiKey":"set"}
[2025-11-21 16:53:21] [INFO] App component rendered{"apiKey":"set"}
[2025-11-21 16:53:28] [INFO] App component rendered{"apiKey":"set"}
[2025-11-21 16:53:28] [INFO] App component rendered{"apiKey":"set"}
[2025-11-21 16:53:29] [INFO] App component rendered{"apiKey":"set"}
[2025-11-21 16:53:29] [INFO] App component rendered{"apiKey":"set"}
[2025-11-21 16:56:07] [INFO] App component rendered{"apiKey":"set"}
[2025-11-21 16:56:07] [INFO] App component rendered{"apiKey":"set"}
[2025-11-21 16:56:10] [INFO] App component rendered{"apiKey":"set"}
[2025-11-21 16:56:10] [INFO] App component rendered{"apiKey":"set"}
[2025-11-21 16:56:34] [INFO] App component rendered{"apiKey":"set"}
[2025-11-21 16:56:34] [INFO] App component rendered{"apiKey":"set"}
[2025-11-21 16:56:34] [INFO] App component rendered{"apiKey":"set"}
[2025-11-21 16:56:34] [INFO] App component rendered{"apiKey":"set"}
[2025-11-21 16:56:35] [INFO] App component rendered{"apiKey":"set"}
[2025-11-21 16:56:35] [INFO] App component rendered{"apiKey":"set"}
[2025-11-21 16:56:38] [INFO] App component rendered{"apiKey":"set"}
[2025-11-21 16:56:38] [INFO] App component rendered{"apiKey":"set"}
[2025-11-21 16:56:44] [INFO] App component rendered{"apiKey":"set"}
[2025-11-21 16:56:44] [INFO] App component rendered{"apiKey":"set"}
[2025-11-21 16:56:45] [INFO] App component rendered{"apiKey":"set"}
[2025-11-21 16:56:45] [INFO] App component rendered{"apiKey":"set"}
[2025-11-21 16:58:12] [INFO] App component rendered{"apiKey":"set"}
[2025-11-21 16:58:12] [INFO] App component rendered{"apiKey":"set"}
[2025-11-21 16:58:15] [INFO] App component rendered{"apiKey":"set"}
[2025-11-21 16:58:15] [INFO] App component rendered{"apiKey":"set"}
[2025-11-21 16:58:15] [INFO] App component rendered{"apiKey":"set"}
[2025-11-21 16:58:15] [INFO] App component rendered{"apiKey":"set"}
[2025-11-21 16:58:16] [INFO] App component rendered{"apiKey":"set"}
[2025-11-21 16:58:16] [INFO] App component rendered{"apiKey":"set"}
[2025-11-21 16:58:22] [INFO] App component rendered{"apiKey":"set"}
[2025-11-21 16:58:22] [INFO] App component rendered{"apiKey":"set"}
[2025-11-21 16:58:25] [INFO] App component rendered{"apiKey":"set"}
[2025-11-21 16:58:25] [INFO] App component rendered{"apiKey":"set"}
[2025-11-21 17:29:03] [INFO] App component rendered{"apiKey":"set"}
[2025-11-21 17:29:03] [INFO] App component rendered{"apiKey":"set"}
[2025-11-21 17:29:18] [INFO] App component rendered{"apiKey":"set"}
[2025-11-21 17:29:18] [INFO] App component rendered{"apiKey":"set"}
[2025-11-21 17:29:19] [INFO] App component rendered{"apiKey":"set"}
[2025-11-21 17:29:19] [INFO] App component rendered{"apiKey":"set"}
[2025-11-21 17:29:21] [INFO] App component rendered{"apiKey":"set"}
[2025-11-21 17:29:21] [INFO] App component rendered{"apiKey":"set"}
[2025-11-21 17:29:22] [INFO] App component rendered{"apiKey":"set"}
[2025-11-21 17:29:22] [INFO] App component rendered{"apiKey":"set"}
[2025-11-21 17:29:28] [INFO] App component rendered{"apiKey":"set"}
[2025-11-21 17:29:28] [INFO] App component rendered{"apiKey":"set"}
[2025-11-21 17:29:29] [INFO] App component rendered{"apiKey":"set"}
[2025-11-21 17:29:29] [INFO] App component rendered{"apiKey":"set"}
[2025-11-21 17:31:56] [INFO] App component rendered{"apiKey":"set"}
[2025-11-21 17:31:56] [INFO] App component rendered{"apiKey":"set"}
[2025-11-21 17:31:59] [INFO] App component rendered{"apiKey":"set"}
[2025-11-21 17:31:59] [INFO] App component rendered{"apiKey":"set"}
[2025-11-21 17:32:01] [INFO] App component rendered{"apiKey":"set"}
[2025-11-21 17:32:01] [INFO] App component rendered{"apiKey":"set"}
[2025-11-21 17:32:01] [INFO] App component rendered{"apiKey":"set"}
[2025-11-21 17:32:01] [INFO] App component rendered{"apiKey":"set"}
[2025-11-21 17:32:02] [INFO] App component rendered{"apiKey":"set"}
[2025-11-21 17:32:02] [INFO] App component rendered{"apiKey":"set"}
[2025-11-21 17:32:08] [INFO] App component rendered{"apiKey":"set"}
[2025-11-21 17:32:08] [INFO] App component rendered{"apiKey":"set"}
[2025-11-21 17:32:09] [INFO] App component rendered{"apiKey":"set"}
[2025-11-21 17:32:09] [INFO] App component rendered{"apiKey":"set"}
[2025-11-21 17:36:40] [INFO] App component rendered{"apiKey":"set"}
[2025-11-21 17:36:40] [INFO] App component rendered{"apiKey":"set"}
[2025-11-21 17:36:41] [INFO] App component rendered{"apiKey":"set"}
[2025-11-21 17:36:41] [INFO] App component rendered{"apiKey":"set"}
[2025-11-21 17:36:42] [INFO] App component rendered{"apiKey":"set"}
[2025-11-21 17:36:42] [INFO] App component rendered{"apiKey":"set"}
[2025-11-21 17:36:43] [INFO] App component rendered{"apiKey":"set"}
[2025-11-21 17:36:43] [INFO] App component rendered{"apiKey":"set"}
[2025-11-21 17:37:14] [INFO] App component rendered{"apiKey":"set"}
[2025-11-21 17:37:14] [INFO] App component rendered{"apiKey":"set"}
[2025-11-21 17:37:14] [INFO] App component rendered{"apiKey":"set"}
[2025-11-21 17:37:14] [INFO] App component rendered{"apiKey":"set"}
[2025-11-21 17:37:16] [INFO] App component rendered{"apiKey":"set"}
[2025-11-21 17:37:16] [INFO] App component rendered{"apiKey":"set"}
[2025-11-21 17:37:18] [INFO] App component rendered{"apiKey":"set"}
[2025-11-21 17:37:18] [INFO] App component rendered{"apiKey":"set"}
[2025-11-21 17:37:19] [INFO] App component rendered{"apiKey":"set"}
[2025-11-21 17:37:19] [INFO] App component rendered{"apiKey":"set"}
[2025-11-21 17:37:19] [INFO] App component rendered{"apiKey":"set"}
[2025-11-21 17:37:19] [INFO] App component rendered{"apiKey":"set"}
[2025-11-21 17:37:20] [INFO] App component rendered{"apiKey":"set"}
[2025-11-21 17:37:20] [INFO] App component rendered{"apiKey":"set"}
[2025-11-21 17:37:21] [INFO] App component rendered{"apiKey":"set"}
[2025-11-21 17:37:21] [INFO] App component rendered{"apiKey":"set"}
[2025-11-21 17:38:48] [INFO] App component rendered{"apiKey":"set"}
[2025-11-21 17:38:48] [INFO] App component rendered{"apiKey":"set"}
[2025-11-21 17:38:50] [INFO] App component rendered{"apiKey":"set"}
[2025-11-21 17:38:50] [INFO] App component rendered{"apiKey":"set"}
[2025-11-21 17:38:51] [INFO] App component rendered{"apiKey":"set"}
[2025-11-21 17:38:51] [INFO] App component rendered{"apiKey":"set"}
[2025-11-21 17:38:52] [INFO] App component rendered{"apiKey":"set"}
[2025-11-21 17:38:52] [INFO] App component rendered{"apiKey":"set"}
[2025-11-21 17:38:54] [INFO] App component rendered{"apiKey":"set"}
[2025-11-21 17:38:54] [INFO] App component rendered{"apiKey":"set"}
[2025-11-21 17:38:55] [INFO] App component rendered{"apiKey":"set"}
[2025-11-21 17:38:55] [INFO] App component rendered{"apiKey":"set"}
[2025-11-21 17:39:01] [INFO] App component rendered{"apiKey":"set"}
[2025-11-21 17:39:01] [INFO] App component rendered{"apiKey":"set"}
[2025-11-21 17:39:02] [INFO] App component rendered{"apiKey":"set"}
[2025-11-21 17:39:02] [INFO] App component rendered{"apiKey":"set"}
[2025-11-21 17:55:20] [INFO] App component rendered{"apiKey":"set"}
[2025-11-21 17:55:20] [INFO] App component rendered{"apiKey":"set"}
[2025-11-21 17:55:23] [INFO] App component rendered{"apiKey":"set"}
[2025-11-21 17:55:23] [INFO] App component rendered{"apiKey":"set"}
[2025-11-21 17:55:24] [INFO] App component rendered{"apiKey":"set"}
[2025-11-21 17:55:24] [INFO] App component rendered{"apiKey":"set"}
[2025-11-21 17:55:25] [INFO] App component rendered{"apiKey":"set"}
[2025-11-21 17:55:25] [INFO] App component rendered{"apiKey":"set"}
[2025-11-21 17:55:26] [INFO] App component rendered{"apiKey":"set"}
[2025-11-21 17:55:26] [INFO] App component rendered{"apiKey":"set"}
[2025-11-21 17:55:32] [INFO] App component rendered{"apiKey":"set"}
[2025-11-21 17:55:32] [INFO] App component rendered{"apiKey":"set"}
[2025-11-21 17:55:33] [INFO] App component rendered{"apiKey":"set"}
[2025-11-21 17:55:33] [INFO] App component rendered{"apiKey":"set"}
[2025-11-21 17:56:30] [INFO] App component rendered{"apiKey":"set"}
[2025-11-21 17:56:30] [INFO] App component rendered{"apiKey":"set"}
[2025-11-21 17:56:32] [INFO] App component rendered{"apiKey":"set"}
[2025-11-21 17:56:32] [INFO] App component rendered{"apiKey":"set"}
[2025-11-21 17:56:33] [INFO] App component rendered{"apiKey":"set"}
[2025-11-21 17:56:33] [INFO] App component rendered{"apiKey":"set"}
[2025-11-21 17:56:37] [INFO] App component rendered{"apiKey":"set"}
[2025-11-21 17:56:37] [INFO] App component rendered{"apiKey":"set"}
[2025-11-21 17:56:38] [INFO] App component rendered{"apiKey":"set"}
[2025-11-21 17:56:38] [INFO] App component rendered{"apiKey":"set"}
[2025-11-21 17:56:44] [INFO] App component rendered{"apiKey":"set"}
[2025-11-21 17:56:44] [INFO] App component rendered{"apiKey":"set"}
[2025-11-21 17:56:45] [INFO] App component rendered{"apiKey":"set"}
[2025-11-21 17:56:45] [INFO] App component rendered{"apiKey":"set"}
